#
# There is insufficient memory for the Java Runtime Environment to continue.
# Native memory allocation (mmap) failed to map 675282944 bytes. Error detail: G1 virtual space
# Possible reasons:
#   The system is out of physical RAM or swap space
#   This process is running with CompressedOops enabled, and the Java Heap may be blocking the growth of the native heap
# Possible solutions:
#   Reduce memory load on the system
#   Increase physical memory or swap space
#   Check if swap backing store is full
#   Decrease Java heap size (-Xmx/-Xms)
#   Decrease number of Java threads
#   Decrease Java thread stack sizes (-Xss)
#   Set larger code cache with -XX:ReservedCodeCacheSize=
#   JVM is running with Zero Based Compressed Oops mode in which the Java heap is
#     placed in the first 32GB address space. The Java Heap base address is the
#     maximum limit for the native heap growth. Please use -XX:HeapBaseMinAddress
#     to set the Java Heap base and to place the Java Heap above 32GB virtual address.
# This output file may be truncated or incomplete.
#
#  Out of Memory Error (os_windows.cpp:3703), pid=16628, tid=13492
#
# JRE version: Java(TM) SE Runtime Environment (23.0.1+11) (build 23.0.1+11-39)
# Java VM: Java HotSpot(TM) 64-Bit Server VM (23.0.1+11-39, mixed mode, sharing, tiered, compressed oops, compressed class ptrs, g1 gc, windows-amd64)
# No core dump will be written. Minidumps are not enabled by default on client versions of Windows
#

---------------  S U M M A R Y ------------

Command Line: -javaagent:D:\Ki2_Nam2\Chuyen_de_1\IntelliJ IDEA 2024.3.4.1\lib\idea_rt.jar=54546 -Dfile.encoding=UTF-8 -Dsun.stdout.encoding=UTF-8 -Dsun.stderr.encoding=UTF-8 --module-path=C:\Users\dipht\.m2\repository\commons-io\commons-io\2.11.0\commons-io-2.11.0.jar;C:\Users\dipht\.m2\repository\org\apache\commons\commons-compress\1.21\commons-compress-1.21.jar;C:\Users\dipht\.m2\repository\org\apache\logging\log4j\log4j-api\2.18.0\log4j-api-2.18.0.jar;D:\Nam3_Ki1\laptrinhmang\EducationalGameNetwork\Server\target\classes;C:\Users\dipht\.m2\repository\org\openjfx\javafx-controls\21.0.1\javafx-controls-21.0.1-win.jar;C:\Users\dipht\.m2\repository\org\openjfx\javafx-base\23\javafx-base-23-win.jar;C:\Users\dipht\.m2\repository\org\openjfx\javafx-graphics\23\javafx-graphics-23-win.jar;C:\Users\dipht\.m2\repository\org\apache\commons\commons-collections4\4.4\commons-collections4-4.4.jar;C:\Users\dipht\.m2\repository\org\apache\poi\poi\5.2.3\poi-5.2.3.jar;C:\Users\dipht\.m2\repository\org\apache\poi\poi-scratchpad\5.2.3\poi-scratchpad-5.2.3.jar;C:\Users\dipht\.m2\repository\org\apache\xmlbeans\xmlbeans\5.1.1\xmlbeans-5.1.1.jar;C:\Users\dipht\.m2\repository\com\zaxxer\SparseBitSet\1.2\SparseBitSet-1.2.jar;C:\Users\dipht\.m2\repository\org\apache\commons\commons-math3\3.6.1\commons-math3-3.6.1.jar;C:\Users\dipht\.m2\repository\org\apache\poi\poi-ooxml-lite\5.2.3\poi-ooxml-lite-5.2.3.jar;D:\Nam3_Ki1\laptrinhmang\EducationalGameNetwork\Common\target\classes;C:\Users\dipht\.m2\repository\commons-codec\commons-codec\1.15\commons-codec-1.15.jar;C:\Users\dipht\.m2\repository\org\openjfx\javafx-fxml\21.0.1\javafx-fxml-21.0.1-win.jar;C:\Users\dipht\.m2\repository\com\google\code\gson\gson\2.10.1\gson-2.10.1.jar;C:\Users\dipht\.m2\repository\org\apache\poi\poi-ooxml\5.2.3\poi-ooxml-5.2.3.jar -Djdk.module.main=com.edugame.server com.edugame.server/com.edugame.server.ServerGUIApplication

Host: 12th Gen Intel(R) Core(TM) i5-12450H, 12 cores, 15G,  Windows 11 , 64 bit Build 26100 (10.0.26100.7019)
Time: Tue Dec  2 15:04:20 2025 SE Asia Standard Time elapsed time: 151.170298 seconds (0d 0h 2m 31s)

---------------  T H R E A D  ---------------

Current thread (0x000001ff294f9210):  VMThread "VM Thread"          [id=13492, stack(0x0000005b00100000,0x0000005b00200000) (1024K)]

Stack: [0x0000005b00100000,0x0000005b00200000]
Native frames: (J=compiled Java code, j=interpreted, Vv=VM code, C=native code)
V  [jvm.dll+0x6e08b9]  (no source info available)
V  [jvm.dll+0x87dc83]  (no source info available)
V  [jvm.dll+0x88010e]  (no source info available)
V  [jvm.dll+0x8807e3]  (no source info available)
V  [jvm.dll+0x27aee6]  (no source info available)
V  [jvm.dll+0x6dd1c5]  (no source info available)
V  [jvm.dll+0x6d104a]  (no source info available)
V  [jvm.dll+0x35b3ea]  (no source info available)
V  [jvm.dll+0x3637f6]  (no source info available)
V  [jvm.dll+0x34fd5e]  (no source info available)
V  [jvm.dll+0x34fff8]  (no source info available)
V  [jvm.dll+0x3289cc]  (no source info available)
V  [jvm.dll+0x328a5a]  (no source info available)
V  [jvm.dll+0x374c92]  (no source info available)
V  [jvm.dll+0x373392]  (no source info available)
V  [jvm.dll+0x3281a7]  (no source info available)
V  [jvm.dll+0x372b44]  (no source info available)
V  [jvm.dll+0x886720]  (no source info available)
V  [jvm.dll+0x887a47]  (no source info available)
V  [jvm.dll+0x887f78]  (no source info available)
V  [jvm.dll+0x888213]  (no source info available)
V  [jvm.dll+0x824f8b]  (no source info available)
V  [jvm.dll+0x6df065]  (no source info available)
C  [ucrtbase.dll+0x37b0]  (no source info available)
C  [KERNEL32.DLL+0x2e8d7]  (no source info available)
C  [ntdll.dll+0x8c53c]  (no source info available)

VM_Operation (0x0000005b01afce30): G1CollectForAllocation, mode: safepoint, requested by thread 0x000001ff70366340


---------------  P R O C E S S  ---------------

Threads class SMR info:
_java_thread_list=0x000001ff7852e9e0, length=34, elements={
0x000001ff0a440f70, 0x000001ff29510340, 0x000001ff29510fa0, 0x000001ff29515b50,
0x000001ff29516810, 0x000001ff29518c30, 0x000001ff2951b7b0, 0x000001ff2951e300,
0x000001ff6f00b090, 0x000001ff2951be40, 0x000001ff2951c4d0, 0x000001ff2951aa90,
0x000001ff2951b120, 0x000001ff2951cb60, 0x000001ff295196e0, 0x000001ff29519d70,
0x000001ff2951a400, 0x000001ff70365cb0, 0x000001ff70366340, 0x000001ff703676f0,
0x000001ff70368aa0, 0x000001ff70367d80, 0x000001ff70368410, 0x000001ff703697c0,
0x000001ff70369e50, 0x000001ff7036a4e0, 0x000001ff7a8cccc0, 0x000001ff79c93bb0,
0x000001ff79c948d0, 0x000001ff79c94240, 0x000001ff79c955f0, 0x000001ff79c94f60,
0x000001ff7a11f7a0, 0x000001ff7a124cf0
}

Java Threads: ( => current thread )
  0x000001ff0a440f70 JavaThread "main"                              [_thread_blocked, id=6800, stack(0x0000005b7fa00000,0x0000005b7fb00000) (1024K)]
  0x000001ff29510340 JavaThread "Reference Handler"          daemon [_thread_blocked, id=18792, stack(0x0000005b00200000,0x0000005b00300000) (1024K)]
  0x000001ff29510fa0 JavaThread "Finalizer"                  daemon [_thread_blocked, id=7552, stack(0x0000005b00300000,0x0000005b00400000) (1024K)]
  0x000001ff29515b50 JavaThread "Signal Dispatcher"          daemon [_thread_blocked, id=8800, stack(0x0000005b00400000,0x0000005b00500000) (1024K)]
  0x000001ff29516810 JavaThread "Attach Listener"            daemon [_thread_blocked, id=8872, stack(0x0000005b00500000,0x0000005b00600000) (1024K)]
  0x000001ff29518c30 JavaThread "Service Thread"             daemon [_thread_blocked, id=17640, stack(0x0000005b00600000,0x0000005b00700000) (1024K)]
  0x000001ff2951b7b0 JavaThread "Monitor Deflation Thread"   daemon [_thread_blocked, id=1224, stack(0x0000005b00700000,0x0000005b00800000) (1024K)]
  0x000001ff2951e300 JavaThread "C2 CompilerThread0"         daemon [_thread_blocked, id=14800, stack(0x0000005b00800000,0x0000005b00900000) (1024K)]
  0x000001ff6f00b090 JavaThread "C1 CompilerThread0"         daemon [_thread_blocked, id=18172, stack(0x0000005b00900000,0x0000005b00a00000) (1024K)]
  0x000001ff2951be40 JavaThread "Common-Cleaner"             daemon [_thread_blocked, id=17852, stack(0x0000005b00a00000,0x0000005b00b00000) (1024K)]
  0x000001ff2951c4d0 JavaThread "Monitor Ctrl-Break"         daemon [_thread_in_native, id=17568, stack(0x0000005b00d00000,0x0000005b00e00000) (1024K)]
  0x000001ff2951aa90 JavaThread "Notification Thread"        daemon [_thread_blocked, id=10984, stack(0x0000005b00e00000,0x0000005b00f00000) (1024K)]
  0x000001ff2951b120 JavaThread "RMI TCP Accept-0"           daemon [_thread_in_native, id=15164, stack(0x0000005b01400000,0x0000005b01500000) (1024K)]
  0x000001ff2951cb60 JavaThread "RMI TCP Connection(1)-172.20.10.8" daemon [_thread_blocked, id=17440, stack(0x0000005b01500000,0x0000005b01600000) (1024K)]
  0x000001ff295196e0 JavaThread "RMI Scheduler(0)"           daemon [_thread_blocked, id=4364, stack(0x0000005b01600000,0x0000005b01700000) (1024K)]
  0x000001ff29519d70 JavaThread "QuantumRenderer-0"          daemon [_thread_blocked, id=8904, stack(0x0000005b01700000,0x0000005b01800000) (1024K)]
  0x000001ff2951a400 JavaThread "JMX server connection timeout 32" daemon [_thread_blocked, id=15188, stack(0x0000005b01800000,0x0000005b01900000) (1024K)]
  0x000001ff70365cb0 JavaThread "InvokeLaterDispatcher"      daemon [_thread_blocked, id=10556, stack(0x0000005b01900000,0x0000005b01a00000) (1024K)]
  0x000001ff70366340 JavaThread "JavaFX Application Thread"         [_thread_blocked, id=16664, stack(0x0000005b01a00000,0x0000005b01b00000) (1024K)]
  0x000001ff703676f0 JavaThread "JavaFX-Launcher"                   [_thread_blocked, id=11340, stack(0x0000005b02100000,0x0000005b02200000) (1024K)]
  0x000001ff70368aa0 JavaThread "Thread-2"                   daemon [_thread_blocked, id=14060, stack(0x0000005b02000000,0x0000005b02100000) (1024K)]
  0x000001ff70367d80 JavaThread "idle-timeout-task"          daemon [_thread_blocked, id=14912, stack(0x0000005b02200000,0x0000005b02300000) (1024K)]
  0x000001ff70368410 JavaThread "HTTP-Dispatcher"                   [_thread_blocked, id=11164, stack(0x0000005b02300000,0x0000005b02400000) (1024K)]
  0x000001ff703697c0 JavaThread "mysql-cj-abandoned-connection-cleanup" daemon [_thread_blocked, id=2404, stack(0x0000005b02400000,0x0000005b02500000) (1024K)]
  0x000001ff70369e50 JavaThread "Timer-0"                    daemon [_thread_blocked, id=10744, stack(0x0000005b02700000,0x0000005b02800000) (1024K)]
  0x000001ff7036a4e0 JavaThread "Prism Font Disposer"        daemon [_thread_blocked, id=6508, stack(0x0000005b02b00000,0x0000005b02c00000) (1024K)]
  0x000001ff7a8cccc0 JavaThread "Cleaner-0"                  daemon [_thread_blocked, id=18168, stack(0x0000005b02c00000,0x0000005b02d00000) (1024K)]
  0x000001ff79c93bb0 JavaThread "GameServer-Thread"          daemon [_thread_in_native, id=10908, stack(0x0000005b00b00000,0x0000005b00c00000) (1024K)]
  0x000001ff79c948d0 JavaThread "UDP-Receiver"               daemon [_thread_in_native, id=3720, stack(0x0000005b00c00000,0x0000005b00d00000) (1024K)]
  0x000001ff79c94240 JavaThread "TCP-Acceptor"               daemon [_thread_in_native, id=11368, stack(0x0000005b02d00000,0x0000005b02e00000) (1024K)]
  0x000001ff79c955f0 JavaThread "Voice-Cleanup"              daemon [_thread_blocked, id=9256, stack(0x0000005b02e00000,0x0000005b02f00000) (1024K)]
  0x000001ff79c94f60 JavaThread "ConnectionMonitor"          daemon [_thread_blocked, id=10688, stack(0x0000005b02f00000,0x0000005b03000000) (1024K)]
  0x000001ff7a11f7a0 JavaThread "Client-1"                   daemon [_thread_blocked, id=17648, stack(0x0000005b03000000,0x0000005b03100000) (1024K)]
  0x000001ff7a124cf0 JavaThread "Client-2"                   daemon [_thread_in_native, id=14264, stack(0x0000005b02800000,0x0000005b02900000) (1024K)]
Total: 34

Other Threads:
=>0x000001ff294f9210 VMThread "VM Thread"                           [id=13492, stack(0x0000005b00100000,0x0000005b00200000) (1024K)]
  0x000001ff294e6880 WatcherThread "VM Periodic Task Thread"        [id=2924, stack(0x0000005b00000000,0x0000005b00100000) (1024K)]
  0x000001ff0a4a7b00 WorkerThread "GC Thread#0"                     [id=12432, stack(0x0000005b7fb00000,0x0000005b7fc00000) (1024K)]
  0x000001ff6fadfa10 WorkerThread "GC Thread#1"                     [id=824, stack(0x0000005b00f00000,0x0000005b01000000) (1024K)]
  0x000001ff6f8cfe80 WorkerThread "GC Thread#2"                     [id=2668, stack(0x0000005b01000000,0x0000005b01100000) (1024K)]
  0x000001ff0a441d60 WorkerThread "GC Thread#3"                     [id=16748, stack(0x0000005b01100000,0x0000005b01200000) (1024K)]
  0x000001ff6fb7d7a0 WorkerThread "GC Thread#4"                     [id=7160, stack(0x0000005b01200000,0x0000005b01300000) (1024K)]
  0x000001ff6fb7db50 WorkerThread "GC Thread#5"                     [id=3880, stack(0x0000005b01300000,0x0000005b01400000) (1024K)]
  0x000001ff7047b7a0 WorkerThread "GC Thread#6"                     [id=14112, stack(0x0000005b01c00000,0x0000005b01d00000) (1024K)]
  0x000001ff7047bb50 WorkerThread "GC Thread#7"                     [id=4000, stack(0x0000005b01d00000,0x0000005b01e00000) (1024K)]
  0x000001ff7047bf00 WorkerThread "GC Thread#8"                     [id=4572, stack(0x0000005b01e00000,0x0000005b01f00000) (1024K)]
  0x000001ff7047c2b0 WorkerThread "GC Thread#9"                     [id=16844, stack(0x0000005b01f00000,0x0000005b02000000) (1024K)]
  0x000001ff0a4bc5b0 ConcurrentGCThread "G1 Main Marker"            [id=1772, stack(0x0000005b7fc00000,0x0000005b7fd00000) (1024K)]
  0x000001ff0a4bdfe0 WorkerThread "G1 Conc#0"                       [id=6860, stack(0x0000005b7fd00000,0x0000005b7fe00000) (1024K)]
  0x000001ff7047ca10 WorkerThread "G1 Conc#1"                       [id=15236, stack(0x0000005b02500000,0x0000005b02600000) (1024K)]
  0x000001ff7047c660 WorkerThread "G1 Conc#2"                       [id=19204, stack(0x0000005b02600000,0x0000005b02700000) (1024K)]
  0x000001ff0a4fe6b0 ConcurrentGCThread "G1 Refine#0"               [id=13332, stack(0x0000005b7fe00000,0x0000005b7ff00000) (1024K)]
  0x000001ff293a5fa0 ConcurrentGCThread "G1 Service"                [id=15468, stack(0x0000005b7ff00000,0x0000005b80000000) (1024K)]
Total: 18

Threads with active compile tasks:
C2 CompilerThread0  152217 8300       4       sun.nio.cs.StreamEncoder::writeBytes (93 bytes)
Total: 1

VM state: at safepoint (normal execution)

VM Mutex/Monitor currently owned by a thread:  ([mutex/lock_event])
[0x00007ffc975d3910] Threads_lock - owner thread: 0x000001ff294f9210
[0x00007ffc975d3a10] Heap_lock - owner thread: 0x000001ff70366340

Heap address: 0x0000000704800000, size: 4024 MB, Compressed Oops mode: Zero based, Oop shift amount: 3

CDS archive(s) mapped at: [0x000001ff2a000000-0x000001ff2ad70000-0x000001ff2ad70000), size 14090240, SharedBaseAddress: 0x000001ff2a000000, ArchiveRelocationMode: 1.
Compressed class space mapped at: 0x000001ff2b000000-0x000001ff6b000000, reserved size: 1073741824
Narrow klass base: 0x000001ff2a000000, Narrow klass shift: 0, Narrow klass range: 0x41000000

GC Precious Log:
 CardTable entry size: 512
 Card Set container configuration: InlinePtr #cards 4 size 8 Array Of Cards #cards 16 size 48 Howl #buckets 8 coarsen threshold 3686 Howl Bitmap #cards 512 size 80 coarsen threshold 460 Card regions per heap region 1 cards per card region 4096
 CPUs: 12 total, 12 available
 Memory: 16088M
 Large Page Support: Disabled
 NUMA Support: Disabled
 Compressed Oops: Enabled (Zero based)
 Heap Region Size: 2M
 Heap Min Capacity: 8M
 Heap Initial Capacity: 252M
 Heap Max Capacity: 4024M
 Pre-touch: Disabled
 Parallel Workers: 10
 Concurrent Workers: 3
 Concurrent Refinement Workers: 10
 Periodic GC: Disabled

Heap:
 garbage-first heap   total reserved 4120576K, committed 335872K, used 44685K [0x0000000704800000, 0x0000000800000000)
  region size 2048K, 1 young (2048K), 1 survivors (2048K)
 Metaspace       used 33617K, committed 34176K, reserved 1114112K
  class space    used 4650K, committed 4928K, reserved 1048576K

Heap Regions: E=young(eden), S=young(survivor), O=old, HS=humongous(starts), HC=humongous(continues), CS=collection set, F=free, TAMS=top-at-mark-start, PB=parsable bottom
|   0|0x0000000704800000, 0x0000000704a00000, 0x0000000704a00000|100%| O|  |TAMS 0x0000000704800000| PB 0x0000000704800000| Untracked |  0
|   1|0x0000000704a00000, 0x0000000704c00000, 0x0000000704c00000|100%| O|  |TAMS 0x0000000704a00000| PB 0x0000000704a00000| Untracked |  0
|   2|0x0000000704c00000, 0x0000000704e00000, 0x0000000704e00000|100%| O|  |TAMS 0x0000000704c00000| PB 0x0000000704c00000| Untracked |  0
|   3|0x0000000704e00000, 0x0000000705000000, 0x0000000705000000|100%| O|  |TAMS 0x0000000704e00000| PB 0x0000000704e00000| Untracked |  0
|   4|0x0000000705000000, 0x0000000705200000, 0x0000000705200000|100%|HS|  |TAMS 0x0000000705000000| PB 0x0000000705000000| Complete |  0
|   5|0x0000000705200000, 0x0000000705400000, 0x0000000705400000|100%|HS|  |TAMS 0x0000000705200000| PB 0x0000000705200000| Complete |  0
|   6|0x0000000705400000, 0x0000000705600000, 0x0000000705600000|100%|HC|  |TAMS 0x0000000705400000| PB 0x0000000705400000| Complete |  0
|   7|0x0000000705600000, 0x0000000705800000, 0x0000000705800000|100%|HC|  |TAMS 0x0000000705600000| PB 0x0000000705600000| Complete |  0
|   8|0x0000000705800000, 0x0000000705a00000, 0x0000000705a00000|100%| O|  |TAMS 0x0000000705800000| PB 0x0000000705800000| Untracked |  0
|   9|0x0000000705a00000, 0x0000000705c00000, 0x0000000705c00000|100%| O|  |TAMS 0x0000000705a00000| PB 0x0000000705a00000| Untracked |  0
|  10|0x0000000705c00000, 0x0000000705e00000, 0x0000000705e00000|100%| O|  |TAMS 0x0000000705c00000| PB 0x0000000705c00000| Untracked |  0
|  11|0x0000000705e00000, 0x0000000706000000, 0x0000000706000000|100%| O|  |TAMS 0x0000000705e00000| PB 0x0000000705e00000| Untracked |  0
|  12|0x0000000706000000, 0x0000000706200000, 0x0000000706200000|100%| O|  |TAMS 0x0000000706000000| PB 0x0000000706000000| Untracked |  0
|  13|0x0000000706200000, 0x0000000706400000, 0x0000000706400000|100%| O|  |TAMS 0x0000000706200000| PB 0x0000000706200000| Untracked |  0
|  14|0x0000000706400000, 0x0000000706600000, 0x0000000706600000|100%| O|  |TAMS 0x0000000706400000| PB 0x0000000706400000| Untracked |  0
|  15|0x0000000706600000, 0x0000000706800000, 0x0000000706800000|100%| O|  |TAMS 0x0000000706600000| PB 0x0000000706600000| Untracked |  0
|  16|0x0000000706800000, 0x0000000706a00000, 0x0000000706a00000|100%| O|  |TAMS 0x0000000706800000| PB 0x0000000706800000| Untracked |  0
|  17|0x0000000706a00000, 0x0000000706c00000, 0x0000000706c00000|100%| O|  |TAMS 0x0000000706a00000| PB 0x0000000706a00000| Untracked |  0
|  18|0x0000000706c00000, 0x0000000706e00000, 0x0000000706e00000|100%| O|  |TAMS 0x0000000706c00000| PB 0x0000000706c00000| Untracked |  0
|  19|0x0000000706e00000, 0x0000000706fa37d8, 0x0000000707000000| 81%| O|  |TAMS 0x0000000706e00000| PB 0x0000000706e00000| Untracked |  0
|  20|0x0000000707000000, 0x0000000707200000, 0x0000000707200000|100%| O|  |TAMS 0x0000000707000000| PB 0x0000000707000000| Untracked |  0
|  21|0x0000000707200000, 0x0000000707200000, 0x0000000707400000|  0%| F|  |TAMS 0x0000000707200000| PB 0x0000000707200000| Untracked |  0
|  22|0x0000000707400000, 0x0000000707400000, 0x0000000707600000|  0%| F|  |TAMS 0x0000000707400000| PB 0x0000000707400000| Untracked |  0
|  23|0x0000000707600000, 0x0000000707600000, 0x0000000707800000|  0%| F|  |TAMS 0x0000000707600000| PB 0x0000000707600000| Untracked |  0
|  24|0x0000000707800000, 0x0000000707800000, 0x0000000707a00000|  0%| F|  |TAMS 0x0000000707800000| PB 0x0000000707800000| Untracked |  0
|  25|0x0000000707a00000, 0x0000000707a00000, 0x0000000707c00000|  0%| F|  |TAMS 0x0000000707a00000| PB 0x0000000707a00000| Untracked |  0
|  26|0x0000000707c00000, 0x0000000707c00000, 0x0000000707e00000|  0%| F|  |TAMS 0x0000000707c00000| PB 0x0000000707c00000| Untracked |  0
|  27|0x0000000707e00000, 0x0000000707e00000, 0x0000000708000000|  0%| F|  |TAMS 0x0000000707e00000| PB 0x0000000707e00000| Untracked |  0
|  28|0x0000000708000000, 0x0000000708000000, 0x0000000708200000|  0%| F|  |TAMS 0x0000000708000000| PB 0x0000000708000000| Untracked |  0
|  29|0x0000000708200000, 0x0000000708200000, 0x0000000708400000|  0%| F|  |TAMS 0x0000000708200000| PB 0x0000000708200000| Untracked |  0
|  30|0x0000000708400000, 0x0000000708400000, 0x0000000708600000|  0%| F|  |TAMS 0x0000000708400000| PB 0x0000000708400000| Untracked |  0
|  31|0x0000000708600000, 0x0000000708600000, 0x0000000708800000|  0%| F|  |TAMS 0x0000000708600000| PB 0x0000000708600000| Untracked |  0
|  32|0x0000000708800000, 0x0000000708800000, 0x0000000708a00000|  0%| F|  |TAMS 0x0000000708800000| PB 0x0000000708800000| Untracked |  0
|  33|0x0000000708a00000, 0x0000000708a00000, 0x0000000708c00000|  0%| F|  |TAMS 0x0000000708a00000| PB 0x0000000708a00000| Untracked |  0
|  34|0x0000000708c00000, 0x0000000708c00000, 0x0000000708e00000|  0%| F|  |TAMS 0x0000000708c00000| PB 0x0000000708c00000| Untracked |  0
|  35|0x0000000708e00000, 0x0000000708e00000, 0x0000000709000000|  0%| F|  |TAMS 0x0000000708e00000| PB 0x0000000708e00000| Untracked |  0
|  36|0x0000000709000000, 0x0000000709000000, 0x0000000709200000|  0%| F|  |TAMS 0x0000000709000000| PB 0x0000000709000000| Untracked |  0
|  37|0x0000000709200000, 0x0000000709200000, 0x0000000709400000|  0%| F|  |TAMS 0x0000000709200000| PB 0x0000000709200000| Untracked |  0
|  38|0x0000000709400000, 0x0000000709400000, 0x0000000709600000|  0%| F|  |TAMS 0x0000000709400000| PB 0x0000000709400000| Untracked |  0
|  39|0x0000000709600000, 0x0000000709600000, 0x0000000709800000|  0%| F|  |TAMS 0x0000000709600000| PB 0x0000000709600000| Untracked |  0
|  40|0x0000000709800000, 0x0000000709800000, 0x0000000709a00000|  0%| F|  |TAMS 0x0000000709800000| PB 0x0000000709800000| Untracked |  0
|  41|0x0000000709a00000, 0x0000000709a00000, 0x0000000709c00000|  0%| F|  |TAMS 0x0000000709a00000| PB 0x0000000709a00000| Untracked |  0
|  42|0x0000000709c00000, 0x0000000709c00000, 0x0000000709e00000|  0%| F|  |TAMS 0x0000000709c00000| PB 0x0000000709c00000| Untracked |  0
|  43|0x0000000709e00000, 0x0000000709e00000, 0x000000070a000000|  0%| F|  |TAMS 0x0000000709e00000| PB 0x0000000709e00000| Untracked |  0
|  44|0x000000070a000000, 0x000000070a000000, 0x000000070a200000|  0%| F|  |TAMS 0x000000070a000000| PB 0x000000070a000000| Untracked |  0
|  45|0x000000070a200000, 0x000000070a200000, 0x000000070a400000|  0%| F|  |TAMS 0x000000070a200000| PB 0x000000070a200000| Untracked |  0
|  46|0x000000070a400000, 0x000000070a400000, 0x000000070a600000|  0%| F|  |TAMS 0x000000070a400000| PB 0x000000070a400000| Untracked |  0
|  47|0x000000070a600000, 0x000000070a600000, 0x000000070a800000|  0%| F|  |TAMS 0x000000070a600000| PB 0x000000070a600000| Untracked |  0
|  48|0x000000070a800000, 0x000000070a800000, 0x000000070aa00000|  0%| F|  |TAMS 0x000000070a800000| PB 0x000000070a800000| Untracked |  0
|  49|0x000000070aa00000, 0x000000070aa00000, 0x000000070ac00000|  0%| F|  |TAMS 0x000000070aa00000| PB 0x000000070aa00000| Untracked |  0
|  50|0x000000070ac00000, 0x000000070ac00000, 0x000000070ae00000|  0%| F|  |TAMS 0x000000070ac00000| PB 0x000000070ac00000| Untracked |  0
|  51|0x000000070ae00000, 0x000000070ae00000, 0x000000070b000000|  0%| F|  |TAMS 0x000000070ae00000| PB 0x000000070ae00000| Untracked |  0
|  52|0x000000070b000000, 0x000000070b000000, 0x000000070b200000|  0%| F|  |TAMS 0x000000070b000000| PB 0x000000070b000000| Untracked |  0
|  53|0x000000070b200000, 0x000000070b200000, 0x000000070b400000|  0%| F|  |TAMS 0x000000070b200000| PB 0x000000070b200000| Untracked |  0
|  54|0x000000070b400000, 0x000000070b400000, 0x000000070b600000|  0%| F|  |TAMS 0x000000070b400000| PB 0x000000070b400000| Untracked |  0
|  55|0x000000070b600000, 0x000000070b600000, 0x000000070b800000|  0%| F|  |TAMS 0x000000070b600000| PB 0x000000070b600000| Untracked |  0
|  56|0x000000070b800000, 0x000000070b800000, 0x000000070ba00000|  0%| F|  |TAMS 0x000000070b800000| PB 0x000000070b800000| Untracked |  0
|  57|0x000000070ba00000, 0x000000070ba00000, 0x000000070bc00000|  0%| F|  |TAMS 0x000000070ba00000| PB 0x000000070ba00000| Untracked |  0
|  58|0x000000070bc00000, 0x000000070bc00000, 0x000000070be00000|  0%| F|  |TAMS 0x000000070bc00000| PB 0x000000070bc00000| Untracked |  0
|  59|0x000000070be00000, 0x000000070be00000, 0x000000070c000000|  0%| F|  |TAMS 0x000000070be00000| PB 0x000000070be00000| Untracked |  0
|  60|0x000000070c000000, 0x000000070c000000, 0x000000070c200000|  0%| F|  |TAMS 0x000000070c000000| PB 0x000000070c000000| Untracked |  0
|  61|0x000000070c200000, 0x000000070c200000, 0x000000070c400000|  0%| F|  |TAMS 0x000000070c200000| PB 0x000000070c200000| Untracked |  0
|  62|0x000000070c400000, 0x000000070c400000, 0x000000070c600000|  0%| F|  |TAMS 0x000000070c400000| PB 0x000000070c400000| Untracked |  0
|  63|0x000000070c600000, 0x000000070c600000, 0x000000070c800000|  0%| F|  |TAMS 0x000000070c600000| PB 0x000000070c600000| Untracked |  0
|  64|0x000000070c800000, 0x000000070c800000, 0x000000070ca00000|  0%| F|  |TAMS 0x000000070c800000| PB 0x000000070c800000| Untracked |  0
|  65|0x000000070ca00000, 0x000000070ca00000, 0x000000070cc00000|  0%| F|  |TAMS 0x000000070ca00000| PB 0x000000070ca00000| Untracked |  0
|  66|0x000000070cc00000, 0x000000070cc00000, 0x000000070ce00000|  0%| F|  |TAMS 0x000000070cc00000| PB 0x000000070cc00000| Untracked |  0
|  67|0x000000070ce00000, 0x000000070ce00000, 0x000000070d000000|  0%| F|  |TAMS 0x000000070ce00000| PB 0x000000070ce00000| Untracked |  0
|  68|0x000000070d000000, 0x000000070d000000, 0x000000070d200000|  0%| F|  |TAMS 0x000000070d000000| PB 0x000000070d000000| Untracked |  0
|  69|0x000000070d200000, 0x000000070d200000, 0x000000070d400000|  0%| F|  |TAMS 0x000000070d200000| PB 0x000000070d200000| Untracked |  0
|  70|0x000000070d400000, 0x000000070d400000, 0x000000070d600000|  0%| F|  |TAMS 0x000000070d400000| PB 0x000000070d400000| Untracked |  0
|  71|0x000000070d600000, 0x000000070d600000, 0x000000070d800000|  0%| F|  |TAMS 0x000000070d600000| PB 0x000000070d600000| Untracked |  0
|  72|0x000000070d800000, 0x000000070d800000, 0x000000070da00000|  0%| F|  |TAMS 0x000000070d800000| PB 0x000000070d800000| Untracked |  0
|  73|0x000000070da00000, 0x000000070da00000, 0x000000070dc00000|  0%| F|  |TAMS 0x000000070da00000| PB 0x000000070da00000| Untracked |  0
|  74|0x000000070dc00000, 0x000000070dc00000, 0x000000070de00000|  0%| F|  |TAMS 0x000000070dc00000| PB 0x000000070dc00000| Untracked |  0
|  75|0x000000070de00000, 0x000000070de00000, 0x000000070e000000|  0%| F|  |TAMS 0x000000070de00000| PB 0x000000070de00000| Untracked |  0
|  76|0x000000070e000000, 0x000000070e000000, 0x000000070e200000|  0%| F|  |TAMS 0x000000070e000000| PB 0x000000070e000000| Untracked |  0
|  77|0x000000070e200000, 0x000000070e200000, 0x000000070e400000|  0%| F|  |TAMS 0x000000070e200000| PB 0x000000070e200000| Untracked |  0
|  78|0x000000070e400000, 0x000000070e400000, 0x000000070e600000|  0%| F|  |TAMS 0x000000070e400000| PB 0x000000070e400000| Untracked |  0
|  79|0x000000070e600000, 0x000000070e600000, 0x000000070e800000|  0%| F|  |TAMS 0x000000070e600000| PB 0x000000070e600000| Untracked |  0
|  80|0x000000070e800000, 0x000000070e800000, 0x000000070ea00000|  0%| F|  |TAMS 0x000000070e800000| PB 0x000000070e800000| Untracked |  0
|  81|0x000000070ea00000, 0x000000070ea00000, 0x000000070ec00000|  0%| F|  |TAMS 0x000000070ea00000| PB 0x000000070ea00000| Untracked |  0
|  82|0x000000070ec00000, 0x000000070ec00000, 0x000000070ee00000|  0%| F|  |TAMS 0x000000070ec00000| PB 0x000000070ec00000| Untracked |  0
|  83|0x000000070ee00000, 0x000000070ee00000, 0x000000070f000000|  0%| F|  |TAMS 0x000000070ee00000| PB 0x000000070ee00000| Untracked |  0
|  84|0x000000070f000000, 0x000000070f000000, 0x000000070f200000|  0%| F|  |TAMS 0x000000070f000000| PB 0x000000070f000000| Untracked |  0
|  85|0x000000070f200000, 0x000000070f200000, 0x000000070f400000|  0%| F|  |TAMS 0x000000070f200000| PB 0x000000070f200000| Untracked |  0
|  86|0x000000070f400000, 0x000000070f400000, 0x000000070f600000|  0%| F|  |TAMS 0x000000070f400000| PB 0x000000070f400000| Untracked |  0
|  87|0x000000070f600000, 0x000000070f600000, 0x000000070f800000|  0%| F|  |TAMS 0x000000070f600000| PB 0x000000070f600000| Untracked |  0
|  88|0x000000070f800000, 0x000000070f800000, 0x000000070fa00000|  0%| F|  |TAMS 0x000000070f800000| PB 0x000000070f800000| Untracked |  0
|  89|0x000000070fa00000, 0x000000070fa00000, 0x000000070fc00000|  0%| F|  |TAMS 0x000000070fa00000| PB 0x000000070fa00000| Untracked |  0
|  90|0x000000070fc00000, 0x000000070fc00000, 0x000000070fe00000|  0%| F|  |TAMS 0x000000070fc00000| PB 0x000000070fc00000| Untracked |  0
|  91|0x000000070fe00000, 0x000000070fe00000, 0x0000000710000000|  0%| F|  |TAMS 0x000000070fe00000| PB 0x000000070fe00000| Untracked |  0
|  92|0x0000000710000000, 0x0000000710000000, 0x0000000710200000|  0%| F|  |TAMS 0x0000000710000000| PB 0x0000000710000000| Untracked |  0
|  93|0x0000000710200000, 0x0000000710200000, 0x0000000710400000|  0%| F|  |TAMS 0x0000000710200000| PB 0x0000000710200000| Untracked |  0
|  94|0x0000000710400000, 0x0000000710400000, 0x0000000710600000|  0%| F|  |TAMS 0x0000000710400000| PB 0x0000000710400000| Untracked |  0
|  95|0x0000000710600000, 0x0000000710600000, 0x0000000710800000|  0%| F|  |TAMS 0x0000000710600000| PB 0x0000000710600000| Untracked |  0
|  96|0x0000000710800000, 0x0000000710800000, 0x0000000710a00000|  0%| F|  |TAMS 0x0000000710800000| PB 0x0000000710800000| Untracked |  0
|  97|0x0000000710a00000, 0x0000000710a00000, 0x0000000710c00000|  0%| F|  |TAMS 0x0000000710a00000| PB 0x0000000710a00000| Untracked |  0
|  98|0x0000000710c00000, 0x0000000710c00000, 0x0000000710e00000|  0%| F|  |TAMS 0x0000000710c00000| PB 0x0000000710c00000| Untracked |  0
|  99|0x0000000710e00000, 0x0000000710e00000, 0x0000000711000000|  0%| F|  |TAMS 0x0000000710e00000| PB 0x0000000710e00000| Untracked |  0
| 100|0x0000000711000000, 0x0000000711000000, 0x0000000711200000|  0%| F|  |TAMS 0x0000000711000000| PB 0x0000000711000000| Untracked |  0
| 101|0x0000000711200000, 0x0000000711200000, 0x0000000711400000|  0%| F|  |TAMS 0x0000000711200000| PB 0x0000000711200000| Untracked |  0
| 102|0x0000000711400000, 0x0000000711400000, 0x0000000711600000|  0%| F|  |TAMS 0x0000000711400000| PB 0x0000000711400000| Untracked |  0
| 103|0x0000000711600000, 0x0000000711600000, 0x0000000711800000|  0%| F|  |TAMS 0x0000000711600000| PB 0x0000000711600000| Untracked |  0
| 104|0x0000000711800000, 0x0000000711800000, 0x0000000711a00000|  0%| F|  |TAMS 0x0000000711800000| PB 0x0000000711800000| Untracked |  0
| 105|0x0000000711a00000, 0x0000000711a00000, 0x0000000711c00000|  0%| F|  |TAMS 0x0000000711a00000| PB 0x0000000711a00000| Untracked |  0
| 106|0x0000000711c00000, 0x0000000711c00000, 0x0000000711e00000|  0%| F|  |TAMS 0x0000000711c00000| PB 0x0000000711c00000| Untracked |  0
| 107|0x0000000711e00000, 0x0000000711e00000, 0x0000000712000000|  0%| F|  |TAMS 0x0000000711e00000| PB 0x0000000711e00000| Untracked |  0
| 108|0x0000000712000000, 0x0000000712000000, 0x0000000712200000|  0%| F|  |TAMS 0x0000000712000000| PB 0x0000000712000000| Untracked |  0
| 109|0x0000000712200000, 0x0000000712200000, 0x0000000712400000|  0%| F|  |TAMS 0x0000000712200000| PB 0x0000000712200000| Untracked |  0
| 110|0x0000000712400000, 0x0000000712400000, 0x0000000712600000|  0%| F|  |TAMS 0x0000000712400000| PB 0x0000000712400000| Untracked |  0
| 111|0x0000000712600000, 0x0000000712600000, 0x0000000712800000|  0%| F|  |TAMS 0x0000000712600000| PB 0x0000000712600000| Untracked |  0
| 112|0x0000000712800000, 0x0000000712800000, 0x0000000712a00000|  0%| F|  |TAMS 0x0000000712800000| PB 0x0000000712800000| Untracked |  0
| 113|0x0000000712a00000, 0x0000000712a00000, 0x0000000712c00000|  0%| F|  |TAMS 0x0000000712a00000| PB 0x0000000712a00000| Untracked |  0
| 114|0x0000000712c00000, 0x0000000712c00000, 0x0000000712e00000|  0%| F|  |TAMS 0x0000000712c00000| PB 0x0000000712c00000| Untracked |  0
| 115|0x0000000712e00000, 0x0000000712e00000, 0x0000000713000000|  0%| F|  |TAMS 0x0000000712e00000| PB 0x0000000712e00000| Untracked |  0
| 116|0x0000000713000000, 0x0000000713000000, 0x0000000713200000|  0%| F|  |TAMS 0x0000000713000000| PB 0x0000000713000000| Untracked |  0
| 117|0x0000000713200000, 0x0000000713200000, 0x0000000713400000|  0%| F|  |TAMS 0x0000000713200000| PB 0x0000000713200000| Untracked |  0
| 118|0x0000000713400000, 0x0000000713400000, 0x0000000713600000|  0%| F|  |TAMS 0x0000000713400000| PB 0x0000000713400000| Untracked |  0
| 119|0x0000000713600000, 0x0000000713600000, 0x0000000713800000|  0%| F|  |TAMS 0x0000000713600000| PB 0x0000000713600000| Untracked |  0
| 120|0x0000000713800000, 0x0000000713800000, 0x0000000713a00000|  0%| F|  |TAMS 0x0000000713800000| PB 0x0000000713800000| Untracked |  0
| 121|0x0000000713a00000, 0x0000000713a00000, 0x0000000713c00000|  0%| F|  |TAMS 0x0000000713a00000| PB 0x0000000713a00000| Untracked |  0
| 122|0x0000000713c00000, 0x0000000713c00000, 0x0000000713e00000|  0%| F|  |TAMS 0x0000000713c00000| PB 0x0000000713c00000| Untracked |  0
| 123|0x0000000713e00000, 0x0000000713e00000, 0x0000000714000000|  0%| F|  |TAMS 0x0000000713e00000| PB 0x0000000713e00000| Untracked |  0
| 124|0x0000000714000000, 0x0000000714000000, 0x0000000714200000|  0%| F|  |TAMS 0x0000000714000000| PB 0x0000000714000000| Untracked |  0
| 125|0x0000000714200000, 0x0000000714200000, 0x0000000714400000|  0%| F|  |TAMS 0x0000000714200000| PB 0x0000000714200000| Untracked |  0
| 126|0x0000000714400000, 0x0000000714400000, 0x0000000714600000|  0%| F|  |TAMS 0x0000000714400000| PB 0x0000000714400000| Untracked |  0
| 127|0x0000000714600000, 0x0000000714600000, 0x0000000714800000|  0%| F|  |TAMS 0x0000000714600000| PB 0x0000000714600000| Untracked |  0
| 128|0x0000000714800000, 0x0000000714800000, 0x0000000714a00000|  0%| F|  |TAMS 0x0000000714800000| PB 0x0000000714800000| Untracked |  0
| 129|0x0000000714a00000, 0x0000000714a00000, 0x0000000714c00000|  0%| F|  |TAMS 0x0000000714a00000| PB 0x0000000714a00000| Untracked |  0
| 130|0x0000000714c00000, 0x0000000714c00000, 0x0000000714e00000|  0%| F|  |TAMS 0x0000000714c00000| PB 0x0000000714c00000| Untracked |  0
| 131|0x0000000714e00000, 0x0000000714e00000, 0x0000000715000000|  0%| F|  |TAMS 0x0000000714e00000| PB 0x0000000714e00000| Untracked |  0
| 132|0x0000000715000000, 0x0000000715000000, 0x0000000715200000|  0%| F|  |TAMS 0x0000000715000000| PB 0x0000000715000000| Untracked |  0
| 133|0x0000000715200000, 0x0000000715200000, 0x0000000715400000|  0%| F|  |TAMS 0x0000000715200000| PB 0x0000000715200000| Untracked |  0
| 134|0x0000000715400000, 0x0000000715400000, 0x0000000715600000|  0%| F|  |TAMS 0x0000000715400000| PB 0x0000000715400000| Untracked |  0
| 135|0x0000000715600000, 0x0000000715600000, 0x0000000715800000|  0%| F|  |TAMS 0x0000000715600000| PB 0x0000000715600000| Untracked |  0
| 136|0x0000000715800000, 0x0000000715800000, 0x0000000715a00000|  0%| F|  |TAMS 0x0000000715800000| PB 0x0000000715800000| Untracked |  0
| 137|0x0000000715a00000, 0x0000000715a00000, 0x0000000715c00000|  0%| F|  |TAMS 0x0000000715a00000| PB 0x0000000715a00000| Untracked |  0
| 138|0x0000000715c00000, 0x0000000715c00000, 0x0000000715e00000|  0%| F|  |TAMS 0x0000000715c00000| PB 0x0000000715c00000| Untracked |  0
| 139|0x0000000715e00000, 0x0000000715e00000, 0x0000000716000000|  0%| F|  |TAMS 0x0000000715e00000| PB 0x0000000715e00000| Untracked |  0
| 140|0x0000000716000000, 0x0000000716000000, 0x0000000716200000|  0%| F|  |TAMS 0x0000000716000000| PB 0x0000000716000000| Untracked |  0
| 141|0x0000000716200000, 0x0000000716200000, 0x0000000716400000|  0%| F|  |TAMS 0x0000000716200000| PB 0x0000000716200000| Untracked |  0
| 142|0x0000000716400000, 0x0000000716400000, 0x0000000716600000|  0%| F|  |TAMS 0x0000000716400000| PB 0x0000000716400000| Untracked |  0
| 143|0x0000000716600000, 0x0000000716600000, 0x0000000716800000|  0%| F|  |TAMS 0x0000000716600000| PB 0x0000000716600000| Untracked |  0
| 144|0x0000000716800000, 0x0000000716800000, 0x0000000716a00000|  0%| F|  |TAMS 0x0000000716800000| PB 0x0000000716800000| Untracked |  0
| 145|0x0000000716a00000, 0x0000000716a00000, 0x0000000716c00000|  0%| F|  |TAMS 0x0000000716a00000| PB 0x0000000716a00000| Untracked |  0
| 146|0x0000000716c00000, 0x0000000716c00000, 0x0000000716e00000|  0%| F|  |TAMS 0x0000000716c00000| PB 0x0000000716c00000| Untracked |  0
| 147|0x0000000716e00000, 0x0000000716e00000, 0x0000000717000000|  0%| F|  |TAMS 0x0000000716e00000| PB 0x0000000716e00000| Untracked |  0
| 148|0x0000000717000000, 0x0000000717000000, 0x0000000717200000|  0%| F|  |TAMS 0x0000000717000000| PB 0x0000000717000000| Untracked |  0
| 149|0x0000000717200000, 0x0000000717200000, 0x0000000717400000|  0%| F|  |TAMS 0x0000000717200000| PB 0x0000000717200000| Untracked |  0
| 150|0x0000000717400000, 0x0000000717400000, 0x0000000717600000|  0%| F|  |TAMS 0x0000000717400000| PB 0x0000000717400000| Untracked |  0
| 151|0x0000000717600000, 0x0000000717600000, 0x0000000717800000|  0%| F|  |TAMS 0x0000000717600000| PB 0x0000000717600000| Untracked |  0
| 152|0x0000000717800000, 0x0000000717800000, 0x0000000717a00000|  0%| F|  |TAMS 0x0000000717800000| PB 0x0000000717800000| Untracked |  0
| 153|0x0000000717a00000, 0x0000000717a00000, 0x0000000717c00000|  0%| F|  |TAMS 0x0000000717a00000| PB 0x0000000717a00000| Untracked |  0
| 154|0x0000000717c00000, 0x0000000717c00000, 0x0000000717e00000|  0%| F|  |TAMS 0x0000000717c00000| PB 0x0000000717c00000| Untracked |  0
| 155|0x0000000717e00000, 0x0000000718000000, 0x0000000718000000|100%| S|CS|TAMS 0x0000000717e00000| PB 0x0000000717e00000| Complete |  0
| 156|0x0000000718000000, 0x0000000718000000, 0x0000000718200000|  0%| F|  |TAMS 0x0000000718000000| PB 0x0000000718000000| Untracked |  0
| 157|0x0000000718200000, 0x0000000718200000, 0x0000000718400000|  0%| F|  |TAMS 0x0000000718200000| PB 0x0000000718200000| Untracked |  0
| 158|0x0000000718400000, 0x0000000718400000, 0x0000000718600000|  0%| F|  |TAMS 0x0000000718400000| PB 0x0000000718400000| Untracked |  0
| 159|0x0000000718600000, 0x0000000718600000, 0x0000000718800000|  0%| F|  |TAMS 0x0000000718600000| PB 0x0000000718600000| Untracked |  0
| 160|0x0000000718800000, 0x0000000718800000, 0x0000000718a00000|  0%| F|  |TAMS 0x0000000718800000| PB 0x0000000718800000| Untracked |  0
| 161|0x0000000718a00000, 0x0000000718a00000, 0x0000000718c00000|  0%| F|  |TAMS 0x0000000718a00000| PB 0x0000000718a00000| Untracked |  0
| 162|0x0000000718c00000, 0x0000000718c00000, 0x0000000718e00000|  0%| F|  |TAMS 0x0000000718c00000| PB 0x0000000718c00000| Untracked |  0
| 163|0x0000000718e00000, 0x0000000718e00000, 0x0000000719000000|  0%| F|  |TAMS 0x0000000718e00000| PB 0x0000000718e00000| Untracked |  0

Card table byte_map: [0x000001ff229b0000,0x000001ff23190000] _byte_map_base: 0x000001ff1f18c000

Marking Bits: (CMBitMap*) 0x000001ff0a4a8210
 Bits: [0x000001ff23190000, 0x000001ff27070000)

Polling page: 0x000001ff08420000

Metaspace:

Usage:
  Non-class:     28.29 MB used.
      Class:      4.54 MB used.
       Both:     32.83 MB used.

Virtual space:
  Non-class space:       64.00 MB reserved,      28.56 MB ( 45%) committed,  1 nodes.
      Class space:        1.00 GB reserved,       4.81 MB ( <1%) committed,  1 nodes.
             Both:        1.06 GB reserved,      33.38 MB (  3%) committed. 

Chunk freelists:
   Non-Class:  3.33 MB
       Class:  11.16 MB
        Both:  14.48 MB

MaxMetaspaceSize: unlimited
CompressedClassSpaceSize: 1.00 GB
Initial GC threshold: 21.00 MB
Current GC threshold: 48.25 MB
CDS: on
 - commit_granule_bytes: 65536.
 - commit_granule_words: 8192.
 - virtual_space_node_default_size: 8388608.
 - enlarge_chunks_in_place: 1.
 - use_allocation_guard: 0.


Internal statistics:

num_allocs_failed_limit: 3.
num_arena_births: 680.
num_arena_deaths: 0.
num_vsnodes_births: 2.
num_vsnodes_deaths: 0.
num_space_committed: 534.
num_space_uncommitted: 0.
num_chunks_returned_to_freelist: 3.
num_chunks_taken_from_freelist: 1772.
num_chunk_merges: 3.
num_chunk_splits: 1145.
num_chunks_enlarged: 731.
num_inconsistent_stats: 0.

CodeHeap 'non-profiled nmethods': size=120064Kb used=3804Kb max_used=3804Kb free=116259Kb
 bounds [0x000001ff1a630000, 0x000001ff1a9f0000, 0x000001ff21b70000]
CodeHeap 'profiled nmethods': size=120000Kb used=13212Kb max_used=13212Kb free=106787Kb
 bounds [0x000001ff12b70000, 0x000001ff13860000, 0x000001ff1a0a0000]
CodeHeap 'non-nmethods': size=5696Kb used=1953Kb max_used=2003Kb free=3742Kb
 bounds [0x000001ff1a0a0000, 0x000001ff1a310000, 0x000001ff1a630000]
CodeCache: size=245760Kb, used=18969Kb, max_used=19019Kb, free=226788Kb
 total_blobs=8759, nmethods=7790, adapters=871, full_count=0
Compilation: enabled, stopped_count=0, restarted_count=0

Compilation events (20 events):
Event: 145.464 Thread 0x000001ff6f00b090 nmethod 8288 0x000001ff1a9e5988 code [0x000001ff1a9e5aa0, 0x000001ff1a9e5b70]
Event: 145.466 Thread 0x000001ff6f00b090 8291       3       com.mysql.cj.protocol.a.NativeUtils::encodeMysqlThreeByteInteger (31 bytes)
Event: 145.466 Thread 0x000001ff6f00b090 nmethod 8291 0x000001ff13852008 code [0x000001ff13852120, 0x000001ff138522c0]
Event: 145.468 Thread 0x000001ff6f00b090 8292       3       com.google.gson.internal.bind.TypeAdapters$34$1::read (89 bytes)
Event: 145.468 Thread 0x000001ff6f00b090 nmethod 8292 0x000001ff13852308 code [0x000001ff13852580, 0x000001ff13853300]
Event: 145.468 Thread 0x000001ff6f00b090 8293       3       com.google.gson.internal.bind.TypeAdapters$28::read (6 bytes)
Event: 145.468 Thread 0x000001ff6f00b090 nmethod 8293 0x000001ff13853388 code [0x000001ff138534a0, 0x000001ff138535f8]
Event: 145.741 Thread 0x000001ff2951e300 8294       4       java.lang.AbstractStringBuilder::shift (37 bytes)
Event: 145.742 Thread 0x000001ff2951e300 nmethod 8294 0x000001ff1a9e6588 code [0x000001ff1a9e6680, 0x000001ff1a9e67b0]
Event: 146.051 Thread 0x000001ff6f00b090 8296       1       com.mysql.cj.CoreSession::getExceptionInterceptor (5 bytes)
Event: 146.051 Thread 0x000001ff6f00b090 nmethod 8296 0x000001ff1a9e6c08 code [0x000001ff1a9e6d20, 0x000001ff1a9e6df0]
Event: 146.052 Thread 0x000001ff6f00b090 8297       3       jdk.internal.misc.InternalLock::newLockOr (18 bytes)
Event: 146.053 Thread 0x000001ff6f00b090 nmethod 8297 0x000001ff13853688 code [0x000001ff13853800, 0x000001ff13853e40]
Event: 146.053 Thread 0x000001ff2951e300 8298       4       java.nio.ByteBuffer::clear (7 bytes)
Event: 146.053 Thread 0x000001ff2951e300 nmethod 8298 0x000001ff1a9e6f08 code [0x000001ff1a9e7000, 0x000001ff1a9e7090]
Event: 146.053 Thread 0x000001ff6f00b090 8299       3       java.lang.Throwable::lockedPrintStackTrace (154 bytes)
Event: 146.053 Thread 0x000001ff2951e300 8300       4       sun.nio.cs.StreamEncoder::writeBytes (93 bytes)
Event: 146.056 Thread 0x000001ff6f00b090 nmethod 8299 0x000001ff13853e88 code [0x000001ff138541e0, 0x000001ff13855b98]
Event: 146.183 Thread 0x000001ff6f00b090 8301       3       com.google.gson.stream.JsonReader::nextUnquotedValue (311 bytes)
Event: 146.184 Thread 0x000001ff6f00b090 nmethod 8301 0x000001ff13855c88 code [0x000001ff13855f40, 0x000001ff13857308]

GC Heap History (20 events):
Event: 144.988 GC heap after
{Heap after GC invocations=79 (full 0):
 garbage-first heap   total reserved 4120576K, committed 335872K, used 43816K [0x0000000704800000, 0x0000000800000000)
  region size 2048K, 2 young (4096K), 2 survivors (4096K)
 Metaspace       used 33488K, committed 34048K, reserved 1114112K
  class space    used 4650K, committed 4928K, reserved 1048576K
}
Event: 145.154 GC heap before
{Heap before GC invocations=79 (full 0):
 garbage-first heap   total reserved 4120576K, committed 335872K, used 238376K [0x0000000704800000, 0x0000000800000000)
  region size 2048K, 98 young (200704K), 2 survivors (4096K)
 Metaspace       used 33488K, committed 34048K, reserved 1114112K
  class space    used 4650K, committed 4928K, reserved 1048576K
}
Event: 145.156 GC heap after
{Heap after GC invocations=80 (full 0):
 garbage-first heap   total reserved 4120576K, committed 335872K, used 43319K [0x0000000704800000, 0x0000000800000000)
  region size 2048K, 2 young (4096K), 2 survivors (4096K)
 Metaspace       used 33488K, committed 34048K, reserved 1114112K
  class space    used 4650K, committed 4928K, reserved 1048576K
}
Event: 145.404 GC heap before
{Heap before GC invocations=80 (full 0):
 garbage-first heap   total reserved 4120576K, committed 335872K, used 237879K [0x0000000704800000, 0x0000000800000000)
  region size 2048K, 98 young (200704K), 2 survivors (4096K)
 Metaspace       used 33606K, committed 34176K, reserved 1114112K
  class space    used 4650K, committed 4928K, reserved 1048576K
}
Event: 145.406 GC heap after
{Heap after GC invocations=81 (full 0):
 garbage-first heap   total reserved 4120576K, committed 335872K, used 43665K [0x0000000704800000, 0x0000000800000000)
  region size 2048K, 2 young (4096K), 2 survivors (4096K)
 Metaspace       used 33606K, committed 34176K, reserved 1114112K
  class space    used 4650K, committed 4928K, reserved 1048576K
}
Event: 145.624 GC heap before
{Heap before GC invocations=81 (full 0):
 garbage-first heap   total reserved 4120576K, committed 335872K, used 238225K [0x0000000704800000, 0x0000000800000000)
  region size 2048K, 98 young (200704K), 2 survivors (4096K)
 Metaspace       used 33611K, committed 34176K, reserved 1114112K
  class space    used 4650K, committed 4928K, reserved 1048576K
}
Event: 145.626 GC heap after
{Heap after GC invocations=82 (full 0):
 garbage-first heap   total reserved 4120576K, committed 335872K, used 44193K [0x0000000704800000, 0x0000000800000000)
  region size 2048K, 2 young (4096K), 2 survivors (4096K)
 Metaspace       used 33611K, committed 34176K, reserved 1114112K
  class space    used 4650K, committed 4928K, reserved 1048576K
}
Event: 145.861 GC heap before
{Heap before GC invocations=82 (full 0):
 garbage-first heap   total reserved 4120576K, committed 335872K, used 238753K [0x0000000704800000, 0x0000000800000000)
  region size 2048K, 98 young (200704K), 2 survivors (4096K)
 Metaspace       used 33611K, committed 34176K, reserved 1114112K
  class space    used 4650K, committed 4928K, reserved 1048576K
}
Event: 145.863 GC heap after
{Heap after GC invocations=83 (full 0):
 garbage-first heap   total reserved 4120576K, committed 335872K, used 43765K [0x0000000704800000, 0x0000000800000000)
  region size 2048K, 2 young (4096K), 2 survivors (4096K)
 Metaspace       used 33611K, committed 34176K, reserved 1114112K
  class space    used 4650K, committed 4928K, reserved 1048576K
}
Event: 146.054 GC heap before
{Heap before GC invocations=83 (full 0):
 garbage-first heap   total reserved 4120576K, committed 335872K, used 238325K [0x0000000704800000, 0x0000000800000000)
  region size 2048K, 98 young (200704K), 2 survivors (4096K)
 Metaspace       used 33613K, committed 34176K, reserved 1114112K
  class space    used 4650K, committed 4928K, reserved 1048576K
}
Event: 146.055 GC heap after
{Heap after GC invocations=84 (full 0):
 garbage-first heap   total reserved 4120576K, committed 335872K, used 44422K [0x0000000704800000, 0x0000000800000000)
  region size 2048K, 2 young (4096K), 2 survivors (4096K)
 Metaspace       used 33613K, committed 34176K, reserved 1114112K
  class space    used 4650K, committed 4928K, reserved 1048576K
}
Event: 146.267 GC heap before
{Heap before GC invocations=84 (full 0):
 garbage-first heap   total reserved 4120576K, committed 335872K, used 238982K [0x0000000704800000, 0x0000000800000000)
  region size 2048K, 98 young (200704K), 2 survivors (4096K)
 Metaspace       used 33617K, committed 34176K, reserved 1114112K
  class space    used 4650K, committed 4928K, reserved 1048576K
}
Event: 148.113 GC heap after
{Heap after GC invocations=85 (full 0):
 garbage-first heap   total reserved 4120576K, committed 335872K, used 43886K [0x0000000704800000, 0x0000000800000000)
  region size 2048K, 2 young (4096K), 2 survivors (4096K)
 Metaspace       used 33617K, committed 34176K, reserved 1114112K
  class space    used 4650K, committed 4928K, reserved 1048576K
}
Event: 148.131 GC heap before
{Heap before GC invocations=85 (full 0):
 garbage-first heap   total reserved 4120576K, committed 335872K, used 54126K [0x0000000704800000, 0x0000000800000000)
  region size 2048K, 8 young (16384K), 2 survivors (4096K)
 Metaspace       used 33617K, committed 34176K, reserved 1114112K
  class space    used 4650K, committed 4928K, reserved 1048576K
}
Event: 148.132 GC heap after
{Heap after GC invocations=86 (full 0):
 garbage-first heap   total reserved 4120576K, committed 335872K, used 43915K [0x0000000704800000, 0x0000000800000000)
  region size 2048K, 1 young (2048K), 1 survivors (2048K)
 Metaspace       used 33617K, committed 34176K, reserved 1114112K
  class space    used 4650K, committed 4928K, reserved 1048576K
}
Event: 148.154 GC heap before
{Heap before GC invocations=86 (full 0):
 garbage-first heap   total reserved 4120576K, committed 335872K, used 56203K [0x0000000704800000, 0x0000000800000000)
  region size 2048K, 8 young (16384K), 1 survivors (2048K)
 Metaspace       used 33617K, committed 34176K, reserved 1114112K
  class space    used 4650K, committed 4928K, reserved 1048576K
}
Event: 148.155 GC heap after
{Heap after GC invocations=87 (full 0):
 garbage-first heap   total reserved 4120576K, committed 335872K, used 43699K [0x0000000704800000, 0x0000000800000000)
  region size 2048K, 1 young (2048K), 1 survivors (2048K)
 Metaspace       used 33617K, committed 34176K, reserved 1114112K
  class space    used 4650K, committed 4928K, reserved 1048576K
}
Event: 148.176 GC heap before
{Heap before GC invocations=87 (full 0):
 garbage-first heap   total reserved 4120576K, committed 335872K, used 55987K [0x0000000704800000, 0x0000000800000000)
  region size 2048K, 8 young (16384K), 1 survivors (2048K)
 Metaspace       used 33617K, committed 34176K, reserved 1114112K
  class space    used 4650K, committed 4928K, reserved 1048576K
}
Event: 148.177 GC heap after
{Heap after GC invocations=88 (full 0):
 garbage-first heap   total reserved 4120576K, committed 335872K, used 43490K [0x0000000704800000, 0x0000000800000000)
  region size 2048K, 1 young (2048K), 1 survivors (2048K)
 Metaspace       used 33617K, committed 34176K, reserved 1114112K
  class space    used 4650K, committed 4928K, reserved 1048576K
}
Event: 148.199 GC heap before
{Heap before GC invocations=88 (full 0):
 garbage-first heap   total reserved 4120576K, committed 335872K, used 55778K [0x0000000704800000, 0x0000000800000000)
  region size 2048K, 8 young (16384K), 1 survivors (2048K)
 Metaspace       used 33617K, committed 34176K, reserved 1114112K
  class space    used 4650K, committed 4928K, reserved 1048576K
}

Dll operation events (20 events):
Event: 0.336 Loaded shared library C:\Users\dipht\.openjfx\cache\23+29\amd64\api-ms-win-crt-locale-l1-1-0.dll
Event: 0.340 Loaded shared library C:\Users\dipht\.openjfx\cache\23+29\amd64\api-ms-win-crt-math-l1-1-0.dll
Event: 0.343 Loaded shared library C:\Users\dipht\.openjfx\cache\23+29\amd64\api-ms-win-crt-multibyte-l1-1-0.dll
Event: 0.347 Loaded shared library C:\Users\dipht\.openjfx\cache\23+29\amd64\api-ms-win-crt-private-l1-1-0.dll
Event: 0.352 Loaded shared library C:\Users\dipht\.openjfx\cache\23+29\amd64\api-ms-win-crt-process-l1-1-0.dll
Event: 0.355 Loaded shared library C:\Users\dipht\.openjfx\cache\23+29\amd64\api-ms-win-crt-runtime-l1-1-0.dll
Event: 0.359 Loaded shared library C:\Users\dipht\.openjfx\cache\23+29\amd64\api-ms-win-crt-stdio-l1-1-0.dll
Event: 0.364 Loaded shared library C:\Users\dipht\.openjfx\cache\23+29\amd64\api-ms-win-crt-string-l1-1-0.dll
Event: 0.369 Loaded shared library C:\Users\dipht\.openjfx\cache\23+29\amd64\api-ms-win-crt-time-l1-1-0.dll
Event: 0.372 Loaded shared library C:\Users\dipht\.openjfx\cache\23+29\amd64\api-ms-win-crt-utility-l1-1-0.dll
Event: 0.384 Loaded shared library C:\Users\dipht\.openjfx\cache\23+29\amd64\ucrtbase.dll
Event: 0.388 Loaded shared library C:\Users\dipht\.openjfx\cache\23+29\amd64\vcruntime140.dll
Event: 0.391 Loaded shared library C:\Users\dipht\.openjfx\cache\23+29\amd64\vcruntime140_1.dll
Event: 0.398 Loaded shared library C:\Users\dipht\.openjfx\cache\23+29\amd64\msvcp140.dll
Event: 0.401 Loaded shared library C:\Users\dipht\.openjfx\cache\23+29\amd64\msvcp140_1.dll
Event: 0.406 Loaded shared library C:\Users\dipht\.openjfx\cache\23+29\amd64\msvcp140_2.dll
Event: 0.439 Loaded shared library C:\Users\dipht\.openjfx\cache\23+29\amd64\prism_d3d.dll
Event: 0.497 Loaded shared library C:\Users\dipht\.openjfx\cache\23+29\amd64\glass.dll
Event: 0.591 Loaded shared library C:\Program Files\Java\jdk-23\bin\sunmscapi.dll
Event: 0.846 Loaded shared library C:\Users\dipht\.openjfx\cache\23+29\amd64\javafx_font.dll

Deoptimization events (20 events):
Event: 137.337 Thread 0x000001ff70366340 DEOPT PACKING pc=0x000001ff137b2086 sp=0x0000005b01afd9c0
Event: 137.337 Thread 0x000001ff70366340 DEOPT UNPACKING pc=0x000001ff1a0f4b22 sp=0x0000005b01afcf68 mode 0
Event: 137.342 Thread 0x000001ff70366340 DEOPT PACKING pc=0x000001ff137b2086 sp=0x0000005b01afdc60
Event: 137.342 Thread 0x000001ff70366340 DEOPT UNPACKING pc=0x000001ff1a0f4b22 sp=0x0000005b01afd208 mode 0
Event: 137.507 Thread 0x000001ff70366340 DEOPT PACKING pc=0x000001ff137baaed sp=0x0000005b01afdc90
Event: 137.507 Thread 0x000001ff70366340 DEOPT UNPACKING pc=0x000001ff1a0f4b22 sp=0x0000005b01afd218 mode 0
Event: 137.535 Thread 0x000001ff70366340 DEOPT PACKING pc=0x000001ff137baaed sp=0x0000005b01afdc90
Event: 137.535 Thread 0x000001ff70366340 DEOPT UNPACKING pc=0x000001ff1a0f4b22 sp=0x0000005b01afd218 mode 0
Event: 137.535 Thread 0x000001ff70366340 DEOPT PACKING pc=0x000001ff137bae18 sp=0x0000005b01afdbf0
Event: 137.535 Thread 0x000001ff70366340 DEOPT UNPACKING pc=0x000001ff1a0f4b22 sp=0x0000005b01afd178 mode 0
Event: 137.773 Thread 0x000001ff70366340 DEOPT PACKING pc=0x000001ff12f8d01c sp=0x0000005b01afe700
Event: 137.773 Thread 0x000001ff70366340 DEOPT UNPACKING pc=0x000001ff1a0f4b22 sp=0x0000005b01afdc30 mode 0
Event: 137.910 Thread 0x000001ff70368aa0 Uncommon trap: trap_request=0xffffff45 fr.pc=0x000001ff1a94e564 relative=0x00000000000005c4
Event: 137.910 Thread 0x000001ff70368aa0 Uncommon trap: reason=unstable_if action=reinterpret pc=0x000001ff1a94e564 method=com.sun.javafx.tk.quantum.QuantumToolkit.postPulse()V @ 98 c2
Event: 137.910 Thread 0x000001ff70368aa0 DEOPT PACKING pc=0x000001ff1a94e564 sp=0x0000005b020ff580
Event: 137.910 Thread 0x000001ff70368aa0 DEOPT UNPACKING pc=0x000001ff1a0f4402 sp=0x0000005b020ff558 mode 2
Event: 138.108 Thread 0x000001ff7a121870 DEOPT PACKING pc=0x000001ff12e4d54e sp=0x0000005b029fe910
Event: 138.108 Thread 0x000001ff7a121870 DEOPT UNPACKING pc=0x000001ff1a0f4b22 sp=0x0000005b029fde38 mode 0
Event: 138.429 Thread 0x000001ff7a121870 DEOPT PACKING pc=0x000001ff1348d2f1 sp=0x0000005b029fe550
Event: 138.429 Thread 0x000001ff7a121870 DEOPT UNPACKING pc=0x000001ff1a0f4b22 sp=0x0000005b029fda50 mode 0

Classes loaded (20 events):
Event: 20.070 Loading class jdk/internal/util/ByteArrayLittleEndian
Event: 20.070 Loading class jdk/internal/util/ByteArrayLittleEndian done
Event: 24.371 Loading class java/util/RegularEnumSet$EnumSetIterator
Event: 24.371 Loading class java/util/RegularEnumSet$EnumSetIterator done
Event: 24.377 Loading class java/util/Collections$SynchronizedRandomAccessList
Event: 24.377 Loading class java/util/Collections$SynchronizedList
Event: 24.377 Loading class java/util/Collections$SynchronizedList done
Event: 24.377 Loading class java/util/Collections$SynchronizedRandomAccessList done
Event: 45.147 Loading class java/lang/Math$RandomNumberGeneratorHolder
Event: 45.147 Loading class java/lang/Math$RandomNumberGeneratorHolder done
Event: 88.761 Loading class sun/net/ConnectionResetException
Event: 88.761 Loading class sun/net/ConnectionResetException done
Event: 88.761 Loading class java/io/InterruptedIOException
Event: 88.762 Loading class java/io/InterruptedIOException done
Event: 88.762 Loading class java/net/SocketTimeoutException
Event: 88.762 Loading class java/net/SocketTimeoutException done
Event: 136.988 Loading class java/lang/Throwable$WrappedPrintStream
Event: 136.988 Loading class java/lang/Throwable$PrintStreamOrWriter
Event: 136.988 Loading class java/lang/Throwable$PrintStreamOrWriter done
Event: 136.988 Loading class java/lang/Throwable$WrappedPrintStream done

Classes unloaded (0 events):
No events

Classes redefined (0 events):
No events

Internal exceptions (20 events):
Event: 1.742 Thread 0x000001ff70366340 Exception <a 'java/lang/NoSuchMethodError'{0x000000070757aa20}: 'java.lang.Object java.lang.invoke.DirectMethodHandle$Holder.newInvokeSpecial(java.lang.Object, java.lang.Object, int, int)'> (0x000000070757aa20) 
thrown [s\open\src\hotspot\share\interpreter\linkResolver.cpp, line 796]
Event: 1.742 Thread 0x000001ff70366340 Exception <a 'java/lang/NoSuchMethodError'{0x000000070757ec10}: 'java.lang.Object java.lang.invoke.DirectMethodHandle$Holder.invokeSpecial(java.lang.Object, java.lang.Object, java.lang.Object, int, int)'> (0x000000070757ec10) 
thrown [s\open\src\hotspot\share\interpreter\linkResolver.cpp, line 796]
Event: 1.965 Thread 0x000001ff29519d70 Exception <a 'java/lang/NoSuchMethodError'{0x0000000714308480}: 'java.lang.Object java.lang.invoke.DirectMethodHandle$Holder.invokeStaticInit(java.lang.Object, int)'> (0x0000000714308480) 
thrown [s\open\src\hotspot\share\interpreter\linkResolver.cpp, line 796]
Event: 1.990 Thread 0x000001ff70366340 Exception <a 'sun/nio/fs/WindowsException'{0x00000007131185e0}> (0x00000007131185e0) 
thrown [s\open\src\hotspot\share\prims\jni.cpp, line 520]
Event: 1.990 Thread 0x000001ff70366340 Exception <a 'sun/nio/fs/WindowsException'{0x0000000713118eb0}> (0x0000000713118eb0) 
thrown [s\open\src\hotspot\share\prims\jni.cpp, line 520]
Event: 1.992 Thread 0x000001ff70366340 Exception <a 'java/lang/NoSuchMethodError'{0x0000000713150138}: 'void java.lang.invoke.DirectMethodHandle$Holder.invokeInterface(java.lang.Object, java.lang.Object)'> (0x0000000713150138) 
thrown [s\open\src\hotspot\share\interpreter\linkResolver.cpp, line 796]
Event: 2.051 Thread 0x000001ff70366340 Exception <a 'java/io/FileNotFoundException'{0x000000070900e2b0}> (0x000000070900e2b0) 
thrown [s\open\src\hotspot\share\prims\jni.cpp, line 520]
Event: 2.051 Thread 0x000001ff70366340 Exception <a 'java/io/FileNotFoundException'{0x000000070900f3a0}> (0x000000070900f3a0) 
thrown [s\open\src\hotspot\share\prims\jni.cpp, line 520]
Event: 2.051 Thread 0x000001ff70366340 Exception <a 'java/io/FileNotFoundException'{0x00000007090104a8}> (0x00000007090104a8) 
thrown [s\open\src\hotspot\share\prims\jni.cpp, line 520]
Event: 2.051 Thread 0x000001ff70366340 Exception <a 'java/io/FileNotFoundException'{0x0000000709011598}> (0x0000000709011598) 
thrown [s\open\src\hotspot\share\prims\jni.cpp, line 520]
Event: 2.453 Thread 0x000001ff70366340 Implicit null exception at 0x000001ff1a8285ba to 0x000001ff1a82cbd0
Event: 2.453 Thread 0x000001ff70366340 Implicit null exception at 0x000001ff1a840fc4 to 0x000001ff1a84a290
Event: 2.465 Thread 0x000001ff70366340 Exception <a 'java/lang/NoSuchMethodError'{0x0000000708c7b510}: 'long java.lang.invoke.DirectMethodHandle$Holder.invokeStatic(java.lang.Object, java.lang.Object, java.lang.Object)'> (0x0000000708c7b510) 
thrown [s\open\src\hotspot\share\interpreter\linkResolver.cpp, line 796]
Event: 2.465 Thread 0x000001ff70366340 Exception <a 'java/lang/NoSuchMethodError'{0x0000000708c7e8f8}: 'long java.lang.invoke.DirectMethodHandle$Holder.invokeStaticInit(java.lang.Object, java.lang.Object, java.lang.Object)'> (0x0000000708c7e8f8) 
thrown [s\open\src\hotspot\share\interpreter\linkResolver.cpp, line 796]
Event: 2.465 Thread 0x000001ff70366340 Exception <a 'java/lang/NoSuchMethodError'{0x0000000708c93098}: 'java.lang.Object java.lang.invoke.DirectMethodHandle$Holder.newInvokeSpecial(java.lang.Object, java.lang.Object, long)'> (0x0000000708c93098) 
thrown [s\open\src\hotspot\share\interpreter\linkResolver.cpp, line 796]
Event: 20.056 Thread 0x000001ff7a11dd60 Exception <a 'java/lang/NoSuchMethodError'{0x000000071316bce8}: 'java.lang.Object java.lang.invoke.DirectMethodHandle$Holder.invokeSpecial(java.lang.Object, java.lang.Object, long, int)'> (0x000000071316bce8) 
thrown [s\open\src\hotspot\share\interpreter\linkResolver.cpp, line 796]
Event: 33.349 Thread 0x000001ff7a11d6d0 Exception <a 'java/net/SocketException'{0x000000070957c220}: Connection reset by peer: shutdown> (0x000000070957c220) 
thrown [s\open\src\hotspot\share\prims\jni.cpp, line 539]
Event: 45.048 Thread 0x000001ff7a11f7a0 Exception <a 'java/lang/NoSuchMethodError'{0x0000000708b8b990}: 'int java.lang.invoke.DirectMethodHandle$Holder.invokeStatic(java.lang.Object, int, java.lang.Object)'> (0x0000000708b8b990) 
thrown [s\open\src\hotspot\share\interpreter\linkResolver.cpp, line 796]
Event: 88.761 Thread 0x000001ff7a11dd60 Exception <a 'sun/net/ConnectionResetException'{0x00000007093c3930}: Connection reset> (0x00000007093c3930) 
thrown [s\open\src\hotspot\share\prims\jni.cpp, line 539]
Event: 89.926 Thread 0x000001ff7a11f7a0 Exception <a 'sun/net/ConnectionResetException'{0x0000000709994468}: Connection reset> (0x0000000709994468) 
thrown [s\open\src\hotspot\share\prims\jni.cpp, line 539]

VM Operations (20 events):
Event: 144.988 Executing VM operation: G1CollectForAllocation (G1 Evacuation Pause) done
Event: 145.154 Executing VM operation: G1CollectForAllocation (G1 Evacuation Pause)
Event: 145.156 Executing VM operation: G1CollectForAllocation (G1 Evacuation Pause) done
Event: 145.404 Executing VM operation: G1CollectForAllocation (G1 Evacuation Pause)
Event: 145.406 Executing VM operation: G1CollectForAllocation (G1 Evacuation Pause) done
Event: 145.624 Executing VM operation: G1CollectForAllocation (G1 Evacuation Pause)
Event: 145.626 Executing VM operation: G1CollectForAllocation (G1 Evacuation Pause) done
Event: 145.861 Executing VM operation: G1CollectForAllocation (G1 Evacuation Pause)
Event: 145.863 Executing VM operation: G1CollectForAllocation (G1 Evacuation Pause) done
Event: 146.054 Executing VM operation: G1CollectForAllocation (G1 Evacuation Pause)
Event: 146.055 Executing VM operation: G1CollectForAllocation (G1 Evacuation Pause) done
Event: 146.267 Executing VM operation: G1CollectForAllocation (G1 Evacuation Pause)
Event: 148.113 Executing VM operation: G1CollectForAllocation (G1 Evacuation Pause) done
Event: 148.131 Executing VM operation: G1CollectForAllocation (G1 Evacuation Pause)
Event: 148.132 Executing VM operation: G1CollectForAllocation (G1 Evacuation Pause) done
Event: 148.154 Executing VM operation: G1CollectForAllocation (G1 Evacuation Pause)
Event: 148.155 Executing VM operation: G1CollectForAllocation (G1 Evacuation Pause) done
Event: 148.176 Executing VM operation: G1CollectForAllocation (G1 Evacuation Pause)
Event: 148.177 Executing VM operation: G1CollectForAllocation (G1 Evacuation Pause) done
Event: 148.199 Executing VM operation: G1CollectForAllocation (G1 Evacuation Pause)

Memory protections (0 events):
No events

Nmethod flushes (20 events):
Event: 1.868 Thread 0x000001ff294f9210 flushing  nmethod 0x000001ff12cce888
Event: 1.868 Thread 0x000001ff294f9210 flushing  nmethod 0x000001ff12cd1608
Event: 1.868 Thread 0x000001ff294f9210 flushing  nmethod 0x000001ff12cd2188
Event: 1.868 Thread 0x000001ff294f9210 flushing  nmethod 0x000001ff12cd2b08
Event: 1.868 Thread 0x000001ff294f9210 flushing  nmethod 0x000001ff12cd3288
Event: 1.868 Thread 0x000001ff294f9210 flushing  nmethod 0x000001ff12d25f88
Event: 1.868 Thread 0x000001ff294f9210 flushing  nmethod 0x000001ff12d82088
Event: 1.868 Thread 0x000001ff294f9210 flushing  nmethod 0x000001ff12dc0788
Event: 1.868 Thread 0x000001ff294f9210 flushing  nmethod 0x000001ff12e05088
Event: 1.868 Thread 0x000001ff294f9210 flushing  nmethod 0x000001ff12e06608
Event: 1.868 Thread 0x000001ff294f9210 flushing  nmethod 0x000001ff12e07208
Event: 1.868 Thread 0x000001ff294f9210 flushing  nmethod 0x000001ff12e08b08
Event: 1.868 Thread 0x000001ff294f9210 flushing  nmethod 0x000001ff12e09f08
Event: 1.868 Thread 0x000001ff294f9210 flushing  nmethod 0x000001ff12e0a588
Event: 1.868 Thread 0x000001ff294f9210 flushing  nmethod 0x000001ff12e0ac08
Event: 1.868 Thread 0x000001ff294f9210 flushing  nmethod 0x000001ff12e9b588
Event: 1.868 Thread 0x000001ff294f9210 flushing  nmethod 0x000001ff12e9c008
Event: 1.868 Thread 0x000001ff294f9210 flushing  nmethod 0x000001ff12e9cf08
Event: 1.868 Thread 0x000001ff294f9210 flushing  nmethod 0x000001ff12e9f888
Event: 1.868 Thread 0x000001ff294f9210 flushing  nmethod 0x000001ff12ea9908

Events (20 events):
Event: 144.338 Thread 0x000001ff79c93bb0 Thread added: 0x000001ff7a121870
Event: 144.467 Thread 0x000001ff7a121870 Thread exited: 0x000001ff7a121870
Event: 144.518 Thread 0x000001ff79c93bb0 Thread added: 0x000001ff7a124660
Event: 144.653 Thread 0x000001ff7a124660 Thread exited: 0x000001ff7a124660
Event: 144.702 Thread 0x000001ff79c93bb0 Thread added: 0x000001ff7a121870
Event: 144.835 Thread 0x000001ff7a121870 Thread exited: 0x000001ff7a121870
Event: 144.905 Thread 0x000001ff79c93bb0 Thread added: 0x000001ff7a121f00
Event: 145.058 Thread 0x000001ff7a121f00 Thread exited: 0x000001ff7a121f00
Event: 145.107 Thread 0x000001ff79c93bb0 Thread added: 0x000001ff7a1232b0
Event: 145.242 Thread 0x000001ff7a1232b0 Thread exited: 0x000001ff7a1232b0
Event: 145.289 Thread 0x000001ff79c93bb0 Thread added: 0x000001ff7a123fd0
Event: 145.423 Thread 0x000001ff7a123fd0 Thread exited: 0x000001ff7a123fd0
Event: 145.467 Thread 0x000001ff79c93bb0 Thread added: 0x000001ff7a121870
Event: 145.632 Thread 0x000001ff7a121870 Thread exited: 0x000001ff7a121870
Event: 145.684 Thread 0x000001ff79c93bb0 Thread added: 0x000001ff7a123fd0
Event: 145.813 Thread 0x000001ff7a123fd0 Thread exited: 0x000001ff7a123fd0
Event: 145.865 Thread 0x000001ff79c93bb0 Thread added: 0x000001ff7a1232b0
Event: 145.995 Thread 0x000001ff7a1232b0 Thread exited: 0x000001ff7a1232b0
Event: 146.053 Thread 0x000001ff79c93bb0 Thread added: 0x000001ff7a121870
Event: 148.113 Thread 0x000001ff7a121870 Thread exited: 0x000001ff7a121870


Dynamic libraries:
0x00007ff699970000 - 0x00007ff699980000 	C:\Program Files\Java\jdk-23\bin\java.exe
0x00007ffd16f20000 - 0x00007ffd17188000 	C:\WINDOWS\SYSTEM32\ntdll.dll
0x00007ffd15d50000 - 0x00007ffd15e19000 	C:\WINDOWS\System32\KERNEL32.DLL
0x00007ffd14120000 - 0x00007ffd14518000 	C:\WINDOWS\System32\KERNELBASE.dll
0x00007ffd14550000 - 0x00007ffd1469b000 	C:\WINDOWS\System32\ucrtbase.dll
0x00007ffd10bf0000 - 0x00007ffd10c0b000 	C:\Program Files\Java\jdk-23\bin\VCRUNTIME140.dll
0x00007ffd10c10000 - 0x00007ffd10c27000 	C:\Program Files\Java\jdk-23\bin\jli.dll
0x00007ffd15ee0000 - 0x00007ffd160a7000 	C:\WINDOWS\System32\USER32.dll
0x00007ffd14520000 - 0x00007ffd14547000 	C:\WINDOWS\System32\win32u.dll
0x00007ffcfbc00000 - 0x00007ffcfbe94000 	C:\WINDOWS\WinSxS\amd64_microsoft.windows.common-controls_6595b64144ccf1df_6.0.26100.7019_none_3e06ffa0e335b8a8\COMCTL32.dll
0x00007ffd15e20000 - 0x00007ffd15e4b000 	C:\WINDOWS\System32\GDI32.dll
0x00007ffd14cc0000 - 0x00007ffd14d69000 	C:\WINDOWS\System32\msvcrt.dll
0x00007ffd14a20000 - 0x00007ffd14b4c000 	C:\WINDOWS\System32\gdi32full.dll
0x00007ffd14070000 - 0x00007ffd14113000 	C:\WINDOWS\System32\msvcp_win.dll
0x00007ffd15ba0000 - 0x00007ffd15bd1000 	C:\WINDOWS\System32\IMM32.DLL
0x00007ffd10be0000 - 0x00007ffd10bec000 	C:\Program Files\Java\jdk-23\bin\vcruntime140_1.dll
0x00007ffd0eb80000 - 0x00007ffd0ec0e000 	C:\Program Files\Java\jdk-23\bin\msvcp140.dll
0x00007ffc96960000 - 0x00007ffc976af000 	C:\Program Files\Java\jdk-23\bin\server\jvm.dll
0x00007ffd16e20000 - 0x00007ffd16ed4000 	C:\WINDOWS\System32\ADVAPI32.dll
0x00007ffd16190000 - 0x00007ffd16236000 	C:\WINDOWS\System32\sechost.dll
0x00007ffd16430000 - 0x00007ffd16548000 	C:\WINDOWS\System32\RPCRT4.dll
0x00007ffd14df0000 - 0x00007ffd14e64000 	C:\WINDOWS\System32\WS2_32.dll
0x00007ffd13ed0000 - 0x00007ffd13f2e000 	C:\WINDOWS\SYSTEM32\POWRPROF.dll
0x00007ffd01bc0000 - 0x00007ffd01bf5000 	C:\WINDOWS\SYSTEM32\WINMM.dll
0x00007ffcf9910000 - 0x00007ffcf991b000 	C:\WINDOWS\SYSTEM32\VERSION.dll
0x00007ffd13eb0000 - 0x00007ffd13ec4000 	C:\WINDOWS\SYSTEM32\UMPDC.dll
0x00007ffd12e30000 - 0x00007ffd12e4b000 	C:\WINDOWS\SYSTEM32\kernel.appcore.dll
0x00007ffd10bd0000 - 0x00007ffd10bda000 	C:\Program Files\Java\jdk-23\bin\jimage.dll
0x00007ffd111b0000 - 0x00007ffd113f2000 	C:\WINDOWS\SYSTEM32\DBGHELP.DLL
0x00007ffd15810000 - 0x00007ffd15b9b000 	C:\WINDOWS\System32\combase.dll
0x00007ffd160b0000 - 0x00007ffd16187000 	C:\WINDOWS\System32\OLEAUT32.dll
0x00007ffcf3390000 - 0x00007ffcf33cc000 	C:\WINDOWS\SYSTEM32\dbgcore.DLL
0x00007ffd14b50000 - 0x00007ffd14bf5000 	C:\WINDOWS\System32\bcryptPrimitives.dll
0x00007ffd0ed80000 - 0x00007ffd0ed8f000 	C:\Program Files\Java\jdk-23\bin\instrument.dll
0x00007ffd0eb60000 - 0x00007ffd0eb7e000 	C:\Program Files\Java\jdk-23\bin\java.dll
0x00007ffd154f0000 - 0x00007ffd15687000 	C:\WINDOWS\System32\ole32.dll
0x00007ffd16550000 - 0x00007ffd16c9f000 	C:\WINDOWS\System32\SHELL32.dll
0x00007ffd14820000 - 0x00007ffd1498b000 	C:\WINDOWS\System32\wintypes.dll
0x00007ffd11cb0000 - 0x00007ffd1250d000 	C:\WINDOWS\SYSTEM32\windows.storage.dll
0x00007ffd15710000 - 0x00007ffd15802000 	C:\WINDOWS\System32\SHCORE.dll
0x00007ffd15690000 - 0x00007ffd156f7000 	C:\WINDOWS\System32\shlwapi.dll
0x00007ffd13f90000 - 0x00007ffd13fb9000 	C:\WINDOWS\SYSTEM32\profapi.dll
0x00007ffd02900000 - 0x00007ffd029d7000 	C:\Program Files\Java\jdk-23\bin\jsvml.dll
0x00007ffd0eb50000 - 0x00007ffd0eb60000 	C:\Program Files\Java\jdk-23\bin\net.dll
0x00007ffd133a0000 - 0x00007ffd1340b000 	C:\WINDOWS\system32\mswsock.dll
0x00007ffd0eb30000 - 0x00007ffd0eb46000 	C:\Program Files\Java\jdk-23\bin\nio.dll
0x00007ffd0eb10000 - 0x00007ffd0eb27000 	C:\Program Files\Java\jdk-23\bin\zip.dll
0x000001ff0a3c0000 - 0x000001ff0a3c3000 	C:\Users\dipht\.openjfx\cache\23+29\amd64\api-ms-win-core-console-l1-1-0.dll
0x000001ff0a3d0000 - 0x000001ff0a3d3000 	C:\Users\dipht\.openjfx\cache\23+29\amd64\api-ms-win-core-console-l1-2-0.dll
0x000001ff0a3e0000 - 0x000001ff0a3e3000 	C:\Users\dipht\.openjfx\cache\23+29\amd64\api-ms-win-core-datetime-l1-1-0.dll
0x000001ff0a3f0000 - 0x000001ff0a3f3000 	C:\Users\dipht\.openjfx\cache\23+29\amd64\api-ms-win-core-debug-l1-1-0.dll
0x000001ff29eb0000 - 0x000001ff29eb3000 	C:\Users\dipht\.openjfx\cache\23+29\amd64\api-ms-win-core-errorhandling-l1-1-0.dll
0x00007ffd129d0000 - 0x00007ffd12afc000 	C:\WINDOWS\SYSTEM32\DNSAPI.dll
0x00007ffd12990000 - 0x00007ffd129c4000 	C:\WINDOWS\SYSTEM32\IPHLPAPI.DLL
0x00007ffd15450000 - 0x00007ffd1545a000 	C:\WINDOWS\System32\NSI.dll
0x00007ffd06b70000 - 0x00007ffd06b7b000 	C:\Windows\System32\rasadhlp.dll
0x000001ff29ec0000 - 0x000001ff29ec4000 	C:\Users\dipht\.openjfx\cache\23+29\amd64\api-ms-win-core-file-l1-1-0.dll
0x00007ffd0e570000 - 0x00007ffd0e5f6000 	C:\WINDOWS\System32\fwpuclnt.dll
0x000001ff29ed0000 - 0x000001ff29ed3000 	C:\Users\dipht\.openjfx\cache\23+29\amd64\api-ms-win-core-file-l1-2-0.dll
0x00007ffd0eae0000 - 0x00007ffd0eaea000 	C:\Program Files\Java\jdk-23\bin\management.dll
0x000001ff29ee0000 - 0x000001ff29ee3000 	C:\Users\dipht\.openjfx\cache\23+29\amd64\api-ms-win-core-file-l2-1-0.dll
0x00007ffd0ead0000 - 0x00007ffd0eadb000 	C:\Program Files\Java\jdk-23\bin\management_ext.dll
0x00007ffd16240000 - 0x00007ffd16248000 	C:\WINDOWS\System32\PSAPI.DLL
0x000001ff29ef0000 - 0x000001ff29ef3000 	C:\Users\dipht\.openjfx\cache\23+29\amd64\api-ms-win-core-handle-l1-1-0.dll
0x000001ff29f00000 - 0x000001ff29f03000 	C:\Users\dipht\.openjfx\cache\23+29\amd64\api-ms-win-core-heap-l1-1-0.dll
0x000001ff29f10000 - 0x000001ff29f13000 	C:\Users\dipht\.openjfx\cache\23+29\amd64\api-ms-win-core-interlocked-l1-1-0.dll
0x000001ff29f20000 - 0x000001ff29f23000 	C:\Users\dipht\.openjfx\cache\23+29\amd64\api-ms-win-core-libraryloader-l1-1-0.dll
0x000001ff29f30000 - 0x000001ff29f33000 	C:\Users\dipht\.openjfx\cache\23+29\amd64\api-ms-win-core-localization-l1-2-0.dll
0x000001ff29f40000 - 0x000001ff29f43000 	C:\Users\dipht\.openjfx\cache\23+29\amd64\api-ms-win-core-memory-l1-1-0.dll
0x000001ff29f50000 - 0x000001ff29f53000 	C:\Users\dipht\.openjfx\cache\23+29\amd64\api-ms-win-core-namedpipe-l1-1-0.dll
0x000001ff29f60000 - 0x000001ff29f63000 	C:\Users\dipht\.openjfx\cache\23+29\amd64\api-ms-win-core-processenvironment-l1-1-0.dll
0x000001ff29f70000 - 0x000001ff29f73000 	C:\Users\dipht\.openjfx\cache\23+29\amd64\api-ms-win-core-processthreads-l1-1-0.dll
0x000001ff29f80000 - 0x000001ff29f83000 	C:\Users\dipht\.openjfx\cache\23+29\amd64\api-ms-win-core-processthreads-l1-1-1.dll
0x000001ff29f90000 - 0x000001ff29f93000 	C:\Users\dipht\.openjfx\cache\23+29\amd64\api-ms-win-core-profile-l1-1-0.dll
0x000001ff29fa0000 - 0x000001ff29fa3000 	C:\Users\dipht\.openjfx\cache\23+29\amd64\api-ms-win-core-rtlsupport-l1-1-0.dll
0x000001ff29fb0000 - 0x000001ff29fb3000 	C:\Users\dipht\.openjfx\cache\23+29\amd64\api-ms-win-core-string-l1-1-0.dll
0x000001ff29fc0000 - 0x000001ff29fc3000 	C:\Users\dipht\.openjfx\cache\23+29\amd64\api-ms-win-core-synch-l1-1-0.dll
0x000001ff29fd0000 - 0x000001ff29fd3000 	C:\Users\dipht\.openjfx\cache\23+29\amd64\api-ms-win-core-synch-l1-2-0.dll
0x000001ff29fe0000 - 0x000001ff29fe3000 	C:\Users\dipht\.openjfx\cache\23+29\amd64\api-ms-win-core-sysinfo-l1-1-0.dll
0x000001ff29ff0000 - 0x000001ff29ff3000 	C:\Users\dipht\.openjfx\cache\23+29\amd64\api-ms-win-core-timezone-l1-1-0.dll
0x000001ff70f10000 - 0x000001ff70f13000 	C:\Users\dipht\.openjfx\cache\23+29\amd64\api-ms-win-core-util-l1-1-0.dll
0x000001ff70f20000 - 0x000001ff70f23000 	C:\Users\dipht\.openjfx\cache\23+29\amd64\api-ms-win-crt-conio-l1-1-0.dll
0x000001ff70f30000 - 0x000001ff70f34000 	C:\Users\dipht\.openjfx\cache\23+29\amd64\api-ms-win-crt-convert-l1-1-0.dll
0x000001ff70f40000 - 0x000001ff70f43000 	C:\Users\dipht\.openjfx\cache\23+29\amd64\api-ms-win-crt-environment-l1-1-0.dll
0x000001ff70f50000 - 0x000001ff70f53000 	C:\Users\dipht\.openjfx\cache\23+29\amd64\api-ms-win-crt-filesystem-l1-1-0.dll
0x000001ff70f60000 - 0x000001ff70f63000 	C:\Users\dipht\.openjfx\cache\23+29\amd64\api-ms-win-crt-heap-l1-1-0.dll
0x000001ff70f70000 - 0x000001ff70f73000 	C:\Users\dipht\.openjfx\cache\23+29\amd64\api-ms-win-crt-locale-l1-1-0.dll
0x000001ff70f80000 - 0x000001ff70f85000 	C:\Users\dipht\.openjfx\cache\23+29\amd64\api-ms-win-crt-math-l1-1-0.dll
0x000001ff70f90000 - 0x000001ff70f95000 	C:\Users\dipht\.openjfx\cache\23+29\amd64\api-ms-win-crt-multibyte-l1-1-0.dll
0x000001ff70fa0000 - 0x000001ff70fb0000 	C:\Users\dipht\.openjfx\cache\23+29\amd64\api-ms-win-crt-private-l1-1-0.dll
0x000001ff70fb0000 - 0x000001ff70fb3000 	C:\Users\dipht\.openjfx\cache\23+29\amd64\api-ms-win-crt-process-l1-1-0.dll
0x000001ff70fc0000 - 0x000001ff70fc4000 	C:\Users\dipht\.openjfx\cache\23+29\amd64\api-ms-win-crt-runtime-l1-1-0.dll
0x000001ff70fd0000 - 0x000001ff70fd4000 	C:\Users\dipht\.openjfx\cache\23+29\amd64\api-ms-win-crt-stdio-l1-1-0.dll
0x000001ff70fe0000 - 0x000001ff70fe4000 	C:\Users\dipht\.openjfx\cache\23+29\amd64\api-ms-win-crt-string-l1-1-0.dll
0x000001ff70ff0000 - 0x000001ff70ff3000 	C:\Users\dipht\.openjfx\cache\23+29\amd64\api-ms-win-crt-time-l1-1-0.dll
0x000001ff71000000 - 0x000001ff71003000 	C:\Users\dipht\.openjfx\cache\23+29\amd64\api-ms-win-crt-utility-l1-1-0.dll
0x00007ffd13660000 - 0x00007ffd1367b000 	C:\WINDOWS\SYSTEM32\CRYPTSP.dll
0x00007ffd12d90000 - 0x00007ffd12dca000 	C:\WINDOWS\system32\rsaenh.dll
0x00007ffd13450000 - 0x00007ffd1347b000 	C:\WINDOWS\SYSTEM32\USERENV.dll
0x00007ffd13f60000 - 0x00007ffd13f8a000 	C:\WINDOWS\SYSTEM32\bcrypt.dll
0x00007ffd13680000 - 0x00007ffd1368c000 	C:\WINDOWS\SYSTEM32\CRYPTBASE.dll
0x00007ffcff110000 - 0x00007ffcff20c000 	C:\Users\dipht\.openjfx\cache\23+29\amd64\ucrtbase.dll
0x00007ffd025b0000 - 0x00007ffd025c8000 	C:\WINDOWS\system32\napinsp.dll
0x00007ffd07550000 - 0x00007ffd0756b000 	C:\Users\dipht\.openjfx\cache\23+29\amd64\vcruntime140.dll
0x00007ffd02190000 - 0x00007ffd021a2000 	C:\WINDOWS\System32\winrnr.dll
0x00007ffd02160000 - 0x00007ffd02182000 	C:\WINDOWS\system32\nlansp_c.dll
0x00007ffd02140000 - 0x00007ffd02156000 	C:\WINDOWS\system32\wshbth.dll
0x00007ffd07540000 - 0x00007ffd0754c000 	C:\Users\dipht\.openjfx\cache\23+29\amd64\vcruntime140_1.dll
0x00007ffcd3830000 - 0x00007ffcd38be000 	C:\Users\dipht\.openjfx\cache\23+29\amd64\msvcp140.dll
0x00007ffd072c0000 - 0x00007ffd072c9000 	C:\Users\dipht\.openjfx\cache\23+29\amd64\msvcp140_1.dll
0x00007ffcfb550000 - 0x00007ffcfb591000 	C:\Users\dipht\.openjfx\cache\23+29\amd64\msvcp140_2.dll
0x00007ffd07180000 - 0x00007ffd071b0000 	C:\Users\dipht\.openjfx\cache\23+29\amd64\prism_d3d.dll
0x00007ffcbe470000 - 0x00007ffcbe620000 	C:\WINDOWS\system32\d3d9.dll
0x00007ffd11420000 - 0x00007ffd11450000 	C:\WINDOWS\SYSTEM32\dwmapi.dll
0x00007ffd11020000 - 0x00007ffd11063000 	C:\WINDOWS\SYSTEM32\dxcore.dll
0x00007ffd10e40000 - 0x00007ffd10eea000 	C:\WINDOWS\system32\uxtheme.dll
0x00007ffcbe3a0000 - 0x00007ffcbe463000 	C:\WINDOWS\SYSTEM32\d3d9on12.dll
0x00007ffd11070000 - 0x00007ffd111a9000 	C:\WINDOWS\SYSTEM32\dxgi.dll
0x00007ffce7c20000 - 0x00007ffce7c43000 	C:\WINDOWS\SYSTEM32\d3d12.dll
0x00007ffd13bf0000 - 0x00007ffd13c47000 	C:\WINDOWS\SYSTEM32\cfgmgr32.dll
0x00007ffca6760000 - 0x00007ffca6ab8000 	C:\WINDOWS\SYSTEM32\D3D12Core.dll
0x00007ffca02b0000 - 0x00007ffca0c79000 	C:\WINDOWS\System32\DriverStore\FileRepository\iigd_dch.inf_amd64_a9b506373dea7676\igd12umd64.dll
0x00007ffd146a0000 - 0x00007ffd14817000 	C:\WINDOWS\System32\CRYPT32.dll
0x00007ffc9ee30000 - 0x00007ffc9f858000 	C:\WINDOWS\System32\DriverStore\FileRepository\iigd_dch.inf_amd64_a9b506373dea7676\igd12um64xel.dll
0x00007ffd06880000 - 0x00007ffd068b4000 	C:\WINDOWS\SYSTEM32\ControlLib.dll
0x00007ffd14e80000 - 0x00007ffd1530a000 	C:\WINDOWS\System32\SETUPAPI.dll
0x00007ffcf5d60000 - 0x00007ffcf5db6000 	C:\WINDOWS\SYSTEM32\pdh.dll
0x00007ffd13bc0000 - 0x00007ffd13bed000 	C:\WINDOWS\SYSTEM32\DEVOBJ.dll

dbghelp: loaded successfully - version: 4.0.5 - missing functions: none
symbol engine: initialized successfully - sym options: 0x614 - pdb path: .;C:\Program Files\Java\jdk-23\bin;C:\WINDOWS\SYSTEM32;C:\WINDOWS\WinSxS\amd64_microsoft.windows.common-controls_6595b64144ccf1df_6.0.26100.7019_none_3e06ffa0e335b8a8;C:\Program Files\Java\jdk-23\bin\server;C:\Users\dipht\.openjfx\cache\23+29\amd64;C:\WINDOWS\System32\DriverStore\FileRepository\iigd_dch.inf_amd64_a9b506373dea7676;C:\Program Files\Common Files\Microsoft Shared\Ink

VM Arguments:
jvm_args: -javaagent:D:\Ki2_Nam2\Chuyen_de_1\IntelliJ IDEA 2024.3.4.1\lib\idea_rt.jar=54546 -Dfile.encoding=UTF-8 -Dsun.stdout.encoding=UTF-8 -Dsun.stderr.encoding=UTF-8 --module-path=C:\Users\dipht\.m2\repository\commons-io\commons-io\2.11.0\commons-io-2.11.0.jar;C:\Users\dipht\.m2\repository\org\apache\commons\commons-compress\1.21\commons-compress-1.21.jar;C:\Users\dipht\.m2\repository\org\apache\logging\log4j\log4j-api\2.18.0\log4j-api-2.18.0.jar;D:\Nam3_Ki1\laptrinhmang\EducationalGameNetwork\Server\target\classes;C:\Users\dipht\.m2\repository\org\openjfx\javafx-controls\21.0.1\javafx-controls-21.0.1-win.jar;C:\Users\dipht\.m2\repository\org\openjfx\javafx-base\23\javafx-base-23-win.jar;C:\Users\dipht\.m2\repository\org\openjfx\javafx-graphics\23\javafx-graphics-23-win.jar;C:\Users\dipht\.m2\repository\org\apache\commons\commons-collections4\4.4\commons-collections4-4.4.jar;C:\Users\dipht\.m2\repository\org\apache\poi\poi\5.2.3\poi-5.2.3.jar;C:\Users\dipht\.m2\repository\org\apache\poi\poi-scratchpad\5.2.3\poi-scratchpad-5.2.3.jar;C:\Users\dipht\.m2\repository\org\apache\xmlbeans\xmlbeans\5.1.1\xmlbeans-5.1.1.jar;C:\Users\dipht\.m2\repository\com\zaxxer\SparseBitSet\1.2\SparseBitSet-1.2.jar;C:\Users\dipht\.m2\repository\org\apache\commons\commons-math3\3.6.1\commons-math3-3.6.1.jar;C:\Users\dipht\.m2\repository\org\apache\poi\poi-ooxml-lite\5.2.3\poi-ooxml-lite-5.2.3.jar;D:\Nam3_Ki1\laptrinhmang\EducationalGameNetwork\Common\target\classes;C:\Users\dipht\.m2\repository\commons-codec\commons-codec\1.15\commons-codec-1.15.jar;C:\Users\dipht\.m2\repository\org\openjfx\javafx-fxml\21.0.1\javafx-fxml-21.0.1-win.jar;C:\Users\dipht\.m2\repository\com\google\code\gson\gson\2.10.1\gson-2.10.1.jar;C:\Users\dipht\.m2\repository\org\apache\poi\poi-ooxml\5.2.3\poi-ooxml-5.2.3.jar -Djdk.module.main=com.edugame.server 
java_command: com.edugame.server/com.edugame.server.ServerGUIApplication
java_class_path (initial): C:\Users\dipht\.m2\repository\com\mysql\mysql-connector-j\8.0.33\mysql-connector-j-8.0.33.jar;C:\Users\dipht\.m2\repository\com\google\protobuf\protobuf-java\3.21.9\protobuf-java-3.21.9.jar;C:\Users\dipht\.m2\repository\org\slf4j\slf4j-api\2.0.9\slf4j-api-2.0.9.jar;C:\Users\dipht\.m2\repository\ch\qos\logback\logback-classic\1.4.14\logback-classic-1.4.14.jar;C:\Users\dipht\.m2\repository\ch\qos\logback\logback-core\1.4.14\logback-core-1.4.14.jar;C:\Users\dipht\.m2\repository\com\github\virtuald\curvesapi\1.07\curvesapi-1.07.jar;C:\Users\dipht\.m2\repository\org\openjfx\javafx-controls\21.0.1\javafx-controls-21.0.1.jar;C:\Users\dipht\.m2\repository\org\openjfx\javafx-fxml\21.0.1\javafx-fxml-21.0.1.jar;C:\Users\dipht\.m2\repository\org\openjfx\javafx-graphics\23\javafx-graphics-23.jar;C:\Users\dipht\.m2\repository\org\openjfx\javafx-base\23\javafx-base-23.jar
Launcher Type: SUN_STANDARD

[Global flags]
     intx CICompilerCount                          = 4                                         {product} {ergonomic}
     uint ConcGCThreads                            = 3                                         {product} {ergonomic}
     uint G1ConcRefinementThreads                  = 10                                        {product} {ergonomic}
   size_t G1HeapRegionSize                         = 2097152                                   {product} {ergonomic}
   size_t InitialHeapSize                          = 264241152                                 {product} {ergonomic}
   size_t MarkStackSize                            = 4194304                                   {product} {ergonomic}
   size_t MarkStackSizeMax                         = 536870912                                 {product} {ergonomic}
   size_t MaxHeapSize                              = 4219469824                                {product} {ergonomic}
   size_t MaxNewSize                               = 2531262464                                {product} {ergonomic}
   size_t MinHeapDeltaBytes                        = 2097152                                   {product} {ergonomic}
   size_t MinHeapSize                              = 8388608                                   {product} {ergonomic}
    uintx NonNMethodCodeHeapSize                   = 5832704                                {pd product} {ergonomic}
    uintx NonProfiledCodeHeapSize                  = 122945536                              {pd product} {ergonomic}
    uintx ProfiledCodeHeapSize                     = 122880000                              {pd product} {ergonomic}
    uintx ReservedCodeCacheSize                    = 251658240                              {pd product} {ergonomic}
     bool SegmentedCodeCache                       = true                                      {product} {ergonomic}
   size_t SoftMaxHeapSize                          = 4219469824                             {manageable} {ergonomic}
     bool UseCompressedOops                        = true                           {product lp64_product} {ergonomic}
     bool UseG1GC                                  = true                                      {product} {ergonomic}
     bool UseLargePagesIndividualAllocation        = false                                  {pd product} {ergonomic}

Logging:
Log output configuration:
 #0: stdout all=warning uptime,level,tags foldmultilines=false
 #1: stderr all=off uptime,level,tags foldmultilines=false

Environment Variables:
JAVA_HOME=C:\Program Files\Java\jdk-23
PATH=C:\Program Files\Microsoft MPI\Bin\;C:\Program Files (x86)\VMware\VMware Workstation\bin\;C:\Python313\Scripts\;C:\Python313\;C:\Program Files\Common Files\Oracle\Java\javapath;C:\WINDOWS\system32;C:\WINDOWS;C:\WINDOWS\System32\Wbem;C:\WINDOWS\System32\WindowsPowerShell\v1.0\;C:\WINDOWS\System32\OpenSSH\;C:\Program Files\Git\cmd;C:\Program Files\Java\jdk-23\bin;C:\Program Files\apache-maven-3.9.9\bin;C:\Program Files\MySQL\MySQL Server 8.0\bin;C:\Program Files\Cloudflare\Cloudflare WARP\;C:\ProgramData\chocolatey\bin;C:\Program Files\nodejs\;D:\flutter\flutter\bin;C:\Program Files (x86)\Microsoft SQL Server\160\Tools\Binn\;C:\Program Files\Microsoft SQL Server\160\Tools\Binn\;C:\Program Files\Microsoft SQL Server\Client SDK\ODBC\170\Tools\Binn\;C:\Program Files\Microsoft SQL Server\160\DTS\Binn\;C:\Program Files\Microsoft SQL Server\150\Tools\Binn\;C:\Program Files\Microsoft SQL Server\130\DTS\Binn\;C:\Program Files\Microsoft SQL Server\140\DTS\Binn\;C:\Program Files\Microsoft SQL Server\150\DTS\Binn\;C:\Program Files\Microsoft SQL Server\170\DTS\Binn\;C:\Program Files (x86)\cloudflared\;C:\Users\dipht\AppData\Local\Programs\Python\Python312\Scripts\;C:\Users\dipht\AppData\Local\Programs\Python\Python312\;C:\Program Files\MySQL\MySQL Shell 8.0\bin\;C:\Users\dipht\AppData\Local\Microsoft\WindowsApps;C:\msys64\ucrt64\bin;C:\Program Files\Java\jdk-23\bin;C:\Users\dipht\AppData\Local\Programs\Microsoft VS Code\bin;C:\Users\dipht\AppData\Roaming\npm;C:\ngrok;C:\Python313;C:\Program Files\JetBrains\PyCharm 2025.1.1.1\bin;;C:\Users\dipht\AppData\Roaming\Python\Python313\Scripts;
USERNAME=dipht
OS=Windows_NT
PROCESSOR_IDENTIFIER=Intel64 Family 6 Model 154 Stepping 3, GenuineIntel
TMP=C:\Users\dipht\AppData\Local\Temp
TEMP=C:\Users\dipht\AppData\Local\Temp




Periodic native trim disabled

---------------  S Y S T E M  ---------------

OS:
 Windows 11 , 64 bit Build 26100 (10.0.26100.7019)
OS uptime: 0 days 3:16 hours

CPU: total 12 (initial active 12) (6 cores per cpu, 2 threads per core) family 6 model 154 stepping 3 microcode 0x419, cx8, cmov, fxsr, ht, mmx, 3dnowpref, sse, sse2, sse3, ssse3, sse4.1, sse4.2, popcnt, lzcnt, tsc, tscinvbit, avx, avx2, aes, erms, clmul, bmi1, bmi2, adx, sha, fma, vzeroupper, clflush, clflushopt, clwb, serialize, rdtscp, rdpid, fsrm, gfni, f16c, pku, cet_ibt, cet_ss
Processor Information for processor 0
  Max Mhz: 2000, Current Mhz: 2000, Mhz Limit: 2000
Processor Information for processor 1
  Max Mhz: 2000, Current Mhz: 2000, Mhz Limit: 2000
Processor Information for processor 2
  Max Mhz: 2000, Current Mhz: 2000, Mhz Limit: 2000
Processor Information for processor 3
  Max Mhz: 2000, Current Mhz: 1520, Mhz Limit: 2000
Processor Information for processor 4
  Max Mhz: 2000, Current Mhz: 2000, Mhz Limit: 2000
Processor Information for processor 5
  Max Mhz: 2000, Current Mhz: 1520, Mhz Limit: 2000
Processor Information for processor 6
  Max Mhz: 2000, Current Mhz: 2000, Mhz Limit: 2000
Processor Information for processor 7
  Max Mhz: 2000, Current Mhz: 1520, Mhz Limit: 2000
Processor Information for processor 8
  Max Mhz: 2000, Current Mhz: 1500, Mhz Limit: 1500
Processor Information for processor 9
  Max Mhz: 2000, Current Mhz: 1500, Mhz Limit: 1500
Processor Information for processor 10
  Max Mhz: 2000, Current Mhz: 1500, Mhz Limit: 1500
Processor Information for processor 11
  Max Mhz: 2000, Current Mhz: 1500, Mhz Limit: 1500

Memory: 4k page, system-wide physical 16088M (889M free)
TotalPageFile size 26088M (AvailPageFile size 0M)
current process WorkingSet (physical memory assigned to process): 662M, peak: 668M
current process commit charge ("private bytes"): 709M, peak: 1353M

vm_info: Java HotSpot(TM) 64-Bit Server VM (23.0.1+11-39) for windows-amd64 JRE (23.0.1+11-39), built on 2024-09-30T07:20:43Z with MS VC++ 17.6 (VS2022)

END.
