#
# There is insufficient memory for the Java Runtime Environment to continue.
# Native memory allocation (malloc) failed to allocate 670816 bytes. Error detail: Chunk::new
# Possible reasons:
#   The system is out of physical RAM or swap space
#   This process is running with CompressedOops enabled, and the Java Heap may be blocking the growth of the native heap
# Possible solutions:
#   Reduce memory load on the system
#   Increase physical memory or swap space
#   Check if swap backing store is full
#   Decrease Java heap size (-Xmx/-Xms)
#   Decrease number of Java threads
#   Decrease Java thread stack sizes (-Xss)
#   Set larger code cache with -XX:ReservedCodeCacheSize=
#   JVM is running with Zero Based Compressed Oops mode in which the Java heap is
#     placed in the first 32GB address space. The Java Heap base address is the
#     maximum limit for the native heap growth. Please use -XX:HeapBaseMinAddress
#     to set the Java Heap base and to place the Java Heap above 32GB virtual address.
# This output file may be truncated or incomplete.
#
#  Out of Memory Error (arena.cpp:149), pid=10904, tid=12520
#
# JRE version: Java(TM) SE Runtime Environment (23.0.1+11) (build 23.0.1+11-39)
# Java VM: Java HotSpot(TM) 64-Bit Server VM (23.0.1+11-39, mixed mode, sharing, tiered, compressed oops, compressed class ptrs, g1 gc, windows-amd64)
# No core dump will be written. Minidumps are not enabled by default on client versions of Windows
#

---------------  S U M M A R Y ------------

Command Line: -javaagent:D:\Ki2_Nam2\Chuyen_de_1\IntelliJ IDEA 2024.3.4.1\lib\idea_rt.jar=60447 -Dfile.encoding=UTF-8 -Dsun.stdout.encoding=UTF-8 -Dsun.stderr.encoding=UTF-8 --module-path=C:\Users\dipht\.m2\repository\org\openjfx\javafx-controls\21.0.1\javafx-controls-21.0.1-win.jar;D:\Nam3_Ki1\laptrinhmang\EducationalGameNetwork\Client\target\classes;C:\Users\dipht\.m2\repository\org\openjfx\javafx-base\21.0.1\javafx-base-21.0.1-win.jar;C:\Users\dipht\.m2\repository\org\openjfx\javafx-graphics\21.0.1\javafx-graphics-21.0.1-win.jar;C:\Users\dipht\.m2\repository\de\jensd\fontawesomefx\8.9\fontawesomefx-8.9.jar;C:\Users\dipht\.m2\repository\org\openjfx\javafx-media\21.0.1\javafx-media-21.0.1-win.jar;D:\Nam3_Ki1\laptrinhmang\EducationalGameNetwork\Common\target\classes;C:\Users\dipht\.m2\repository\org\openjfx\javafx-fxml\21.0.1\javafx-fxml-21.0.1-win.jar;C:\Users\dipht\.m2\repository\com\google\code\gson\gson\2.10.1\gson-2.10.1.jar -Djdk.module.main=com.edugame.client com.edugame.client/com.edugame.client.ClientMain

Host: 12th Gen Intel(R) Core(TM) i5-12450H, 12 cores, 15G,  Windows 11 , 64 bit Build 26100 (10.0.26100.7019)
Time: Tue Dec  2 15:04:19 2025 SE Asia Standard Time elapsed time: 20.238410 seconds (0d 0h 0m 20s)

---------------  T H R E A D  ---------------

Current thread (0x0000025bc504ac40):  JavaThread "C2 CompilerThread0" daemon [_thread_in_native, id=12520, stack(0x0000008b2ea00000,0x0000008b2eb00000) (1024K)]


Current CompileTask:
C2:20238 5486       4       com.sun.javafx.css.SelectorPartitioning::match (696 bytes)

Stack: [0x0000008b2ea00000,0x0000008b2eb00000]
Native frames: (J=compiled Java code, j=interpreted, Vv=VM code, C=native code)
V  [jvm.dll+0x6e08b9]  (no source info available)
V  [jvm.dll+0x87dc83]  (no source info available)
V  [jvm.dll+0x88010e]  (no source info available)
V  [jvm.dll+0x8807e3]  (no source info available)
V  [jvm.dll+0x27aee6]  (no source info available)
V  [jvm.dll+0xbc06f]  (no source info available)
V  [jvm.dll+0xbc2cb]  (no source info available)
V  [jvm.dll+0x2ee94d]  (no source info available)
V  [jvm.dll+0x6063d9]  (no source info available)
V  [jvm.dll+0x24ddf2]  (no source info available)
V  [jvm.dll+0x24e1d5]  (no source info available)
V  [jvm.dll+0x246b54]  (no source info available)
V  [jvm.dll+0x243d04]  (no source info available)
V  [jvm.dll+0x1c33a0]  (no source info available)
V  [jvm.dll+0x253cf1]  (no source info available)
V  [jvm.dll+0x251faa]  (no source info available)
V  [jvm.dll+0x3ee036]  (no source info available)
V  [jvm.dll+0x824f8b]  (no source info available)
V  [jvm.dll+0x6df065]  (no source info available)
C  [ucrtbase.dll+0x37b0]  (no source info available)
C  [KERNEL32.DLL+0x2e8d7]  (no source info available)
C  [ntdll.dll+0x8c53c]  (no source info available)

Lock stack of current Java thread (top to bottom):


---------------  P R O C E S S  ---------------

Threads class SMR info:
_java_thread_list=0x0000025bc51cd020, length=30, elements={
0x0000025bcccbef50, 0x0000025bc50350a0, 0x0000025bc5035d00, 0x0000025bc5039ce0,
0x0000025bc503cd80, 0x0000025bc503e1a0, 0x0000025bc5048270, 0x0000025bc504ac40,
0x0000025bc504ebf0, 0x0000025bc5140ed0, 0x0000025bc56bbb30, 0x0000025bc5698e50,
0x0000025bc5aa4150, 0x0000025bc5aa8000, 0x0000025bc663c700, 0x0000025bc59d5a70,
0x0000025bc6299270, 0x0000025bc62e1520, 0x0000025bc65becf0, 0x0000025bc6687e00,
0x0000025bc66870e0, 0x0000025bc6686a50, 0x0000025bf10f5c60, 0x0000025bf0afc040,
0x0000025bf14de8d0, 0x0000025bf14dc800, 0x0000025bf0924ba0, 0x0000025bc5b28d20,
0x0000025bc70e84d0, 0x0000025bf0923e80
}

Java Threads: ( => current thread )
  0x0000025bcccbef50 JavaThread "main"                              [_thread_blocked, id=1672, stack(0x0000008b2dc00000,0x0000008b2dd00000) (1024K)]
  0x0000025bc50350a0 JavaThread "Reference Handler"          daemon [_thread_blocked, id=9844, stack(0x0000008b2e400000,0x0000008b2e500000) (1024K)]
  0x0000025bc5035d00 JavaThread "Finalizer"                  daemon [_thread_blocked, id=18044, stack(0x0000008b2e500000,0x0000008b2e600000) (1024K)]
  0x0000025bc5039ce0 JavaThread "Signal Dispatcher"          daemon [_thread_blocked, id=7688, stack(0x0000008b2e600000,0x0000008b2e700000) (1024K)]
  0x0000025bc503cd80 JavaThread "Attach Listener"            daemon [_thread_blocked, id=2412, stack(0x0000008b2e700000,0x0000008b2e800000) (1024K)]
  0x0000025bc503e1a0 JavaThread "Service Thread"             daemon [_thread_blocked, id=9484, stack(0x0000008b2e800000,0x0000008b2e900000) (1024K)]
  0x0000025bc5048270 JavaThread "Monitor Deflation Thread"   daemon [_thread_blocked, id=16716, stack(0x0000008b2e900000,0x0000008b2ea00000) (1024K)]
=>0x0000025bc504ac40 JavaThread "C2 CompilerThread0"         daemon [_thread_in_native, id=12520, stack(0x0000008b2ea00000,0x0000008b2eb00000) (1024K)]
  0x0000025bc504ebf0 JavaThread "C1 CompilerThread0"         daemon [_thread_blocked, id=3688, stack(0x0000008b2eb00000,0x0000008b2ec00000) (1024K)]
  0x0000025bc5140ed0 JavaThread "Common-Cleaner"             daemon [_thread_blocked, id=17612, stack(0x0000008b2ec00000,0x0000008b2ed00000) (1024K)]
  0x0000025bc56bbb30 JavaThread "Monitor Ctrl-Break"         daemon [_thread_in_native, id=18084, stack(0x0000008b2ee00000,0x0000008b2ef00000) (1024K)]
  0x0000025bc5698e50 JavaThread "Notification Thread"        daemon [_thread_blocked, id=9768, stack(0x0000008b2ef00000,0x0000008b2f000000) (1024K)]
  0x0000025bc5aa4150 JavaThread "QuantumRenderer-0"          daemon [_thread_blocked, id=14916, stack(0x0000008b2fa00000,0x0000008b2fb00000) (1024K)]
  0x0000025bc5aa8000 JavaThread "RMI TCP Accept-0"           daemon [_thread_in_native, id=10484, stack(0x0000008b2fb00000,0x0000008b2fc00000) (1024K)]
  0x0000025bc663c700 JavaThread "RMI TCP Connection(1)-172.20.10.8" daemon [_thread_in_native, id=17352, stack(0x0000008b2fc00000,0x0000008b2fd00000) (1024K)]
  0x0000025bc59d5a70 JavaThread "RMI Scheduler(0)"           daemon [_thread_blocked, id=13048, stack(0x0000008b2fd00000,0x0000008b2fe00000) (1024K)]
  0x0000025bc6299270 JavaThread "JMX server connection timeout 36" daemon [_thread_blocked, id=2588, stack(0x0000008b2fe00000,0x0000008b2ff00000) (1024K)]
  0x0000025bc62e1520 JavaThread "InvokeLaterDispatcher"      daemon [_thread_blocked, id=11676, stack(0x0000008b2ff00000,0x0000008b30000000) (1024K)]
  0x0000025bc65becf0 JavaThread "JavaFX Application Thread"         [_thread_in_Java, id=2964, stack(0x0000008b30000000,0x0000008b30100000) (1024K)]
  0x0000025bc6687e00 JavaThread "JavaFX-Launcher"                   [_thread_blocked, id=6316, stack(0x0000008b30300000,0x0000008b30400000) (1024K)]
  0x0000025bc66870e0 JavaThread "Thread-2"                   daemon [_thread_in_native, id=6484, stack(0x0000008b30200000,0x0000008b30300000) (1024K)]
  0x0000025bc6686a50 JavaThread "Prism Font Disposer"        daemon [_thread_blocked, id=12492, stack(0x0000008b30400000,0x0000008b30500000) (1024K)]
  0x0000025bf10f5c60 JavaThread "Cleaner-0"                  daemon [_thread_blocked, id=2968, stack(0x0000008b30a00000,0x0000008b30b00000) (1024K)]
  0x0000025bf0afc040 JavaThread "ServerListener"             daemon [_thread_in_native, id=11496, stack(0x0000008b2f000000,0x0000008b2f100000) (1024K)]
  0x0000025bf14de8d0 JavaThread "Heartbeat"                  daemon [_thread_blocked, id=4828, stack(0x0000008b31000000,0x0000008b31100000) (1024K)]
  0x0000025bf14dc800 JavaThread "pool-2-thread-1"                   [_thread_blocked, id=8676, stack(0x0000008b30f00000,0x0000008b31000000) (1024K)]
  0x0000025bf0924ba0 JavaThread "JoinRoomTimeout"            daemon [_thread_blocked, id=16504, stack(0x0000008b2ed00000,0x0000008b2ee00000) (1024K)]
  0x0000025bc5b28d20 JavaThread "C2 CompilerThread1"         daemon [_thread_in_native, id=15772, stack(0x0000008b31100000,0x0000008b31200000) (1024K)]
  0x0000025bc70e84d0 JavaThread "C2 CompilerThread2"         daemon [_thread_in_native, id=8604, stack(0x0000008b31200000,0x0000008b31300000) (1024K)]
  0x0000025bf0923e80 JavaThread "GetFriendsListTimeout"             [_thread_blocked, id=2380, stack(0x0000008b31300000,0x0000008b31400000) (1024K)]
Total: 30

Other Threads:
  0x0000025bec61dcf0 VMThread "VM Thread"                           [id=6936, stack(0x0000008b2e300000,0x0000008b2e400000) (1024K)]
  0x0000025bec603290 WatcherThread "VM Periodic Task Thread"        [id=12960, stack(0x0000008b2e200000,0x0000008b2e300000) (1024K)]
  0x0000025bccd25990 WorkerThread "GC Thread#0"                     [id=14020, stack(0x0000008b2dd00000,0x0000008b2de00000) (1024K)]
  0x0000025bc6663770 WorkerThread "GC Thread#1"                     [id=7176, stack(0x0000008b2f100000,0x0000008b2f200000) (1024K)]
  0x0000025bc5b98bd0 WorkerThread "GC Thread#2"                     [id=17596, stack(0x0000008b2f200000,0x0000008b2f300000) (1024K)]
  0x0000025bc5b98f80 WorkerThread "GC Thread#3"                     [id=2272, stack(0x0000008b2f300000,0x0000008b2f400000) (1024K)]
  0x0000025bc616ec30 WorkerThread "GC Thread#4"                     [id=17272, stack(0x0000008b2f400000,0x0000008b2f500000) (1024K)]
  0x0000025bc616efe0 WorkerThread "GC Thread#5"                     [id=11896, stack(0x0000008b2f500000,0x0000008b2f600000) (1024K)]
  0x0000025bc5af8ef0 WorkerThread "GC Thread#6"                     [id=2540, stack(0x0000008b2f600000,0x0000008b2f700000) (1024K)]
  0x0000025bc5aafbc0 WorkerThread "GC Thread#7"                     [id=18072, stack(0x0000008b2f700000,0x0000008b2f800000) (1024K)]
  0x0000025bc5aaf0b0 WorkerThread "GC Thread#8"                     [id=14008, stack(0x0000008b2f800000,0x0000008b2f900000) (1024K)]
  0x0000025bc5aae950 WorkerThread "GC Thread#9"                     [id=2132, stack(0x0000008b2f900000,0x0000008b2fa00000) (1024K)]
  0x0000025bccd3a440 ConcurrentGCThread "G1 Main Marker"            [id=13324, stack(0x0000008b2de00000,0x0000008b2df00000) (1024K)]
  0x0000025bccd3af50 WorkerThread "G1 Conc#0"                       [id=3992, stack(0x0000008b2df00000,0x0000008b2e000000) (1024K)]
  0x0000025bc6f84110 WorkerThread "G1 Conc#1"                       [id=17492, stack(0x0000008b30800000,0x0000008b30900000) (1024K)]
  0x0000025bc6f83600 WorkerThread "G1 Conc#2"                       [id=17572, stack(0x0000008b30900000,0x0000008b30a00000) (1024K)]
  0x0000025bec4d28f0 ConcurrentGCThread "G1 Refine#0"               [id=17136, stack(0x0000008b2e000000,0x0000008b2e100000) (1024K)]
  0x0000025bec4d3280 ConcurrentGCThread "G1 Service"                [id=18636, stack(0x0000008b2e100000,0x0000008b2e200000) (1024K)]
Total: 18

Threads with active compile tasks:
C2 CompilerThread0  23413 5486       4       com.sun.javafx.css.SelectorPartitioning::match (696 bytes)
C1 CompilerThread0  23413 5689       3       java.util.TimSort::mergeHi (732 bytes)
C2 CompilerThread1  23413 5678   !   4       javafx.css.CssLexer::getToken (1356 bytes)
C2 CompilerThread2  23413 5658 %     4       com.sun.javafx.image.impl.BaseByteToByteConverter$FourByteReorderer::doConvert @ 27 (138 bytes)
Total: 4

VM state: not at safepoint (normal execution)

VM Mutex/Monitor currently owned by a thread: None

Heap address: 0x0000000704800000, size: 4024 MB, Compressed Oops mode: Zero based, Oop shift amount: 3

CDS archive(s) mapped at: [0x0000025b80000000-0x0000025b80d70000-0x0000025b80d70000), size 14090240, SharedBaseAddress: 0x0000025b80000000, ArchiveRelocationMode: 1.
Compressed class space mapped at: 0x0000025b81000000-0x0000025bc1000000, reserved size: 1073741824
Narrow klass base: 0x0000025b80000000, Narrow klass shift: 0, Narrow klass range: 0x41000000

GC Precious Log:
 CardTable entry size: 512
 Card Set container configuration: InlinePtr #cards 4 size 8 Array Of Cards #cards 16 size 48 Howl #buckets 8 coarsen threshold 3686 Howl Bitmap #cards 512 size 80 coarsen threshold 460 Card regions per heap region 1 cards per card region 4096
 CPUs: 12 total, 12 available
 Memory: 16088M
 Large Page Support: Disabled
 NUMA Support: Disabled
 Compressed Oops: Enabled (Zero based)
 Heap Region Size: 2M
 Heap Min Capacity: 8M
 Heap Initial Capacity: 252M
 Heap Max Capacity: 4024M
 Pre-touch: Disabled
 Parallel Workers: 10
 Concurrent Workers: 3
 Concurrent Refinement Workers: 10
 Periodic GC: Disabled

Heap:
 garbage-first heap   total reserved 4120576K, committed 61440K, used 34107K [0x0000000704800000, 0x0000000800000000)
  region size 2048K, 10 young (20480K), 2 survivors (4096K)
 Metaspace       used 25811K, committed 26240K, reserved 1114112K
  class space    used 3707K, committed 3904K, reserved 1048576K

Heap Regions: E=young(eden), S=young(survivor), O=old, HS=humongous(starts), HC=humongous(continues), CS=collection set, F=free, TAMS=top-at-mark-start, PB=parsable bottom
|   0|0x0000000704800000, 0x0000000704a00000, 0x0000000704a00000|100%| O|  |TAMS 0x0000000704800000| PB 0x0000000704800000| Untracked |  0
|   1|0x0000000704a00000, 0x0000000704c00000, 0x0000000704c00000|100%| O|  |TAMS 0x0000000704a00000| PB 0x0000000704a00000| Untracked |  0
|   2|0x0000000704c00000, 0x0000000704d92b80, 0x0000000704e00000| 78%| O|  |TAMS 0x0000000704c00000| PB 0x0000000704c00000| Untracked |  0
|   3|0x0000000704e00000, 0x0000000704e00000, 0x0000000705000000|  0%| F|  |TAMS 0x0000000704e00000| PB 0x0000000704e00000| Untracked |  0
|   4|0x0000000705000000, 0x0000000705200000, 0x0000000705200000|100%|HS|  |TAMS 0x0000000705000000| PB 0x0000000705000000| Complete |  0
|   5|0x0000000705200000, 0x0000000705200000, 0x0000000705400000|  0%| F|  |TAMS 0x0000000705200000| PB 0x0000000705200000| Untracked |  0
|   6|0x0000000705400000, 0x0000000705400000, 0x0000000705600000|  0%| F|  |TAMS 0x0000000705400000| PB 0x0000000705400000| Untracked |  0
|   7|0x0000000705600000, 0x0000000705600000, 0x0000000705800000|  0%| F|  |TAMS 0x0000000705600000| PB 0x0000000705600000| Untracked |  0
|   8|0x0000000705800000, 0x0000000705800000, 0x0000000705a00000|  0%| F|  |TAMS 0x0000000705800000| PB 0x0000000705800000| Untracked |  0
|   9|0x0000000705a00000, 0x0000000705a00000, 0x0000000705c00000|  0%| F|  |TAMS 0x0000000705a00000| PB 0x0000000705a00000| Untracked |  0
|  10|0x0000000705c00000, 0x0000000705c00000, 0x0000000705e00000|  0%| F|  |TAMS 0x0000000705c00000| PB 0x0000000705c00000| Untracked |  0
|  11|0x0000000705e00000, 0x0000000705e00000, 0x0000000706000000|  0%| F|  |TAMS 0x0000000705e00000| PB 0x0000000705e00000| Untracked |  0
|  12|0x0000000706000000, 0x0000000706000000, 0x0000000706200000|  0%| F|  |TAMS 0x0000000706000000| PB 0x0000000706000000| Untracked |  0
|  13|0x0000000706200000, 0x0000000706200000, 0x0000000706400000|  0%| F|  |TAMS 0x0000000706200000| PB 0x0000000706200000| Untracked |  0
|  14|0x0000000706400000, 0x0000000706400000, 0x0000000706600000|  0%| F|  |TAMS 0x0000000706400000| PB 0x0000000706400000| Untracked |  0
|  15|0x0000000706600000, 0x0000000706600000, 0x0000000706800000|  0%| F|  |TAMS 0x0000000706600000| PB 0x0000000706600000| Untracked |  0
|  16|0x0000000706800000, 0x00000007068b2388, 0x0000000706a00000| 34%| E|  |TAMS 0x0000000706800000| PB 0x0000000706800000| Complete |  0
|  17|0x0000000706a00000, 0x0000000706c00000, 0x0000000706c00000|100%| E|CS|TAMS 0x0000000706a00000| PB 0x0000000706a00000| Complete |  0
|  18|0x0000000706c00000, 0x0000000706e00000, 0x0000000706e00000|100%| E|CS|TAMS 0x0000000706c00000| PB 0x0000000706c00000| Complete |  0
|  19|0x0000000706e00000, 0x0000000707000000, 0x0000000707000000|100%| S|CS|TAMS 0x0000000706e00000| PB 0x0000000706e00000| Complete |  0
|  20|0x0000000707000000, 0x00000007071d3f00, 0x0000000707200000| 91%| S|CS|TAMS 0x0000000707000000| PB 0x0000000707000000| Complete |  0
|  97|0x0000000710a00000, 0x0000000710c00000, 0x0000000710c00000|100%| E|CS|TAMS 0x0000000710a00000| PB 0x0000000710a00000| Complete |  0
|  98|0x0000000710c00000, 0x0000000710e00000, 0x0000000710e00000|100%| E|CS|TAMS 0x0000000710c00000| PB 0x0000000710c00000| Complete |  0
|  99|0x0000000710e00000, 0x0000000711000000, 0x0000000711000000|100%| E|CS|TAMS 0x0000000710e00000| PB 0x0000000710e00000| Complete |  0
| 100|0x0000000711000000, 0x0000000711200000, 0x0000000711200000|100%| E|CS|TAMS 0x0000000711000000| PB 0x0000000711000000| Complete |  0
| 125|0x0000000714200000, 0x0000000714400000, 0x0000000714400000|100%| E|CS|TAMS 0x0000000714200000| PB 0x0000000714200000| Complete |  0
|2008|0x00000007ff800000, 0x00000007ff9e82f0, 0x00000007ffa00000| 95%| O|  |TAMS 0x00000007ff800000| PB 0x00000007ff800000| Untracked |  0
|2009|0x00000007ffa00000, 0x00000007ffc00000, 0x00000007ffc00000|100%| O|  |TAMS 0x00000007ffa00000| PB 0x00000007ffa00000| Untracked |  1
|2010|0x00000007ffc00000, 0x00000007ffe00000, 0x00000007ffe00000|100%| O|  |TAMS 0x00000007ffc00000| PB 0x00000007ffc00000| Untracked |  0
|2011|0x00000007ffe00000, 0x0000000800000000, 0x0000000800000000|100%| O|  |TAMS 0x00000007ffe00000| PB 0x00000007ffe00000| Untracked |  0

Card table byte_map: [0x0000025be5230000,0x0000025be5a10000] _byte_map_base: 0x0000025be1a0c000

Marking Bits: (CMBitMap*) 0x0000025bccd260a0
 Bits: [0x0000025be5a10000, 0x0000025be98f0000)

Polling page: 0x0000025bcaab0000

Metaspace:

Usage:
  Non-class:     21.59 MB used.
      Class:      3.62 MB used.
       Both:     25.21 MB used.

Virtual space:
  Non-class space:       64.00 MB reserved,      21.81 MB ( 34%) committed,  1 nodes.
      Class space:        1.00 GB reserved,       3.81 MB ( <1%) committed,  1 nodes.
             Both:        1.06 GB reserved,      25.62 MB (  2%) committed. 

Chunk freelists:
   Non-Class:  9.51 MB
       Class:  12.23 MB
        Both:  21.74 MB

MaxMetaspaceSize: unlimited
CompressedClassSpaceSize: 1.00 GB
Initial GC threshold: 21.00 MB
Current GC threshold: 35.12 MB
CDS: on
 - commit_granule_bytes: 65536.
 - commit_granule_words: 8192.
 - virtual_space_node_default_size: 8388608.
 - enlarge_chunks_in_place: 1.
 - use_allocation_guard: 0.


Internal statistics:

num_allocs_failed_limit: 5.
num_arena_births: 576.
num_arena_deaths: 0.
num_vsnodes_births: 2.
num_vsnodes_deaths: 0.
num_space_committed: 410.
num_space_uncommitted: 0.
num_chunks_returned_to_freelist: 5.
num_chunks_taken_from_freelist: 1294.
num_chunk_merges: 5.
num_chunk_splits: 896.
num_chunks_enlarged: 644.
num_inconsistent_stats: 0.

CodeHeap 'non-profiled nmethods': size=120064Kb used=2023Kb max_used=2023Kb free=118040Kb
 bounds [0x0000025bdceb0000, 0x0000025bdd120000, 0x0000025be43f0000]
CodeHeap 'profiled nmethods': size=120000Kb used=9027Kb max_used=9027Kb free=110972Kb
 bounds [0x0000025bd53f0000, 0x0000025bd5cd0000, 0x0000025bdc920000]
CodeHeap 'non-nmethods': size=5696Kb used=1901Kb max_used=1930Kb free=3794Kb
 bounds [0x0000025bdc920000, 0x0000025bdcb90000, 0x0000025bdceb0000]
CodeCache: size=245760Kb, used=12951Kb, max_used=12980Kb, free=232806Kb
 total_blobs=6593, nmethods=5672, adapters=824, full_count=0
Compilation: enabled, stopped_count=0, restarted_count=0

Compilation events (20 events):
Event: 17.231 Thread 0x0000025bc504ebf0 5522       3       com.google.gson.internal.bind.JsonTreeReader::expect (55 bytes)
Event: 17.231 Thread 0x0000025bc5b28d20 5491       4       com.sun.javafx.css.StyleManager$Cache::getStyleMap (400 bytes)
Event: 18.232 Thread 0x0000025bc504ebf0 nmethod 5522 0x0000025bd5c66188 code [0x0000025bd5c66460, 0x0000025bd5c675e0]
Event: 18.232 Thread 0x0000025bc504ebf0 5527       3       javafx.css.StyleableDoubleProperty::set (13 bytes)
Event: 18.233 Thread 0x0000025bc504ebf0 nmethod 5527 0x0000025bd5c67688 code [0x0000025bd5c677c0, 0x0000025bd5c67978]
Event: 18.233 Thread 0x0000025bc504ebf0 5529       3       java.lang.invoke.MethodHandles$Lookup::restrictProtectedReceiver (51 bytes)
Event: 18.233 Thread 0x0000025bc504ebf0 nmethod 5529 0x0000025bd5c67a08 code [0x0000025bd5c67b60, 0x0000025bd5c68028]
Event: 18.233 Thread 0x0000025bc504ebf0 5519       3       com.sun.javafx.sg.prism.NGRegion::renderAsShape (471 bytes)
Event: 18.235 Thread 0x0000025bc504ebf0 nmethod 5519 0x0000025bd5c68088 code [0x0000025bd5c684c0, 0x0000025bd5c6a768]
Event: 18.235 Thread 0x0000025bc504ebf0 5530       3       javafx.scene.Node::opacityProperty (25 bytes)
Event: 18.235 Thread 0x0000025bc504ebf0 nmethod 5530 0x0000025bd5c6a908 code [0x0000025bd5c6aa60, 0x0000025bd5c6ae28]
Event: 18.235 Thread 0x0000025bc504ebf0 5531       3       javafx.scene.Node::setOpacity (9 bytes)
Event: 18.235 Thread 0x0000025bc504ebf0 nmethod 5531 0x0000025bd5c6ae88 code [0x0000025bd5c6afc0, 0x0000025bd5c6b1d8]
Event: 18.235 Thread 0x0000025bc504ebf0 5532       3       java.util.ArrayList::set (24 bytes)
Event: 18.235 Thread 0x0000025bc504ebf0 nmethod 5532 0x0000025bd5c6b208 code [0x0000025bd5c6b340, 0x0000025bd5c6b780]
Event: 18.235 Thread 0x0000025bc504ebf0 5533       3       javafx.scene.shape.SVGPath::getFillRule (24 bytes)
Event: 18.235 Thread 0x0000025bc504ebf0 nmethod 5533 0x0000025bd5c6b808 code [0x0000025bd5c6b960, 0x0000025bd5c6bdc0]
Event: 18.235 Thread 0x0000025bc504ebf0 5534       3       java.util.concurrent.ThreadPoolExecutor::runStateAtLeast (11 bytes)
Event: 18.235 Thread 0x0000025bc504ebf0 nmethod 5534 0x0000025bd5c6be08 code [0x0000025bd5c6bf20, 0x0000025bd5c6c058]
Event: 18.236 Thread 0x0000025bc504ebf0 5535       3       com.sun.javafx.geom.transform.AffineBase::calculateType (598 bytes)

GC Heap History (8 events):
Event: 0.338 GC heap before
{Heap before GC invocations=0 (full 0):
 garbage-first heap   total reserved 4120576K, committed 258048K, used 24576K [0x0000000704800000, 0x0000000800000000)
  region size 2048K, 12 young (24576K), 0 survivors (0K)
 Metaspace       used 6721K, committed 6912K, reserved 1114112K
  class space    used 785K, committed 896K, reserved 1048576K
}
Event: 0.342 GC heap after
{Heap after GC invocations=1 (full 0):
 garbage-first heap   total reserved 4120576K, committed 258048K, used 4206K [0x0000000704800000, 0x0000000800000000)
  region size 2048K, 2 young (4096K), 2 survivors (4096K)
 Metaspace       used 6721K, committed 6912K, reserved 1114112K
  class space    used 785K, committed 896K, reserved 1048576K
}
Event: 0.608 GC heap before
{Heap before GC invocations=1 (full 0):
 garbage-first heap   total reserved 4120576K, committed 258048K, used 26734K [0x0000000704800000, 0x0000000800000000)
  region size 2048K, 13 young (26624K), 2 survivors (4096K)
 Metaspace       used 13896K, committed 14272K, reserved 1114112K
  class space    used 1764K, committed 1920K, reserved 1048576K
}
Event: 0.611 GC heap after
{Heap after GC invocations=2 (full 0):
 garbage-first heap   total reserved 4120576K, committed 258048K, used 7958K [0x0000000704800000, 0x0000000800000000)
  region size 2048K, 2 young (4096K), 2 survivors (4096K)
 Metaspace       used 13896K, committed 14272K, reserved 1114112K
  class space    used 1764K, committed 1920K, reserved 1048576K
}
Event: 1.055 GC heap before
{Heap before GC invocations=2 (full 0):
 garbage-first heap   total reserved 4120576K, committed 258048K, used 50966K [0x0000000704800000, 0x0000000800000000)
  region size 2048K, 25 young (51200K), 2 survivors (4096K)
 Metaspace       used 21097K, committed 21504K, reserved 1114112K
  class space    used 3178K, committed 3392K, reserved 1048576K
}
Event: 1.059 GC heap after
{Heap after GC invocations=3 (full 0):
 garbage-first heap   total reserved 4120576K, committed 258048K, used 13898K [0x0000000704800000, 0x0000000800000000)
  region size 2048K, 4 young (8192K), 4 survivors (8192K)
 Metaspace       used 21097K, committed 21504K, reserved 1114112K
  class space    used 3178K, committed 3392K, reserved 1048576K
}
Event: 7.137 GC heap before
{Heap before GC invocations=4 (full 0):
 garbage-first heap   total reserved 4120576K, committed 49152K, used 46666K [0x0000000704800000, 0x0000000800000000)
  region size 2048K, 19 young (38912K), 4 survivors (8192K)
 Metaspace       used 24799K, committed 25216K, reserved 1114112K
  class space    used 3600K, committed 3776K, reserved 1048576K
}
Event: 7.150 GC heap after
{Heap after GC invocations=5 (full 0):
 garbage-first heap   total reserved 4120576K, committed 61440K, used 19771K [0x0000000704800000, 0x0000000800000000)
  region size 2048K, 2 young (4096K), 2 survivors (4096K)
 Metaspace       used 24799K, committed 25216K, reserved 1114112K
  class space    used 3600K, committed 3776K, reserved 1048576K
}

Dll operation events (20 events):
Event: 0.261 Loaded shared library C:\Users\dipht\.openjfx\cache\21.0.1+6\amd64\api-ms-win-crt-heap-l1-1-0.dll
Event: 0.265 Loaded shared library C:\Users\dipht\.openjfx\cache\21.0.1+6\amd64\api-ms-win-crt-locale-l1-1-0.dll
Event: 0.268 Loaded shared library C:\Users\dipht\.openjfx\cache\21.0.1+6\amd64\api-ms-win-crt-math-l1-1-0.dll
Event: 0.272 Loaded shared library C:\Users\dipht\.openjfx\cache\21.0.1+6\amd64\api-ms-win-crt-multibyte-l1-1-0.dll
Event: 0.275 Loaded shared library C:\Users\dipht\.openjfx\cache\21.0.1+6\amd64\api-ms-win-crt-private-l1-1-0.dll
Event: 0.278 Loaded shared library C:\Users\dipht\.openjfx\cache\21.0.1+6\amd64\api-ms-win-crt-process-l1-1-0.dll
Event: 0.281 Loaded shared library C:\Users\dipht\.openjfx\cache\21.0.1+6\amd64\api-ms-win-crt-runtime-l1-1-0.dll
Event: 0.284 Loaded shared library C:\Users\dipht\.openjfx\cache\21.0.1+6\amd64\api-ms-win-crt-stdio-l1-1-0.dll
Event: 0.288 Loaded shared library C:\Users\dipht\.openjfx\cache\21.0.1+6\amd64\api-ms-win-crt-string-l1-1-0.dll
Event: 0.292 Loaded shared library C:\Users\dipht\.openjfx\cache\21.0.1+6\amd64\api-ms-win-crt-time-l1-1-0.dll
Event: 0.296 Loaded shared library C:\Users\dipht\.openjfx\cache\21.0.1+6\amd64\api-ms-win-crt-utility-l1-1-0.dll
Event: 0.307 Loaded shared library C:\Users\dipht\.openjfx\cache\21.0.1+6\amd64\ucrtbase.dll
Event: 0.310 Loaded shared library C:\Users\dipht\.openjfx\cache\21.0.1+6\amd64\vcruntime140.dll
Event: 0.314 Loaded shared library C:\Users\dipht\.openjfx\cache\21.0.1+6\amd64\vcruntime140_1.dll
Event: 0.321 Loaded shared library C:\Users\dipht\.openjfx\cache\21.0.1+6\amd64\msvcp140.dll
Event: 0.323 Loaded shared library C:\Users\dipht\.openjfx\cache\21.0.1+6\amd64\msvcp140_1.dll
Event: 0.327 Loaded shared library C:\Users\dipht\.openjfx\cache\21.0.1+6\amd64\msvcp140_2.dll
Event: 0.353 Loaded shared library C:\Users\dipht\.openjfx\cache\21.0.1+6\amd64\prism_d3d.dll
Event: 0.405 Loaded shared library C:\Users\dipht\.openjfx\cache\21.0.1+6\amd64\glass.dll
Event: 0.605 Loaded shared library C:\Users\dipht\.openjfx\cache\21.0.1+6\amd64\javafx_font.dll

Deoptimization events (20 events):
Event: 16.195 Thread 0x0000025bc65becf0 Uncommon trap: trap_request=0xffffffbe fr.pc=0x0000025bdd096304 relative=0x0000000000002f84
Event: 16.195 Thread 0x0000025bc65becf0 Uncommon trap: reason=profile_predicate action=maybe_recompile pc=0x0000025bdd096304 method=javafx.css.CompoundSelector.applies(Ljavafx/css/Styleable;[Ljava/util/Set;I)Z @ 89 c2
Event: 16.195 Thread 0x0000025bc65becf0 DEOPT PACKING pc=0x0000025bdd096304 sp=0x0000008b300fcdd0
Event: 16.195 Thread 0x0000025bc65becf0 DEOPT UNPACKING pc=0x0000025bdc974402 sp=0x0000008b300fcd10 mode 2
Event: 16.195 Thread 0x0000025bc65becf0 Uncommon trap: trap_request=0xffffffbe fr.pc=0x0000025bdd096304 relative=0x0000000000002f84
Event: 16.195 Thread 0x0000025bc65becf0 Uncommon trap: reason=profile_predicate action=maybe_recompile pc=0x0000025bdd096304 method=javafx.css.CompoundSelector.applies(Ljavafx/css/Styleable;[Ljava/util/Set;I)Z @ 89 c2
Event: 16.195 Thread 0x0000025bc65becf0 DEOPT PACKING pc=0x0000025bdd096304 sp=0x0000008b300fcdd0
Event: 16.195 Thread 0x0000025bc65becf0 DEOPT UNPACKING pc=0x0000025bdc974402 sp=0x0000008b300fcd10 mode 2
Event: 16.195 Thread 0x0000025bc65becf0 DEOPT PACKING pc=0x0000025bd576b830 sp=0x0000008b300fcdb0
Event: 16.195 Thread 0x0000025bc65becf0 DEOPT UNPACKING pc=0x0000025bdc974b22 sp=0x0000008b300fc2a0 mode 0
Event: 16.202 Thread 0x0000025bc65becf0 Uncommon trap: trap_request=0xffffff45 fr.pc=0x0000025bdd06d510 relative=0x0000000000000c50
Event: 16.202 Thread 0x0000025bc65becf0 Uncommon trap: reason=unstable_if action=reinterpret pc=0x0000025bdd06d510 method=javafx.scene.Node.updateLocalToParentTransform()V @ 337 c2
Event: 16.202 Thread 0x0000025bc65becf0 DEOPT PACKING pc=0x0000025bdd06d510 sp=0x0000008b300fe470
Event: 16.202 Thread 0x0000025bc65becf0 DEOPT UNPACKING pc=0x0000025bdc974402 sp=0x0000008b300fe410 mode 2
Event: 16.204 Thread 0x0000025bc5aa4150 DEOPT PACKING pc=0x0000025bd5c3d066 sp=0x0000008b2fafdde0
Event: 16.204 Thread 0x0000025bc5aa4150 DEOPT UNPACKING pc=0x0000025bdc974b22 sp=0x0000008b2fafd210 mode 0
Event: 17.231 Thread 0x0000025bc65becf0 Uncommon trap: trap_request=0xffffff45 fr.pc=0x0000025bdd02579c relative=0x000000000000023c
Event: 17.231 Thread 0x0000025bc65becf0 Uncommon trap: reason=unstable_if action=reinterpret pc=0x0000025bdd02579c method=com.sun.javafx.geom.transform.AffineBase.calculateType()I @ 117 c2
Event: 17.231 Thread 0x0000025bc65becf0 DEOPT PACKING pc=0x0000025bdd02579c sp=0x0000008b300fe100
Event: 17.231 Thread 0x0000025bc65becf0 DEOPT UNPACKING pc=0x0000025bdc974402 sp=0x0000008b300fe080 mode 2

Classes loaded (20 events):
Event: 3.986 Loading class java/io/InvalidObjectException
Event: 3.986 Loading class java/io/InvalidObjectException done
Event: 3.988 Loading class jdk/internal/event/ThreadSleepEvent
Event: 3.988 Loading class jdk/internal/event/ThreadSleepEvent done
Event: 5.147 Loading class java/util/concurrent/Executors$AutoShutdownDelegatedExecutorService
Event: 5.147 Loading class java/util/concurrent/Executors$DelegatedExecutorService
Event: 5.147 Loading class java/util/concurrent/Executors$DelegatedExecutorService done
Event: 5.147 Loading class java/util/concurrent/Executors$AutoShutdownDelegatedExecutorService done
Event: 5.171 Loading class sun/util/resources/LocaleData$CommonResourceBundleProvider
Event: 5.171 Loading class sun/util/resources/LocaleData$LocaleDataResourceBundleProvider
Event: 5.171 Loading class java/util/spi/ResourceBundleProvider
Event: 5.172 Loading class java/util/spi/ResourceBundleProvider done
Event: 5.172 Loading class sun/util/resources/LocaleData$LocaleDataResourceBundleProvider done
Event: 5.172 Loading class sun/util/resources/LocaleData$CommonResourceBundleProvider done
Event: 5.172 Loading class sun/util/resources/Bundles$2
Event: 5.172 Loading class sun/util/resources/Bundles$2 done
Event: 7.132 Loading class java/io/PushbackReader
Event: 7.132 Loading class java/io/FilterReader
Event: 7.132 Loading class java/io/FilterReader done
Event: 7.132 Loading class java/io/PushbackReader done

Classes unloaded (0 events):
No events

Classes redefined (0 events):
No events

Internal exceptions (20 events):
Event: 0.999 Thread 0x0000025bc65becf0 Exception <a 'java/io/FileNotFoundException'{0x0000000711781290}> (0x0000000711781290) 
thrown [s\open\src\hotspot\share\prims\jni.cpp, line 520]
Event: 1.000 Thread 0x0000025bc65becf0 Exception <a 'java/io/FileNotFoundException'{0x00000007117828e0}> (0x00000007117828e0) 
thrown [s\open\src\hotspot\share\prims\jni.cpp, line 520]
Event: 1.000 Thread 0x0000025bc65becf0 Exception <a 'java/io/FileNotFoundException'{0x0000000711783f48}> (0x0000000711783f48) 
thrown [s\open\src\hotspot\share\prims\jni.cpp, line 520]
Event: 1.000 Thread 0x0000025bc65becf0 Exception <a 'java/io/FileNotFoundException'{0x0000000711785598}> (0x0000000711785598) 
thrown [s\open\src\hotspot\share\prims\jni.cpp, line 520]
Event: 1.015 Thread 0x0000025bc65becf0 Exception <a 'java/lang/NoSuchMethodError'{0x0000000711434780}: 'java.lang.Object java.lang.invoke.DirectMethodHandle$Holder.newInvokeSpecial(java.lang.Object, java.lang.Object, int)'> (0x0000000711434780) 
thrown [s\open\src\hotspot\share\interpreter\linkResolver.cpp, line 796]
Event: 1.066 Thread 0x0000025bc65becf0 Exception <a 'java/lang/NoSuchMethodError'{0x000000071424f3a0}: 'long java.lang.invoke.DirectMethodHandle$Holder.invokeStatic(java.lang.Object, java.lang.Object, java.lang.Object)'> (0x000000071424f3a0) 
thrown [s\open\src\hotspot\share\interpreter\linkResolver.cpp, line 796]
Event: 1.066 Thread 0x0000025bc65becf0 Exception <a 'java/lang/NoSuchMethodError'{0x0000000714252788}: 'long java.lang.invoke.DirectMethodHandle$Holder.invokeStaticInit(java.lang.Object, java.lang.Object, java.lang.Object)'> (0x0000000714252788) 
thrown [s\open\src\hotspot\share\interpreter\linkResolver.cpp, line 796]
Event: 1.067 Thread 0x0000025bc65becf0 Exception <a 'java/lang/NoSuchMethodError'{0x0000000714267018}: 'java.lang.Object java.lang.invoke.DirectMethodHandle$Holder.newInvokeSpecial(java.lang.Object, java.lang.Object, long)'> (0x0000000714267018) 
thrown [s\open\src\hotspot\share\interpreter\linkResolver.cpp, line 796]
Event: 1.077 Thread 0x0000025bc5aa4150 Exception <a 'java/lang/NoSuchMethodError'{0x00000007143d9380}: 'java.lang.Object java.lang.invoke.DirectMethodHandle$Holder.invokeStaticInit(java.lang.Object, int)'> (0x00000007143d9380) 
thrown [s\open\src\hotspot\share\interpreter\linkResolver.cpp, line 796]
Event: 1.731 Thread 0x0000025bc65becf0 Exception <a 'java/lang/NoSuchMethodError'{0x0000000714294d60}: 'java.lang.Object java.lang.invoke.DirectMethodHandle$Holder.newInvokeSpecial(java.lang.Object, java.lang.Object, java.lang.Object, int, java.lang.Object, java.lang.Object, java.lang.Object, int)'> (0x0000000714294d60) 
thrown [s\open\src\hotspot\share\interpreter\linkResolver.cpp, line 796]
Event: 4.102 Thread 0x0000025bc65becf0 Implicit null exception at 0x0000025bdcfdf04e to 0x0000025bdcfdf0d4
Event: 4.119 Thread 0x0000025bc65becf0 Exception <a 'java/io/FileNotFoundException'{0x00000007063d2ea8}> (0x00000007063d2ea8) 
thrown [s\open\src\hotspot\share\prims\jni.cpp, line 520]
Event: 4.119 Thread 0x0000025bc65becf0 Exception <a 'java/io/FileNotFoundException'{0x00000007063d3f98}> (0x00000007063d3f98) 
thrown [s\open\src\hotspot\share\prims\jni.cpp, line 520]
Event: 4.119 Thread 0x0000025bc65becf0 Exception <a 'java/io/FileNotFoundException'{0x00000007063d50a0}> (0x00000007063d50a0) 
thrown [s\open\src\hotspot\share\prims\jni.cpp, line 520]
Event: 4.119 Thread 0x0000025bc65becf0 Exception <a 'java/io/FileNotFoundException'{0x00000007063d6190}> (0x00000007063d6190) 
thrown [s\open\src\hotspot\share\prims\jni.cpp, line 520]
Event: 5.176 Thread 0x0000025bc65becf0 Exception <a 'java/io/FileNotFoundException'{0x0000000705e3bb30}> (0x0000000705e3bb30) 
thrown [s\open\src\hotspot\share\prims\jni.cpp, line 520]
Event: 5.393 Thread 0x0000025bc65becf0 Exception <a 'java/io/FileNotFoundException'{0x0000000705f75040}> (0x0000000705f75040) 
thrown [s\open\src\hotspot\share\prims\jni.cpp, line 520]
Event: 5.396 Thread 0x0000025bc65becf0 Exception <a 'java/io/FileNotFoundException'{0x0000000705c078e0}> (0x0000000705c078e0) 
thrown [s\open\src\hotspot\share\prims\jni.cpp, line 520]
Event: 7.137 Thread 0x0000025bc65becf0 Exception <a 'java/io/FileNotFoundException'{0x00000007053f0058}> (0x00000007053f0058) 
thrown [s\open\src\hotspot\share\prims\jni.cpp, line 520]
Event: 16.380 Thread 0x0000025bf0afc040 Exception <a 'java/lang/NoSuchMethodError'{0x0000000710c98f20}: 'java.lang.Object java.lang.invoke.DirectMethodHandle$Holder.newInvokeSpecial(java.lang.Object, java.lang.Object, int, java.lang.Object, java.lang.Object)'> (0x0000000710c98f20) 
thrown [s\open\src\hotspot\share\interpreter\linkResolver.cpp, line 796]

VM Operations (20 events):
Event: 0.950 Executing VM operation: HandshakeAllThreads (Deoptimize)
Event: 0.950 Executing VM operation: HandshakeAllThreads (Deoptimize) done
Event: 1.055 Executing VM operation: CollectForMetadataAllocation (Metadata GC Threshold)
Event: 1.059 Executing VM operation: CollectForMetadataAllocation (Metadata GC Threshold) done
Event: 1.059 Executing VM operation: CollectForMetadataAllocation (Metadata GC Threshold)
Event: 1.059 Executing VM operation: CollectForMetadataAllocation (Metadata GC Threshold) done
Event: 1.062 Executing VM operation: G1PauseRemark
Event: 1.063 Executing VM operation: G1PauseRemark done
Event: 1.064 Executing VM operation: G1PauseCleanup
Event: 1.064 Executing VM operation: G1PauseCleanup done
Event: 4.110 Executing VM operation: HandshakeAllThreads (Deoptimize)
Event: 4.110 Executing VM operation: HandshakeAllThreads (Deoptimize) done
Event: 5.418 Executing VM operation: HandshakeAllThreads (Deoptimize)
Event: 5.418 Executing VM operation: HandshakeAllThreads (Deoptimize) done
Event: 7.130 Executing VM operation: HandshakeAllThreads (Deoptimize)
Event: 7.130 Executing VM operation: HandshakeAllThreads (Deoptimize) done
Event: 7.137 Executing VM operation: G1CollectForAllocation (G1 Evacuation Pause)
Event: 7.150 Executing VM operation: G1CollectForAllocation (G1 Evacuation Pause) done
Event: 7.180 Executing VM operation: HandshakeAllThreads (Deoptimize)
Event: 7.180 Executing VM operation: HandshakeAllThreads (Deoptimize) done

Memory protections (0 events):
No events

Nmethod flushes (0 events):
No events

Events (20 events):
Event: 1.416 Thread 0x0000025bc5226bc0 Thread exited: 0x0000025bc5226bc0
Event: 3.719 Thread 0x0000025bc65becf0 Thread added: 0x0000025bf0af9250
Event: 3.988 Thread 0x0000025bf0af9250 Thread added: 0x0000025bf0afc040
Event: 4.008 Thread 0x0000025bc504ebf0 Thread added: 0x0000025bf08af830
Event: 4.088 Thread 0x0000025bf0af9250 Thread added: 0x0000025bf14de8d0
Event: 4.089 Thread 0x0000025bf0af9250 Thread exited: 0x0000025bf0af9250
Event: 4.329 Thread 0x0000025bf08af830 Thread exited: 0x0000025bf08af830
Event: 5.161 Thread 0x0000025bc504ac40 Thread added: 0x0000025bf2717760
Event: 5.171 Thread 0x0000025bc65becf0 Thread added: 0x0000025bf14dc800
Event: 5.276 Thread 0x0000025bc65becf0 Thread added: 0x0000025bf14df5f0
Event: 5.515 Thread 0x0000025bc65becf0 Thread added: 0x0000025bc5ba61e0
Event: 5.864 Thread 0x0000025bf2717760 Thread exited: 0x0000025bf2717760
Event: 7.161 Thread 0x0000025bc504ebf0 Thread added: 0x0000025bf12d2610
Event: 7.450 Thread 0x0000025bf12d2610 Thread exited: 0x0000025bf12d2610
Event: 8.683 Thread 0x0000025bc504ebf0 Thread added: 0x0000025bf12d2610
Event: 8.792 Thread 0x0000025bf12d2610 Thread exited: 0x0000025bf12d2610
Event: 10.278 Thread 0x0000025bf14df5f0 Thread exited: 0x0000025bf14df5f0
Event: 10.518 Thread 0x0000025bc5ba61e0 Thread exited: 0x0000025bc5ba61e0
Event: 16.189 Thread 0x0000025bc65becf0 Thread added: 0x0000025bf0924ba0
Event: 17.230 Thread 0x0000025bc504ebf0 Thread added: 0x0000025bc5b28d20


Dynamic libraries:
0x00007ff699970000 - 0x00007ff699980000 	C:\Program Files\Java\jdk-23\bin\java.exe
0x00007ffd16f20000 - 0x00007ffd17188000 	C:\WINDOWS\SYSTEM32\ntdll.dll
0x00007ffd15d50000 - 0x00007ffd15e19000 	C:\WINDOWS\System32\KERNEL32.DLL
0x00007ffd14120000 - 0x00007ffd14518000 	C:\WINDOWS\System32\KERNELBASE.dll
0x00007ffd14550000 - 0x00007ffd1469b000 	C:\WINDOWS\System32\ucrtbase.dll
0x00007ffd10c10000 - 0x00007ffd10c27000 	C:\Program Files\Java\jdk-23\bin\jli.dll
0x00007ffd10bf0000 - 0x00007ffd10c0b000 	C:\Program Files\Java\jdk-23\bin\VCRUNTIME140.dll
0x00007ffd15ee0000 - 0x00007ffd160a7000 	C:\WINDOWS\System32\USER32.dll
0x00007ffd14520000 - 0x00007ffd14547000 	C:\WINDOWS\System32\win32u.dll
0x00007ffcfbc00000 - 0x00007ffcfbe94000 	C:\WINDOWS\WinSxS\amd64_microsoft.windows.common-controls_6595b64144ccf1df_6.0.26100.7019_none_3e06ffa0e335b8a8\COMCTL32.dll
0x00007ffd15e20000 - 0x00007ffd15e4b000 	C:\WINDOWS\System32\GDI32.dll
0x00007ffd14cc0000 - 0x00007ffd14d69000 	C:\WINDOWS\System32\msvcrt.dll
0x00007ffd14a20000 - 0x00007ffd14b4c000 	C:\WINDOWS\System32\gdi32full.dll
0x00007ffd14070000 - 0x00007ffd14113000 	C:\WINDOWS\System32\msvcp_win.dll
0x00007ffd15ba0000 - 0x00007ffd15bd1000 	C:\WINDOWS\System32\IMM32.DLL
0x00007ffd10be0000 - 0x00007ffd10bec000 	C:\Program Files\Java\jdk-23\bin\vcruntime140_1.dll
0x00007ffd0eb80000 - 0x00007ffd0ec0e000 	C:\Program Files\Java\jdk-23\bin\msvcp140.dll
0x00007ffc96960000 - 0x00007ffc976af000 	C:\Program Files\Java\jdk-23\bin\server\jvm.dll
0x00007ffd16e20000 - 0x00007ffd16ed4000 	C:\WINDOWS\System32\ADVAPI32.dll
0x00007ffd16190000 - 0x00007ffd16236000 	C:\WINDOWS\System32\sechost.dll
0x00007ffd16430000 - 0x00007ffd16548000 	C:\WINDOWS\System32\RPCRT4.dll
0x00007ffd14df0000 - 0x00007ffd14e64000 	C:\WINDOWS\System32\WS2_32.dll
0x00007ffcf9910000 - 0x00007ffcf991b000 	C:\WINDOWS\SYSTEM32\VERSION.dll
0x00007ffd13ed0000 - 0x00007ffd13f2e000 	C:\WINDOWS\SYSTEM32\POWRPROF.dll
0x00007ffd01bc0000 - 0x00007ffd01bf5000 	C:\WINDOWS\SYSTEM32\WINMM.dll
0x00007ffd13eb0000 - 0x00007ffd13ec4000 	C:\WINDOWS\SYSTEM32\UMPDC.dll
0x00007ffd12e30000 - 0x00007ffd12e4b000 	C:\WINDOWS\SYSTEM32\kernel.appcore.dll
0x00007ffd10bd0000 - 0x00007ffd10bda000 	C:\Program Files\Java\jdk-23\bin\jimage.dll
0x00007ffd111b0000 - 0x00007ffd113f2000 	C:\WINDOWS\SYSTEM32\DBGHELP.DLL
0x00007ffd15810000 - 0x00007ffd15b9b000 	C:\WINDOWS\System32\combase.dll
0x00007ffd160b0000 - 0x00007ffd16187000 	C:\WINDOWS\System32\OLEAUT32.dll
0x00007ffcf3390000 - 0x00007ffcf33cc000 	C:\WINDOWS\SYSTEM32\dbgcore.DLL
0x00007ffd14b50000 - 0x00007ffd14bf5000 	C:\WINDOWS\System32\bcryptPrimitives.dll
0x00007ffd0ed80000 - 0x00007ffd0ed8f000 	C:\Program Files\Java\jdk-23\bin\instrument.dll
0x00007ffd0eb60000 - 0x00007ffd0eb7e000 	C:\Program Files\Java\jdk-23\bin\java.dll
0x00007ffd154f0000 - 0x00007ffd15687000 	C:\WINDOWS\System32\ole32.dll
0x00007ffd16550000 - 0x00007ffd16c9f000 	C:\WINDOWS\System32\SHELL32.dll
0x00007ffd14820000 - 0x00007ffd1498b000 	C:\WINDOWS\System32\wintypes.dll
0x00007ffd11cb0000 - 0x00007ffd1250d000 	C:\WINDOWS\SYSTEM32\windows.storage.dll
0x00007ffd15710000 - 0x00007ffd15802000 	C:\WINDOWS\System32\SHCORE.dll
0x00007ffd15690000 - 0x00007ffd156f7000 	C:\WINDOWS\System32\shlwapi.dll
0x00007ffd13f90000 - 0x00007ffd13fb9000 	C:\WINDOWS\SYSTEM32\profapi.dll
0x00007ffd02900000 - 0x00007ffd029d7000 	C:\Program Files\Java\jdk-23\bin\jsvml.dll
0x00007ffd0eb50000 - 0x00007ffd0eb60000 	C:\Program Files\Java\jdk-23\bin\net.dll
0x00007ffd133a0000 - 0x00007ffd1340b000 	C:\WINDOWS\system32\mswsock.dll
0x00007ffd0eb30000 - 0x00007ffd0eb46000 	C:\Program Files\Java\jdk-23\bin\nio.dll
0x00007ffd0eb10000 - 0x00007ffd0eb27000 	C:\Program Files\Java\jdk-23\bin\zip.dll
0x0000025bc5c30000 - 0x0000025bc5c33000 	C:\Users\dipht\.openjfx\cache\21.0.1+6\amd64\api-ms-win-core-console-l1-1-0.dll
0x0000025bc5c40000 - 0x0000025bc5c43000 	C:\Users\dipht\.openjfx\cache\21.0.1+6\amd64\api-ms-win-core-console-l1-2-0.dll
0x0000025bc5c50000 - 0x0000025bc5c53000 	C:\Users\dipht\.openjfx\cache\21.0.1+6\amd64\api-ms-win-core-datetime-l1-1-0.dll
0x0000025bc5c60000 - 0x0000025bc5c63000 	C:\Users\dipht\.openjfx\cache\21.0.1+6\amd64\api-ms-win-core-debug-l1-1-0.dll
0x00007ffd129d0000 - 0x00007ffd12afc000 	C:\WINDOWS\SYSTEM32\DNSAPI.dll
0x00007ffd12990000 - 0x00007ffd129c4000 	C:\WINDOWS\SYSTEM32\IPHLPAPI.DLL
0x00007ffd15450000 - 0x00007ffd1545a000 	C:\WINDOWS\System32\NSI.dll
0x0000025bc5fb0000 - 0x0000025bc5fb3000 	C:\Users\dipht\.openjfx\cache\21.0.1+6\amd64\api-ms-win-core-errorhandling-l1-1-0.dll
0x00007ffd06b70000 - 0x00007ffd06b7b000 	C:\Windows\System32\rasadhlp.dll
0x00007ffd0e570000 - 0x00007ffd0e5f6000 	C:\WINDOWS\System32\fwpuclnt.dll
0x0000025bc5fc0000 - 0x0000025bc5fc4000 	C:\Users\dipht\.openjfx\cache\21.0.1+6\amd64\api-ms-win-core-file-l1-1-0.dll
0x00007ffd0eae0000 - 0x00007ffd0eaea000 	C:\Program Files\Java\jdk-23\bin\management.dll
0x0000025bc5fd0000 - 0x0000025bc5fd3000 	C:\Users\dipht\.openjfx\cache\21.0.1+6\amd64\api-ms-win-core-file-l1-2-0.dll
0x0000025bc5fe0000 - 0x0000025bc5fe3000 	C:\Users\dipht\.openjfx\cache\21.0.1+6\amd64\api-ms-win-core-file-l2-1-0.dll
0x00007ffd0ead0000 - 0x00007ffd0eadb000 	C:\Program Files\Java\jdk-23\bin\management_ext.dll
0x00007ffd16240000 - 0x00007ffd16248000 	C:\WINDOWS\System32\PSAPI.DLL
0x0000025bc5ff0000 - 0x0000025bc5ff3000 	C:\Users\dipht\.openjfx\cache\21.0.1+6\amd64\api-ms-win-core-handle-l1-1-0.dll
0x0000025bc6000000 - 0x0000025bc6003000 	C:\Users\dipht\.openjfx\cache\21.0.1+6\amd64\api-ms-win-core-heap-l1-1-0.dll
0x0000025bc6010000 - 0x0000025bc6013000 	C:\Users\dipht\.openjfx\cache\21.0.1+6\amd64\api-ms-win-core-interlocked-l1-1-0.dll
0x0000025bc6020000 - 0x0000025bc6023000 	C:\Users\dipht\.openjfx\cache\21.0.1+6\amd64\api-ms-win-core-libraryloader-l1-1-0.dll
0x0000025bc6030000 - 0x0000025bc6033000 	C:\Users\dipht\.openjfx\cache\21.0.1+6\amd64\api-ms-win-core-localization-l1-2-0.dll
0x0000025bc6040000 - 0x0000025bc6043000 	C:\Users\dipht\.openjfx\cache\21.0.1+6\amd64\api-ms-win-core-memory-l1-1-0.dll
0x0000025bc6050000 - 0x0000025bc6053000 	C:\Users\dipht\.openjfx\cache\21.0.1+6\amd64\api-ms-win-core-namedpipe-l1-1-0.dll
0x0000025bc6060000 - 0x0000025bc6063000 	C:\Users\dipht\.openjfx\cache\21.0.1+6\amd64\api-ms-win-core-processenvironment-l1-1-0.dll
0x0000025bc6070000 - 0x0000025bc6073000 	C:\Users\dipht\.openjfx\cache\21.0.1+6\amd64\api-ms-win-core-processthreads-l1-1-0.dll
0x0000025bc6080000 - 0x0000025bc6083000 	C:\Users\dipht\.openjfx\cache\21.0.1+6\amd64\api-ms-win-core-processthreads-l1-1-1.dll
0x0000025bc6090000 - 0x0000025bc6093000 	C:\Users\dipht\.openjfx\cache\21.0.1+6\amd64\api-ms-win-core-profile-l1-1-0.dll
0x0000025bc60a0000 - 0x0000025bc60a3000 	C:\Users\dipht\.openjfx\cache\21.0.1+6\amd64\api-ms-win-core-rtlsupport-l1-1-0.dll
0x0000025bc60b0000 - 0x0000025bc60b3000 	C:\Users\dipht\.openjfx\cache\21.0.1+6\amd64\api-ms-win-core-string-l1-1-0.dll
0x0000025bc60c0000 - 0x0000025bc60c3000 	C:\Users\dipht\.openjfx\cache\21.0.1+6\amd64\api-ms-win-core-synch-l1-1-0.dll
0x0000025bc60d0000 - 0x0000025bc60d3000 	C:\Users\dipht\.openjfx\cache\21.0.1+6\amd64\api-ms-win-core-synch-l1-2-0.dll
0x0000025bc60e0000 - 0x0000025bc60e3000 	C:\Users\dipht\.openjfx\cache\21.0.1+6\amd64\api-ms-win-core-sysinfo-l1-1-0.dll
0x0000025bc60f0000 - 0x0000025bc60f3000 	C:\Users\dipht\.openjfx\cache\21.0.1+6\amd64\api-ms-win-core-timezone-l1-1-0.dll
0x0000025bc6100000 - 0x0000025bc6103000 	C:\Users\dipht\.openjfx\cache\21.0.1+6\amd64\api-ms-win-core-util-l1-1-0.dll
0x0000025bc6110000 - 0x0000025bc6113000 	C:\Users\dipht\.openjfx\cache\21.0.1+6\amd64\api-ms-win-crt-conio-l1-1-0.dll
0x0000025bc6120000 - 0x0000025bc6124000 	C:\Users\dipht\.openjfx\cache\21.0.1+6\amd64\api-ms-win-crt-convert-l1-1-0.dll
0x0000025bc6130000 - 0x0000025bc6133000 	C:\Users\dipht\.openjfx\cache\21.0.1+6\amd64\api-ms-win-crt-environment-l1-1-0.dll
0x0000025bc6140000 - 0x0000025bc6143000 	C:\Users\dipht\.openjfx\cache\21.0.1+6\amd64\api-ms-win-crt-filesystem-l1-1-0.dll
0x0000025bc6150000 - 0x0000025bc6153000 	C:\Users\dipht\.openjfx\cache\21.0.1+6\amd64\api-ms-win-crt-heap-l1-1-0.dll
0x0000025bc7130000 - 0x0000025bc7133000 	C:\Users\dipht\.openjfx\cache\21.0.1+6\amd64\api-ms-win-crt-locale-l1-1-0.dll
0x0000025bc7140000 - 0x0000025bc7145000 	C:\Users\dipht\.openjfx\cache\21.0.1+6\amd64\api-ms-win-crt-math-l1-1-0.dll
0x0000025bc7150000 - 0x0000025bc7155000 	C:\Users\dipht\.openjfx\cache\21.0.1+6\amd64\api-ms-win-crt-multibyte-l1-1-0.dll
0x0000025bc7160000 - 0x0000025bc7170000 	C:\Users\dipht\.openjfx\cache\21.0.1+6\amd64\api-ms-win-crt-private-l1-1-0.dll
0x0000025bc7170000 - 0x0000025bc7173000 	C:\Users\dipht\.openjfx\cache\21.0.1+6\amd64\api-ms-win-crt-process-l1-1-0.dll
0x0000025bc7180000 - 0x0000025bc7184000 	C:\Users\dipht\.openjfx\cache\21.0.1+6\amd64\api-ms-win-crt-runtime-l1-1-0.dll
0x0000025bc7190000 - 0x0000025bc7194000 	C:\Users\dipht\.openjfx\cache\21.0.1+6\amd64\api-ms-win-crt-stdio-l1-1-0.dll
0x0000025bc71a0000 - 0x0000025bc71a4000 	C:\Users\dipht\.openjfx\cache\21.0.1+6\amd64\api-ms-win-crt-string-l1-1-0.dll
0x0000025bc71b0000 - 0x0000025bc71b3000 	C:\Users\dipht\.openjfx\cache\21.0.1+6\amd64\api-ms-win-crt-time-l1-1-0.dll
0x0000025bc71c0000 - 0x0000025bc71c3000 	C:\Users\dipht\.openjfx\cache\21.0.1+6\amd64\api-ms-win-crt-utility-l1-1-0.dll
0x00007ffcdc4f0000 - 0x00007ffcdc5ec000 	C:\Users\dipht\.openjfx\cache\21.0.1+6\amd64\ucrtbase.dll
0x00007ffd06fc0000 - 0x00007ffd06fdb000 	C:\Users\dipht\.openjfx\cache\21.0.1+6\amd64\vcruntime140.dll
0x00007ffd07170000 - 0x00007ffd0717c000 	C:\Users\dipht\.openjfx\cache\21.0.1+6\amd64\vcruntime140_1.dll
0x00007ffd13660000 - 0x00007ffd1367b000 	C:\WINDOWS\SYSTEM32\CRYPTSP.dll
0x00007ffd12d90000 - 0x00007ffd12dca000 	C:\WINDOWS\system32\rsaenh.dll
0x00007ffd13450000 - 0x00007ffd1347b000 	C:\WINDOWS\SYSTEM32\USERENV.dll
0x00007ffcdc460000 - 0x00007ffcdc4ee000 	C:\Users\dipht\.openjfx\cache\21.0.1+6\amd64\msvcp140.dll
0x00007ffd13f60000 - 0x00007ffd13f8a000 	C:\WINDOWS\SYSTEM32\bcrypt.dll
0x00007ffd13680000 - 0x00007ffd1368c000 	C:\WINDOWS\SYSTEM32\CRYPTBASE.dll
0x00007ffd02c40000 - 0x00007ffd02c49000 	C:\Users\dipht\.openjfx\cache\21.0.1+6\amd64\msvcp140_1.dll
0x00007ffcfb720000 - 0x00007ffcfb74f000 	C:\Users\dipht\.openjfx\cache\21.0.1+6\amd64\msvcp140_2.dll
0x00007ffd025b0000 - 0x00007ffd025c8000 	C:\WINDOWS\system32\napinsp.dll
0x00007ffd02190000 - 0x00007ffd021a2000 	C:\WINDOWS\System32\winrnr.dll
0x00007ffd02160000 - 0x00007ffd02182000 	C:\WINDOWS\system32\nlansp_c.dll
0x00007ffd02140000 - 0x00007ffd02156000 	C:\WINDOWS\system32\wshbth.dll
0x00007ffcfb520000 - 0x00007ffcfb54f000 	C:\Users\dipht\.openjfx\cache\21.0.1+6\amd64\prism_d3d.dll
0x00007ffcbe470000 - 0x00007ffcbe620000 	C:\WINDOWS\system32\d3d9.dll
0x00007ffd11420000 - 0x00007ffd11450000 	C:\WINDOWS\SYSTEM32\dwmapi.dll
0x00007ffd11020000 - 0x00007ffd11063000 	C:\WINDOWS\SYSTEM32\dxcore.dll
0x00007ffd10e40000 - 0x00007ffd10eea000 	C:\WINDOWS\system32\uxtheme.dll
0x00007ffcbe3a0000 - 0x00007ffcbe463000 	C:\WINDOWS\SYSTEM32\d3d9on12.dll
0x00007ffce7c20000 - 0x00007ffce7c43000 	C:\WINDOWS\SYSTEM32\d3d12.dll
0x00007ffd11070000 - 0x00007ffd111a9000 	C:\WINDOWS\SYSTEM32\dxgi.dll
0x00007ffd13bf0000 - 0x00007ffd13c47000 	C:\WINDOWS\SYSTEM32\cfgmgr32.dll
0x00007ffca6760000 - 0x00007ffca6ab8000 	C:\WINDOWS\SYSTEM32\D3D12Core.dll
0x00007ffca02b0000 - 0x00007ffca0c79000 	C:\WINDOWS\System32\DriverStore\FileRepository\iigd_dch.inf_amd64_a9b506373dea7676\igd12umd64.dll
0x00007ffd146a0000 - 0x00007ffd14817000 	C:\WINDOWS\System32\CRYPT32.dll
0x00007ffc9ee30000 - 0x00007ffc9f858000 	C:\WINDOWS\System32\DriverStore\FileRepository\iigd_dch.inf_amd64_a9b506373dea7676\igd12um64xel.dll
0x00007ffd06880000 - 0x00007ffd068b4000 	C:\WINDOWS\SYSTEM32\ControlLib.dll
0x00007ffd14e80000 - 0x00007ffd1530a000 	C:\WINDOWS\System32\SETUPAPI.dll
0x00007ffd13bc0000 - 0x00007ffd13bed000 	C:\WINDOWS\SYSTEM32\DEVOBJ.dll
0x00007ffd06820000 - 0x00007ffd0687d000 	C:\WINDOWS\System32\DriverStore\FileRepository\iigd_dch.inf_amd64_a9b506373dea7676\IntelControlLib.dll

dbghelp: loaded successfully - version: 4.0.5 - missing functions: none
symbol engine: initialized successfully - sym options: 0x614 - pdb path: .;C:\Program Files\Java\jdk-23\bin;C:\WINDOWS\SYSTEM32;C:\WINDOWS\WinSxS\amd64_microsoft.windows.common-controls_6595b64144ccf1df_6.0.26100.7019_none_3e06ffa0e335b8a8;C:\Program Files\Java\jdk-23\bin\server;C:\Users\dipht\.openjfx\cache\21.0.1+6\amd64;C:\WINDOWS\System32\DriverStore\FileRepository\iigd_dch.inf_amd64_a9b506373dea7676;C:\Program Files\Common Files\Microsoft Shared\Ink

VM Arguments:
jvm_args: -javaagent:D:\Ki2_Nam2\Chuyen_de_1\IntelliJ IDEA 2024.3.4.1\lib\idea_rt.jar=60447 -Dfile.encoding=UTF-8 -Dsun.stdout.encoding=UTF-8 -Dsun.stderr.encoding=UTF-8 --module-path=C:\Users\dipht\.m2\repository\org\openjfx\javafx-controls\21.0.1\javafx-controls-21.0.1-win.jar;D:\Nam3_Ki1\laptrinhmang\EducationalGameNetwork\Client\target\classes;C:\Users\dipht\.m2\repository\org\openjfx\javafx-base\21.0.1\javafx-base-21.0.1-win.jar;C:\Users\dipht\.m2\repository\org\openjfx\javafx-graphics\21.0.1\javafx-graphics-21.0.1-win.jar;C:\Users\dipht\.m2\repository\de\jensd\fontawesomefx\8.9\fontawesomefx-8.9.jar;C:\Users\dipht\.m2\repository\org\openjfx\javafx-media\21.0.1\javafx-media-21.0.1-win.jar;D:\Nam3_Ki1\laptrinhmang\EducationalGameNetwork\Common\target\classes;C:\Users\dipht\.m2\repository\org\openjfx\javafx-fxml\21.0.1\javafx-fxml-21.0.1-win.jar;C:\Users\dipht\.m2\repository\com\google\code\gson\gson\2.10.1\gson-2.10.1.jar -Djdk.module.main=com.edugame.client 
java_command: com.edugame.client/com.edugame.client.ClientMain
java_class_path (initial): C:\Users\dipht\.m2\repository\org\openjfx\javafx-controls\21.0.1\javafx-controls-21.0.1.jar;C:\Users\dipht\.m2\repository\org\openjfx\javafx-graphics\21.0.1\javafx-graphics-21.0.1.jar;C:\Users\dipht\.m2\repository\org\openjfx\javafx-base\21.0.1\javafx-base-21.0.1.jar;C:\Users\dipht\.m2\repository\org\openjfx\javafx-fxml\21.0.1\javafx-fxml-21.0.1.jar;C:\Users\dipht\.m2\repository\org\openjfx\javafx-media\21.0.1\javafx-media-21.0.1.jar;C:\Users\dipht\.m2\repository\org\slf4j\slf4j-api\2.0.9\slf4j-api-2.0.9.jar;C:\Users\dipht\.m2\repository\ch\qos\logback\logback-classic\1.4.14\logback-classic-1.4.14.jar;C:\Users\dipht\.m2\repository\ch\qos\logback\logback-core\1.4.14\logback-core-1.4.14.jar
Launcher Type: SUN_STANDARD

[Global flags]
     intx CICompilerCount                          = 4                                         {product} {ergonomic}
     uint ConcGCThreads                            = 3                                         {product} {ergonomic}
     uint G1ConcRefinementThreads                  = 10                                        {product} {ergonomic}
   size_t G1HeapRegionSize                         = 2097152                                   {product} {ergonomic}
   size_t InitialHeapSize                          = 264241152                                 {product} {ergonomic}
   size_t MarkStackSize                            = 4194304                                   {product} {ergonomic}
   size_t MarkStackSizeMax                         = 536870912                                 {product} {ergonomic}
   size_t MaxHeapSize                              = 4219469824                                {product} {ergonomic}
   size_t MaxNewSize                               = 2531262464                                {product} {ergonomic}
   size_t MinHeapDeltaBytes                        = 2097152                                   {product} {ergonomic}
   size_t MinHeapSize                              = 8388608                                   {product} {ergonomic}
    uintx NonNMethodCodeHeapSize                   = 5832704                                {pd product} {ergonomic}
    uintx NonProfiledCodeHeapSize                  = 122945536                              {pd product} {ergonomic}
    uintx ProfiledCodeHeapSize                     = 122880000                              {pd product} {ergonomic}
    uintx ReservedCodeCacheSize                    = 251658240                              {pd product} {ergonomic}
     bool SegmentedCodeCache                       = true                                      {product} {ergonomic}
   size_t SoftMaxHeapSize                          = 4219469824                             {manageable} {ergonomic}
     bool UseCompressedOops                        = true                           {product lp64_product} {ergonomic}
     bool UseG1GC                                  = true                                      {product} {ergonomic}
     bool UseLargePagesIndividualAllocation        = false                                  {pd product} {ergonomic}

Logging:
Log output configuration:
 #0: stdout all=warning uptime,level,tags foldmultilines=false
 #1: stderr all=off uptime,level,tags foldmultilines=false

Environment Variables:
JAVA_HOME=C:\Program Files\Java\jdk-23
PATH=C:\Program Files\Microsoft MPI\Bin\;C:\Program Files (x86)\VMware\VMware Workstation\bin\;C:\Python313\Scripts\;C:\Python313\;C:\Program Files\Common Files\Oracle\Java\javapath;C:\WINDOWS\system32;C:\WINDOWS;C:\WINDOWS\System32\Wbem;C:\WINDOWS\System32\WindowsPowerShell\v1.0\;C:\WINDOWS\System32\OpenSSH\;C:\Program Files\Git\cmd;C:\Program Files\Java\jdk-23\bin;C:\Program Files\apache-maven-3.9.9\bin;C:\Program Files\MySQL\MySQL Server 8.0\bin;C:\Program Files\Cloudflare\Cloudflare WARP\;C:\ProgramData\chocolatey\bin;C:\Program Files\nodejs\;D:\flutter\flutter\bin;C:\Program Files (x86)\Microsoft SQL Server\160\Tools\Binn\;C:\Program Files\Microsoft SQL Server\160\Tools\Binn\;C:\Program Files\Microsoft SQL Server\Client SDK\ODBC\170\Tools\Binn\;C:\Program Files\Microsoft SQL Server\160\DTS\Binn\;C:\Program Files\Microsoft SQL Server\150\Tools\Binn\;C:\Program Files\Microsoft SQL Server\130\DTS\Binn\;C:\Program Files\Microsoft SQL Server\140\DTS\Binn\;C:\Program Files\Microsoft SQL Server\150\DTS\Binn\;C:\Program Files\Microsoft SQL Server\170\DTS\Binn\;C:\Program Files (x86)\cloudflared\;C:\Users\dipht\AppData\Local\Programs\Python\Python312\Scripts\;C:\Users\dipht\AppData\Local\Programs\Python\Python312\;C:\Program Files\MySQL\MySQL Shell 8.0\bin\;C:\Users\dipht\AppData\Local\Microsoft\WindowsApps;C:\msys64\ucrt64\bin;C:\Program Files\Java\jdk-23\bin;C:\Users\dipht\AppData\Local\Programs\Microsoft VS Code\bin;C:\Users\dipht\AppData\Roaming\npm;C:\ngrok;C:\Python313;C:\Program Files\JetBrains\PyCharm 2025.1.1.1\bin;;C:\Users\dipht\AppData\Roaming\Python\Python313\Scripts;
USERNAME=dipht
OS=Windows_NT
PROCESSOR_IDENTIFIER=Intel64 Family 6 Model 154 Stepping 3, GenuineIntel
TMP=C:\Users\dipht\AppData\Local\Temp
TEMP=C:\Users\dipht\AppData\Local\Temp




Periodic native trim disabled

---------------  S Y S T E M  ---------------

OS:
 Windows 11 , 64 bit Build 26100 (10.0.26100.7019)
OS uptime: 0 days 3:16 hours

CPU: total 12 (initial active 12) (6 cores per cpu, 2 threads per core) family 6 model 154 stepping 3 microcode 0x419, cx8, cmov, fxsr, ht, mmx, 3dnowpref, sse, sse2, sse3, ssse3, sse4.1, sse4.2, popcnt, lzcnt, tsc, tscinvbit, avx, avx2, aes, erms, clmul, bmi1, bmi2, adx, sha, fma, vzeroupper, clflush, clflushopt, clwb, serialize, rdtscp, rdpid, fsrm, gfni, f16c, pku, cet_ibt, cet_ss
Processor Information for processor 0
  Max Mhz: 2000, Current Mhz: 2000, Mhz Limit: 2000
Processor Information for processor 1
  Max Mhz: 2000, Current Mhz: 2000, Mhz Limit: 2000
Processor Information for processor 2
  Max Mhz: 2000, Current Mhz: 1520, Mhz Limit: 2000
Processor Information for processor 3
  Max Mhz: 2000, Current Mhz: 2000, Mhz Limit: 2000
Processor Information for processor 4
  Max Mhz: 2000, Current Mhz: 2000, Mhz Limit: 2000
Processor Information for processor 5
  Max Mhz: 2000, Current Mhz: 2000, Mhz Limit: 2000
Processor Information for processor 6
  Max Mhz: 2000, Current Mhz: 2000, Mhz Limit: 2000
Processor Information for processor 7
  Max Mhz: 2000, Current Mhz: 1520, Mhz Limit: 2000
Processor Information for processor 8
  Max Mhz: 2000, Current Mhz: 1500, Mhz Limit: 1500
Processor Information for processor 9
  Max Mhz: 2000, Current Mhz: 1500, Mhz Limit: 1500
Processor Information for processor 10
  Max Mhz: 2000, Current Mhz: 1500, Mhz Limit: 1500
Processor Information for processor 11
  Max Mhz: 2000, Current Mhz: 1500, Mhz Limit: 1500

Memory: 4k page, system-wide physical 16088M (1352M free)
TotalPageFile size 26088M (AvailPageFile size 535M)
current process WorkingSet (physical memory assigned to process): 436M, peak: 440M
current process commit charge ("private bytes"): 479M, peak: 519M

vm_info: Java HotSpot(TM) 64-Bit Server VM (23.0.1+11-39) for windows-amd64 JRE (23.0.1+11-39), built on 2024-09-30T07:20:43Z with MS VC++ 17.6 (VS2022)

END.
