#
# There is insufficient memory for the Java Runtime Environment to continue.
# Native memory allocation (malloc) failed to allocate 1808064 bytes. Error detail: Chunk::new
# Possible reasons:
#   The system is out of physical RAM or swap space
#   This process is running with CompressedOops enabled, and the Java Heap may be blocking the growth of the native heap
# Possible solutions:
#   Reduce memory load on the system
#   Increase physical memory or swap space
#   Check if swap backing store is full
#   Decrease Java heap size (-Xmx/-Xms)
#   Decrease number of Java threads
#   Decrease Java thread stack sizes (-Xss)
#   Set larger code cache with -XX:ReservedCodeCacheSize=
#   JVM is running with Zero Based Compressed Oops mode in which the Java heap is
#     placed in the first 32GB address space. The Java Heap base address is the
#     maximum limit for the native heap growth. Please use -XX:HeapBaseMinAddress
#     to set the Java Heap base and to place the Java Heap above 32GB virtual address.
# This output file may be truncated or incomplete.
#
#  Out of Memory Error (arena.cpp:149), pid=11836, tid=10772
#
# JRE version: Java(TM) SE Runtime Environment (23.0.1+11) (build 23.0.1+11-39)
# Java VM: Java HotSpot(TM) 64-Bit Server VM (23.0.1+11-39, mixed mode, sharing, tiered, compressed oops, compressed class ptrs, g1 gc, windows-amd64)
# No core dump will be written. Minidumps are not enabled by default on client versions of Windows
#

---------------  S U M M A R Y ------------

Command Line: -javaagent:D:\Ki2_Nam2\Chuyen_de_1\IntelliJ IDEA 2024.3.4.1\lib\idea_rt.jar=56921 -Dfile.encoding=UTF-8 -Dsun.stdout.encoding=UTF-8 -Dsun.stderr.encoding=UTF-8 --module-path=C:\Users\dipht\.m2\repository\org\openjfx\javafx-controls\21.0.1\javafx-controls-21.0.1-win.jar;D:\Nam3_Ki1\laptrinhmang\EducationalGameNetwork\Client\target\classes;C:\Users\dipht\.m2\repository\org\openjfx\javafx-base\21.0.1\javafx-base-21.0.1-win.jar;C:\Users\dipht\.m2\repository\org\openjfx\javafx-graphics\21.0.1\javafx-graphics-21.0.1-win.jar;C:\Users\dipht\.m2\repository\de\jensd\fontawesomefx\8.9\fontawesomefx-8.9.jar;C:\Users\dipht\.m2\repository\org\openjfx\javafx-media\21.0.1\javafx-media-21.0.1-win.jar;D:\Nam3_Ki1\laptrinhmang\EducationalGameNetwork\Common\target\classes;C:\Users\dipht\.m2\repository\org\openjfx\javafx-fxml\21.0.1\javafx-fxml-21.0.1-win.jar;C:\Users\dipht\.m2\repository\com\google\code\gson\gson\2.10.1\gson-2.10.1.jar -Djdk.module.main=com.edugame.client com.edugame.client/com.edugame.client.ClientMain

Host: 12th Gen Intel(R) Core(TM) i5-12450H, 12 cores, 15G,  Windows 11 , 64 bit Build 26100 (10.0.26100.7019)
Time: Tue Dec  2 14:45:49 2025 SE Asia Standard Time elapsed time: 52.297004 seconds (0d 0h 0m 52s)

---------------  T H R E A D  ---------------

Current thread (0x0000026ddf2fe510):  JavaThread "C2 CompilerThread1" daemon [_thread_in_native, id=10772, stack(0x000000df32f00000,0x000000df33000000) (1024K)]


Current CompileTask:
C2:52297 7048   !   4       javafx.scene.CssStyleHelper::transitionToState (1039 bytes)

Stack: [0x000000df32f00000,0x000000df33000000]
Native frames: (J=compiled Java code, j=interpreted, Vv=VM code, C=native code)
V  [jvm.dll+0x6e08b9]  (no source info available)
V  [jvm.dll+0x87dc83]  (no source info available)
V  [jvm.dll+0x88010e]  (no source info available)
V  [jvm.dll+0x8807e3]  (no source info available)
V  [jvm.dll+0x27aee6]  (no source info available)
V  [jvm.dll+0xbc06f]  (no source info available)
V  [jvm.dll+0xbc2cb]  (no source info available)
V  [jvm.dll+0x3b3a9c]  (no source info available)
V  [jvm.dll+0x38a42b]  (no source info available)
V  [jvm.dll+0x38989a]  (no source info available)
V  [jvm.dll+0x244aa1]  (no source info available)
V  [jvm.dll+0x243dff]  (no source info available)
V  [jvm.dll+0x1c33a0]  (no source info available)
V  [jvm.dll+0x253cf1]  (no source info available)
V  [jvm.dll+0x251faa]  (no source info available)
V  [jvm.dll+0x3ee036]  (no source info available)
V  [jvm.dll+0x824f8b]  (no source info available)
V  [jvm.dll+0x6df065]  (no source info available)
C  [ucrtbase.dll+0x37b0]  (no source info available)
C  [KERNEL32.DLL+0x2e8d7]  (no source info available)
C  [ntdll.dll+0x8c53c]  (no source info available)

Lock stack of current Java thread (top to bottom):


---------------  P R O C E S S  ---------------

Threads class SMR info:
_java_thread_list=0x0000026de8273830, length=30, elements={
0x0000026df787b480, 0x0000026dff605f30, 0x0000026dff608da0, 0x0000026dff60b810,
0x0000026dff60c3a0, 0x0000026dff60e070, 0x0000026dff60ed30, 0x0000026dff612e70,
0x0000026d996a8090, 0x0000026d997a2d40, 0x0000026ddf07ac40, 0x0000026ddf07b2b0,
0x0000026ddfaf8610, 0x0000026ddf7af550, 0x0000026ddfca7d20, 0x0000026ddf761290,
0x0000026ddf8501e0, 0x0000026ddfe68210, 0x0000026ddfe56210, 0x0000026ddfd87590,
0x0000026ddfd86f00, 0x0000026ddfd882b0, 0x0000026dea2681c0, 0x0000026de06b15b0,
0x0000026de06afb70, 0x0000026de7e14000, 0x0000026dea717a20, 0x0000026dea1a6950,
0x0000026df5d199c0, 0x0000026ddf2fe510
}

Java Threads: ( => current thread )
  0x0000026df787b480 JavaThread "main"                              [_thread_blocked, id=13620, stack(0x000000df2ee00000,0x000000df2ef00000) (1024K)]
  0x0000026dff605f30 JavaThread "Reference Handler"          daemon [_thread_blocked, id=16772, stack(0x000000df2f600000,0x000000df2f700000) (1024K)]
  0x0000026dff608da0 JavaThread "Finalizer"                  daemon [_thread_blocked, id=19160, stack(0x000000df2f700000,0x000000df2f800000) (1024K)]
  0x0000026dff60b810 JavaThread "Signal Dispatcher"          daemon [_thread_blocked, id=18488, stack(0x000000df2f800000,0x000000df2f900000) (1024K)]
  0x0000026dff60c3a0 JavaThread "Attach Listener"            daemon [_thread_blocked, id=8968, stack(0x000000df2f900000,0x000000df2fa00000) (1024K)]
  0x0000026dff60e070 JavaThread "Service Thread"             daemon [_thread_blocked, id=16612, stack(0x000000df2fa00000,0x000000df2fb00000) (1024K)]
  0x0000026dff60ed30 JavaThread "Monitor Deflation Thread"   daemon [_thread_blocked, id=11564, stack(0x000000df2fb00000,0x000000df2fc00000) (1024K)]
  0x0000026dff612e70 JavaThread "C2 CompilerThread0"         daemon [_thread_blocked, id=12356, stack(0x000000df2fc00000,0x000000df2fd00000) (1024K)]
  0x0000026d996a8090 JavaThread "C1 CompilerThread0"         daemon [_thread_blocked, id=9528, stack(0x000000df2fd00000,0x000000df2fe00000) (1024K)]
  0x0000026d997a2d40 JavaThread "Common-Cleaner"             daemon [_thread_blocked, id=9932, stack(0x000000df2fe00000,0x000000df2ff00000) (1024K)]
  0x0000026ddf07ac40 JavaThread "Monitor Ctrl-Break"         daemon [_thread_in_native, id=9316, stack(0x000000df30100000,0x000000df30200000) (1024K)]
  0x0000026ddf07b2b0 JavaThread "Notification Thread"        daemon [_thread_blocked, id=10908, stack(0x000000df30200000,0x000000df30300000) (1024K)]
  0x0000026ddfaf8610 JavaThread "RMI TCP Accept-0"           daemon [_thread_in_native, id=5888, stack(0x000000df30300000,0x000000df30400000) (1024K)]
  0x0000026ddf7af550 JavaThread "RMI TCP Connection(1)-172.20.10.8" daemon [_thread_in_native, id=12732, stack(0x000000df30400000,0x000000df30500000) (1024K)]
  0x0000026ddfca7d20 JavaThread "RMI Scheduler(0)"           daemon [_thread_blocked, id=7404, stack(0x000000df30e00000,0x000000df30f00000) (1024K)]
  0x0000026ddf761290 JavaThread "JMX server connection timeout 35" daemon [_thread_blocked, id=16924, stack(0x000000df30f00000,0x000000df31000000) (1024K)]
  0x0000026ddf8501e0 JavaThread "QuantumRenderer-0"          daemon [_thread_blocked, id=9652, stack(0x000000df31000000,0x000000df31100000) (1024K)]
  0x0000026ddfe68210 JavaThread "InvokeLaterDispatcher"      daemon [_thread_blocked, id=8676, stack(0x000000df31100000,0x000000df31200000) (1024K)]
  0x0000026ddfe56210 JavaThread "JavaFX Application Thread"         [_thread_in_native, id=17740, stack(0x000000df31200000,0x000000df31300000) (1024K)]
  0x0000026ddfd87590 JavaThread "JavaFX-Launcher"                   [_thread_blocked, id=8800, stack(0x000000df31500000,0x000000df31600000) (1024K)]
  0x0000026ddfd86f00 JavaThread "Thread-2"                   daemon [_thread_in_native, id=19236, stack(0x000000df31400000,0x000000df31500000) (1024K)]
  0x0000026ddfd882b0 JavaThread "Prism Font Disposer"        daemon [_thread_blocked, id=10540, stack(0x000000df31600000,0x000000df31700000) (1024K)]
  0x0000026dea2681c0 JavaThread "Cleaner-0"                  daemon [_thread_blocked, id=15376, stack(0x000000df31c00000,0x000000df31d00000) (1024K)]
  0x0000026de06b15b0 JavaThread "ServerListener"             daemon [_thread_in_native, id=18052, stack(0x000000df32000000,0x000000df32100000) (1024K)]
  0x0000026de06afb70 JavaThread "Heartbeat"                  daemon [_thread_blocked, id=11016, stack(0x000000df30000000,0x000000df30100000) (1024K)]
  0x0000026de7e14000 JavaThread "pool-2-thread-1"                   [_thread_blocked, id=10300, stack(0x000000df2ff00000,0x000000df30000000) (1024K)]
  0x0000026dea717a20 JavaThread "Java Sound Event Dispatcher" daemon [_thread_blocked, id=19300, stack(0x000000df32800000,0x000000df32900000) (1024K)]
  0x0000026dea1a6950 JavaThread "VoiceChat-Receive"                 [_thread_in_native, id=12444, stack(0x000000df32d00000,0x000000df32e00000) (1024K)]
  0x0000026df5d199c0 JavaThread "Keep-Alive-Timer"           daemon [_thread_blocked, id=18804, stack(0x000000df32300000,0x000000df32400000) (1024K)]
=>0x0000026ddf2fe510 JavaThread "C2 CompilerThread1"         daemon [_thread_in_native, id=10772, stack(0x000000df32f00000,0x000000df33000000) (1024K)]
Total: 30

Other Threads:
  0x0000026dff5ee310 VMThread "VM Thread"                           [id=9332, stack(0x000000df2f500000,0x000000df2f600000) (1024K)]
  0x0000026dff5dcac0 WatcherThread "VM Periodic Task Thread"        [id=17592, stack(0x000000df2f400000,0x000000df2f500000) (1024K)]
  0x0000026df9c99520 WorkerThread "GC Thread#0"                     [id=17288, stack(0x000000df2ef00000,0x000000df2f000000) (1024K)]
  0x0000026ddf2ab810 WorkerThread "GC Thread#1"                     [id=18532, stack(0x000000df30500000,0x000000df30600000) (1024K)]
  0x0000026ddf7afbc0 WorkerThread "GC Thread#2"                     [id=11076, stack(0x000000df30600000,0x000000df30700000) (1024K)]
  0x0000026ddf8817f0 WorkerThread "GC Thread#3"                     [id=2132, stack(0x000000df30700000,0x000000df30800000) (1024K)]
  0x0000026ddf881ba0 WorkerThread "GC Thread#4"                     [id=1572, stack(0x000000df30800000,0x000000df30900000) (1024K)]
  0x0000026ddf881f50 WorkerThread "GC Thread#5"                     [id=8964, stack(0x000000df30900000,0x000000df30a00000) (1024K)]
  0x0000026ddf787a90 WorkerThread "GC Thread#6"                     [id=6532, stack(0x000000df30a00000,0x000000df30b00000) (1024K)]
  0x0000026ddf742490 WorkerThread "GC Thread#7"                     [id=11448, stack(0x000000df30b00000,0x000000df30c00000) (1024K)]
  0x0000026ddf742840 WorkerThread "GC Thread#8"                     [id=17056, stack(0x000000df30c00000,0x000000df30d00000) (1024K)]
  0x0000026ddf743ab0 WorkerThread "GC Thread#9"                     [id=10056, stack(0x000000df30d00000,0x000000df30e00000) (1024K)]
  0x0000026df9caeef0 ConcurrentGCThread "G1 Main Marker"            [id=8432, stack(0x000000df2f000000,0x000000df2f100000) (1024K)]
  0x0000026df9cafa00 WorkerThread "G1 Conc#0"                       [id=2912, stack(0x000000df2f100000,0x000000df2f200000) (1024K)]
  0x0000026ddfd7ceb0 WorkerThread "G1 Conc#1"                       [id=8240, stack(0x000000df31a00000,0x000000df31b00000) (1024K)]
  0x0000026ddfd7e120 WorkerThread "G1 Conc#2"                       [id=6456, stack(0x000000df31b00000,0x000000df31c00000) (1024K)]
  0x0000026df9ceeb20 ConcurrentGCThread "G1 Refine#0"               [id=15268, stack(0x000000df2f200000,0x000000df2f300000) (1024K)]
  0x0000026dff4ac470 ConcurrentGCThread "G1 Service"                [id=13736, stack(0x000000df2f300000,0x000000df2f400000) (1024K)]
Total: 18

Threads with active compile tasks:
C2 CompilerThread1  52355 7048   !   4       javafx.scene.CssStyleHelper::transitionToState (1039 bytes)
Total: 1

VM state: not at safepoint (normal execution)

VM Mutex/Monitor currently owned by a thread: None

Heap address: 0x0000000704800000, size: 4024 MB, Compressed Oops mode: Zero based, Oop shift amount: 3

CDS archive(s) mapped at: [0x0000026d9a000000-0x0000026d9ad70000-0x0000026d9ad70000), size 14090240, SharedBaseAddress: 0x0000026d9a000000, ArchiveRelocationMode: 1.
Compressed class space mapped at: 0x0000026d9b000000-0x0000026ddb000000, reserved size: 1073741824
Narrow klass base: 0x0000026d9a000000, Narrow klass shift: 0, Narrow klass range: 0x41000000

GC Precious Log:
 CardTable entry size: 512
 Card Set container configuration: InlinePtr #cards 4 size 8 Array Of Cards #cards 16 size 48 Howl #buckets 8 coarsen threshold 3686 Howl Bitmap #cards 512 size 80 coarsen threshold 460 Card regions per heap region 1 cards per card region 4096
 CPUs: 12 total, 12 available
 Memory: 16088M
 Large Page Support: Disabled
 NUMA Support: Disabled
 Compressed Oops: Enabled (Zero based)
 Heap Region Size: 2M
 Heap Min Capacity: 8M
 Heap Initial Capacity: 252M
 Heap Max Capacity: 4024M
 Pre-touch: Disabled
 Parallel Workers: 10
 Concurrent Workers: 3
 Concurrent Refinement Workers: 10
 Periodic GC: Disabled

Heap:
 garbage-first heap   total reserved 4120576K, committed 65536K, used 47452K [0x0000000704800000, 0x0000000800000000)
  region size 2048K, 9 young (18432K), 1 survivors (2048K)
 Metaspace       used 32533K, committed 33088K, reserved 1114112K
  class space    used 4471K, committed 4736K, reserved 1048576K

Heap Regions: E=young(eden), S=young(survivor), O=old, HS=humongous(starts), HC=humongous(continues), CS=collection set, F=free, TAMS=top-at-mark-start, PB=parsable bottom
|   0|0x0000000704800000, 0x0000000704a00000, 0x0000000704a00000|100%| O|  |TAMS 0x0000000704800000| PB 0x0000000704800000| Untracked |  0
|   1|0x0000000704a00000, 0x0000000704c00000, 0x0000000704c00000|100%| O|  |TAMS 0x0000000704a00000| PB 0x0000000704a00000| Untracked |  0
|   2|0x0000000704c00000, 0x0000000704cd94e8, 0x0000000704e00000| 42%| O|Cm|TAMS 0x0000000704c00000| PB 0x0000000704c00000| Complete |  0
|   3|0x0000000704e00000, 0x0000000705000000, 0x0000000705000000|100%| O|  |TAMS 0x0000000704e00000| PB 0x0000000704e00000| Untracked |  0
|   4|0x0000000705000000, 0x0000000705200000, 0x0000000705200000|100%|HS|  |TAMS 0x0000000705000000| PB 0x0000000705000000| Complete |  0
|   5|0x0000000705200000, 0x0000000705400000, 0x0000000705400000|100%|HS|  |TAMS 0x0000000705200000| PB 0x0000000705200000| Complete |  0
|   6|0x0000000705400000, 0x0000000705600000, 0x0000000705600000|100%|HC|  |TAMS 0x0000000705400000| PB 0x0000000705400000| Complete |  0
|   7|0x0000000705600000, 0x0000000705800000, 0x0000000705800000|100%|HC|  |TAMS 0x0000000705600000| PB 0x0000000705600000| Complete |  0
|   8|0x0000000705800000, 0x0000000705a00000, 0x0000000705a00000|100%| O|  |TAMS 0x0000000705800000| PB 0x0000000705800000| Untracked |  0
|   9|0x0000000705a00000, 0x0000000705c00000, 0x0000000705c00000|100%| O|  |TAMS 0x0000000705a00000| PB 0x0000000705a00000| Untracked |  0
|  10|0x0000000705c00000, 0x0000000705c00000, 0x0000000705e00000|  0%| F|  |TAMS 0x0000000705c00000| PB 0x0000000705c00000| Untracked |  0
|  11|0x0000000705e00000, 0x0000000705e00000, 0x0000000706000000|  0%| F|  |TAMS 0x0000000705e00000| PB 0x0000000705e00000| Untracked |  0
|  12|0x0000000706000000, 0x0000000706099660, 0x0000000706200000| 29%| O|  |TAMS 0x0000000706000000| PB 0x0000000706000000| Untracked |  0
|  13|0x0000000706200000, 0x0000000706400000, 0x0000000706400000|100%|HS|  |TAMS 0x0000000706200000| PB 0x0000000706200000| Complete |  0
|  14|0x0000000706400000, 0x0000000706600000, 0x0000000706600000|100%|HC|  |TAMS 0x0000000706400000| PB 0x0000000706400000| Complete |  0
|  15|0x0000000706600000, 0x0000000706800000, 0x0000000706800000|100%|HC|  |TAMS 0x0000000706600000| PB 0x0000000706600000| Complete |  0
|  16|0x0000000706800000, 0x0000000706800000, 0x0000000706a00000|  0%| F|  |TAMS 0x0000000706800000| PB 0x0000000706800000| Untracked |  0
|  17|0x0000000706a00000, 0x0000000706a00000, 0x0000000706c00000|  0%| F|  |TAMS 0x0000000706a00000| PB 0x0000000706a00000| Untracked |  0
|  18|0x0000000706c00000, 0x0000000706c00000, 0x0000000706e00000|  0%| F|  |TAMS 0x0000000706c00000| PB 0x0000000706c00000| Untracked |  0
|  19|0x0000000706e00000, 0x0000000706feb418, 0x0000000707000000| 95%| E|  |TAMS 0x0000000706e00000| PB 0x0000000706e00000| Complete |  0
|  20|0x0000000707000000, 0x0000000707200000, 0x0000000707200000|100%| E|CS|TAMS 0x0000000707000000| PB 0x0000000707000000| Complete |  0
|  21|0x0000000707200000, 0x0000000707400000, 0x0000000707400000|100%| E|CS|TAMS 0x0000000707200000| PB 0x0000000707200000| Complete |  0
|  22|0x0000000707400000, 0x0000000707600000, 0x0000000707600000|100%| E|CS|TAMS 0x0000000707400000| PB 0x0000000707400000| Complete |  0
|  97|0x0000000710a00000, 0x0000000710c00000, 0x0000000710c00000|100%| E|CS|TAMS 0x0000000710a00000| PB 0x0000000710a00000| Complete |  0
|  98|0x0000000710c00000, 0x0000000710e00000, 0x0000000710e00000|100%| E|CS|TAMS 0x0000000710c00000| PB 0x0000000710c00000| Complete |  0
|  99|0x0000000710e00000, 0x0000000710ee4670, 0x0000000711000000| 44%| S|CS|TAMS 0x0000000710e00000| PB 0x0000000710e00000| Complete |  0
| 100|0x0000000711000000, 0x0000000711200000, 0x0000000711200000|100%| E|  |TAMS 0x0000000711000000| PB 0x0000000711000000| Complete |  0
| 125|0x0000000714200000, 0x0000000714400000, 0x0000000714400000|100%| E|CS|TAMS 0x0000000714200000| PB 0x0000000714200000| Complete |  0
|2008|0x00000007ff800000, 0x00000007ffa00000, 0x00000007ffa00000|100%| O|  |TAMS 0x00000007ff800000| PB 0x00000007ff800000| Untracked |  0
|2009|0x00000007ffa00000, 0x00000007ffc00000, 0x00000007ffc00000|100%| O|  |TAMS 0x00000007ffa00000| PB 0x00000007ffa00000| Untracked |  0
|2010|0x00000007ffc00000, 0x00000007ffe00000, 0x00000007ffe00000|100%| O|  |TAMS 0x00000007ffc00000| PB 0x00000007ffc00000| Untracked |  0
|2011|0x00000007ffe00000, 0x0000000800000000, 0x0000000800000000|100%| O|  |TAMS 0x00000007ffe00000| PB 0x00000007ffe00000| Untracked |  0

Card table byte_map: [0x0000026dfab30000,0x0000026dfb310000] _byte_map_base: 0x0000026df730c000

Marking Bits: (CMBitMap*) 0x0000026df9c99c30
 Bits: [0x0000026dfb310000, 0x0000026dff1f0000)

Polling page: 0x0000026df79f0000

Metaspace:

Usage:
  Non-class:     27.40 MB used.
      Class:      4.37 MB used.
       Both:     31.77 MB used.

Virtual space:
  Non-class space:       64.00 MB reserved,      27.69 MB ( 43%) committed,  1 nodes.
      Class space:        1.00 GB reserved,       4.62 MB ( <1%) committed,  1 nodes.
             Both:        1.06 GB reserved,      32.31 MB (  3%) committed. 

Chunk freelists:
   Non-Class:  4.25 MB
       Class:  11.25 MB
        Both:  15.50 MB

MaxMetaspaceSize: unlimited
CompressedClassSpaceSize: 1.00 GB
Initial GC threshold: 21.00 MB
Current GC threshold: 48.38 MB
CDS: on
 - commit_granule_bytes: 65536.
 - commit_granule_words: 8192.
 - virtual_space_node_default_size: 8388608.
 - enlarge_chunks_in_place: 1.
 - use_allocation_guard: 0.


Internal statistics:

num_allocs_failed_limit: 3.
num_arena_births: 648.
num_arena_deaths: 0.
num_vsnodes_births: 2.
num_vsnodes_deaths: 0.
num_space_committed: 517.
num_space_uncommitted: 0.
num_chunks_returned_to_freelist: 3.
num_chunks_taken_from_freelist: 1469.
num_chunk_merges: 3.
num_chunk_splits: 954.
num_chunks_enlarged: 637.
num_inconsistent_stats: 0.

CodeHeap 'non-profiled nmethods': size=120064Kb used=2729Kb max_used=2729Kb free=117334Kb
 bounds [0x0000026d90130000, 0x0000026d903e0000, 0x0000026d97670000]
CodeHeap 'profiled nmethods': size=120000Kb used=10766Kb max_used=10766Kb free=109233Kb
 bounds [0x0000026d88670000, 0x0000026d89100000, 0x0000026d8fba0000]
CodeHeap 'non-nmethods': size=5696Kb used=1977Kb max_used=2011Kb free=3718Kb
 bounds [0x0000026d8fba0000, 0x0000026d8fe10000, 0x0000026d90130000]
CodeCache: size=245760Kb, used=15472Kb, max_used=15506Kb, free=230285Kb
 total_blobs=7613, nmethods=6632, adapters=886, full_count=0
Compilation: enabled, stopped_count=0, restarted_count=0

Compilation events (20 events):
Event: 51.221 Thread 0x0000026d996a8090 nmethod 7068 0x0000026d890ef208 code [0x0000026d890ef340, 0x0000026d890ef570]
Event: 51.221 Thread 0x0000026d996a8090 7069       3       com.sun.javafx.collections.VetoableListDecorator::iterator (27 bytes)
Event: 51.222 Thread 0x0000026d996a8090 nmethod 7069 0x0000026d890ef608 code [0x0000026d890ef760, 0x0000026d890efb80]
Event: 51.222 Thread 0x0000026d996a8090 7070       3       com.sun.javafx.collections.VetoableListDecorator$ModCountAccessorImpl::<init> (10 bytes)
Event: 51.222 Thread 0x0000026d996a8090 nmethod 7070 0x0000026d890efc08 code [0x0000026d890efd20, 0x0000026d890efef0]
Event: 51.222 Thread 0x0000026d996a8090 7071       3       com.sun.javafx.collections.VetoableListDecorator$VetoableIteratorDecorator::<init> (36 bytes)
Event: 51.222 Thread 0x0000026d996a8090 nmethod 7071 0x0000026d890eff88 code [0x0000026d890f00c0, 0x0000026d890f0408]
Event: 51.222 Thread 0x0000026d996a8090 7074       3       com.sun.javafx.geom.RectBounds::grow (41 bytes)
Event: 51.222 Thread 0x0000026d996a8090 nmethod 7074 0x0000026d890f0488 code [0x0000026d890f05a0, 0x0000026d890f06e0]
Event: 51.227 Thread 0x0000026d996a8090 7075       3       com.sun.prism.d3d.D3DSwapChain::getContentWidth (5 bytes)
Event: 51.228 Thread 0x0000026d996a8090 nmethod 7075 0x0000026d890f0788 code [0x0000026d890f08c0, 0x0000026d890f0b10]
Event: 51.228 Thread 0x0000026d996a8090 7076       3       com.sun.prism.d3d.D3DSwapChain::getContentHeight (5 bytes)
Event: 51.228 Thread 0x0000026d996a8090 nmethod 7076 0x0000026d890f0b88 code [0x0000026d890f0cc0, 0x0000026d890f0f10]
Event: 51.239 Thread 0x0000026dff612e70 nmethod 7064 0x0000026d903d7d08 code [0x0000026d903d7f00, 0x0000026d903d9980]
Event: 51.239 Thread 0x0000026dff612e70 7073       4       java.lang.Double::isInfinite (17 bytes)
Event: 51.239 Thread 0x0000026dff612e70 nmethod 7073 0x0000026d903d9a08 code [0x0000026d903d9b20, 0x0000026d903d9ba0]
Event: 51.239 Thread 0x0000026dff612e70 7072       4       javafx.beans.property.DoublePropertyBase::isBound (13 bytes)
Event: 51.239 Thread 0x0000026dff612e70 nmethod 7072 0x0000026d903d9d08 code [0x0000026d903d9e00, 0x0000026d903d9e80]
Event: 52.280 Thread 0x0000026d996a8090 7077       3       java.io.BufferedWriter::implFlushBuffer (34 bytes)
Event: 52.281 Thread 0x0000026d996a8090 nmethod 7077 0x0000026d890f0f88 code [0x0000026d890f10e0, 0x0000026d890f1498]

GC Heap History (12 events):
Event: 0.377 GC heap before
{Heap before GC invocations=0 (full 0):
 garbage-first heap   total reserved 4120576K, committed 258048K, used 22528K [0x0000000704800000, 0x0000000800000000)
  region size 2048K, 12 young (24576K), 0 survivors (0K)
 Metaspace       used 7079K, committed 7360K, reserved 1114112K
  class space    used 824K, committed 960K, reserved 1048576K
}
Event: 0.380 GC heap after
{Heap after GC invocations=1 (full 0):
 garbage-first heap   total reserved 4120576K, committed 258048K, used 4269K [0x0000000704800000, 0x0000000800000000)
  region size 2048K, 2 young (4096K), 2 survivors (4096K)
 Metaspace       used 7079K, committed 7360K, reserved 1114112K
  class space    used 824K, committed 960K, reserved 1048576K
}
Event: 0.686 GC heap before
{Heap before GC invocations=1 (full 0):
 garbage-first heap   total reserved 4120576K, committed 258048K, used 24749K [0x0000000704800000, 0x0000000800000000)
  region size 2048K, 13 young (26624K), 2 survivors (4096K)
 Metaspace       used 13597K, committed 13888K, reserved 1114112K
  class space    used 1731K, committed 1856K, reserved 1048576K
}
Event: 0.690 GC heap after
{Heap after GC invocations=2 (full 0):
 garbage-first heap   total reserved 4120576K, committed 258048K, used 7834K [0x0000000704800000, 0x0000000800000000)
  region size 2048K, 2 young (4096K), 2 survivors (4096K)
 Metaspace       used 13597K, committed 13888K, reserved 1114112K
  class space    used 1731K, committed 1856K, reserved 1048576K
}
Event: 1.234 GC heap before
{Heap before GC invocations=2 (full 0):
 garbage-first heap   total reserved 4120576K, committed 258048K, used 50842K [0x0000000704800000, 0x0000000800000000)
  region size 2048K, 25 young (51200K), 2 survivors (4096K)
 Metaspace       used 21029K, committed 21504K, reserved 1114112K
  class space    used 3162K, committed 3392K, reserved 1048576K
}
Event: 1.239 GC heap after
{Heap after GC invocations=3 (full 0):
 garbage-first heap   total reserved 4120576K, committed 258048K, used 13157K [0x0000000704800000, 0x0000000800000000)
  region size 2048K, 4 young (8192K), 4 survivors (8192K)
 Metaspace       used 21029K, committed 21504K, reserved 1114112K
  class space    used 3162K, committed 3392K, reserved 1048576K
}
Event: 13.758 GC heap before
{Heap before GC invocations=4 (full 0):
 garbage-first heap   total reserved 4120576K, committed 49152K, used 45925K [0x0000000704800000, 0x0000000800000000)
  region size 2048K, 19 young (38912K), 4 survivors (8192K)
 Metaspace       used 24731K, committed 25216K, reserved 1114112K
  class space    used 3586K, committed 3776K, reserved 1048576K
}
Event: 13.762 GC heap after
{Heap after GC invocations=5 (full 0):
 garbage-first heap   total reserved 4120576K, committed 61440K, used 18473K [0x0000000704800000, 0x0000000800000000)
  region size 2048K, 2 young (4096K), 2 survivors (4096K)
 Metaspace       used 24731K, committed 25216K, reserved 1114112K
  class space    used 3586K, committed 3776K, reserved 1048576K
}
Event: 27.978 GC heap before
{Heap before GC invocations=5 (full 0):
 garbage-first heap   total reserved 4120576K, committed 61440K, used 47145K [0x0000000704800000, 0x0000000800000000)
  region size 2048K, 14 young (28672K), 2 survivors (4096K)
 Metaspace       used 27700K, committed 28160K, reserved 1114112K
  class space    used 3896K, committed 4096K, reserved 1048576K
}
Event: 27.981 GC heap after
{Heap after GC invocations=6 (full 0):
 garbage-first heap   total reserved 4120576K, committed 61440K, used 29022K [0x0000000704800000, 0x0000000800000000)
  region size 2048K, 2 young (4096K), 2 survivors (4096K)
 Metaspace       used 27700K, committed 28160K, reserved 1114112K
  class space    used 3896K, committed 4096K, reserved 1048576K
}
Event: 28.037 GC heap before
{Heap before GC invocations=6 (full 0):
 garbage-first heap   total reserved 4120576K, committed 61440K, used 31070K [0x0000000704800000, 0x0000000800000000)
  region size 2048K, 4 young (8192K), 2 survivors (4096K)
 Metaspace       used 29182K, committed 29632K, reserved 1114112K
  class space    used 4070K, committed 4288K, reserved 1048576K
}
Event: 28.039 GC heap after
{Heap after GC invocations=7 (full 0):
 garbage-first heap   total reserved 4120576K, committed 61440K, used 29020K [0x0000000704800000, 0x0000000800000000)
  region size 2048K, 1 young (2048K), 1 survivors (2048K)
 Metaspace       used 29182K, committed 29632K, reserved 1114112K
  class space    used 4070K, committed 4288K, reserved 1048576K
}

Dll operation events (20 events):
Event: 0.323 Loaded shared library C:\Users\dipht\.openjfx\cache\21.0.1+6\amd64\api-ms-win-crt-math-l1-1-0.dll
Event: 0.326 Loaded shared library C:\Users\dipht\.openjfx\cache\21.0.1+6\amd64\api-ms-win-crt-multibyte-l1-1-0.dll
Event: 0.330 Loaded shared library C:\Users\dipht\.openjfx\cache\21.0.1+6\amd64\api-ms-win-crt-private-l1-1-0.dll
Event: 0.334 Loaded shared library C:\Users\dipht\.openjfx\cache\21.0.1+6\amd64\api-ms-win-crt-process-l1-1-0.dll
Event: 0.337 Loaded shared library C:\Users\dipht\.openjfx\cache\21.0.1+6\amd64\api-ms-win-crt-runtime-l1-1-0.dll
Event: 0.340 Loaded shared library C:\Users\dipht\.openjfx\cache\21.0.1+6\amd64\api-ms-win-crt-stdio-l1-1-0.dll
Event: 0.343 Loaded shared library C:\Users\dipht\.openjfx\cache\21.0.1+6\amd64\api-ms-win-crt-string-l1-1-0.dll
Event: 0.346 Loaded shared library C:\Users\dipht\.openjfx\cache\21.0.1+6\amd64\api-ms-win-crt-time-l1-1-0.dll
Event: 0.350 Loaded shared library C:\Users\dipht\.openjfx\cache\21.0.1+6\amd64\api-ms-win-crt-utility-l1-1-0.dll
Event: 0.361 Loaded shared library C:\Users\dipht\.openjfx\cache\21.0.1+6\amd64\ucrtbase.dll
Event: 0.365 Loaded shared library C:\Users\dipht\.openjfx\cache\21.0.1+6\amd64\vcruntime140.dll
Event: 0.369 Loaded shared library C:\Users\dipht\.openjfx\cache\21.0.1+6\amd64\vcruntime140_1.dll
Event: 0.376 Loaded shared library C:\Users\dipht\.openjfx\cache\21.0.1+6\amd64\msvcp140.dll
Event: 0.382 Loaded shared library C:\Users\dipht\.openjfx\cache\21.0.1+6\amd64\msvcp140_1.dll
Event: 0.386 Loaded shared library C:\Users\dipht\.openjfx\cache\21.0.1+6\amd64\msvcp140_2.dll
Event: 0.416 Loaded shared library C:\Users\dipht\.openjfx\cache\21.0.1+6\amd64\prism_d3d.dll
Event: 0.468 Loaded shared library C:\Users\dipht\.openjfx\cache\21.0.1+6\amd64\glass.dll
Event: 0.703 Loaded shared library C:\Users\dipht\.openjfx\cache\21.0.1+6\amd64\javafx_font.dll
Event: 28.013 Loaded shared library C:\Program Files\Java\jdk-23\bin\sunmscapi.dll
Event: 29.311 Loaded shared library C:\Program Files\Java\jdk-23\bin\jsound.dll

Deoptimization events (20 events):
Event: 51.206 Thread 0x0000026ddfe56210 Uncommon trap: trap_request=0xffffffbe fr.pc=0x0000026d903c0550 relative=0x00000000000003f0
Event: 51.206 Thread 0x0000026ddfe56210 Uncommon trap: reason=profile_predicate action=maybe_recompile pc=0x0000026d903c0550 method=javafx.css.CompoundSelector.applies(Ljavafx/css/Styleable;[Ljava/util/Set;I)Z @ 89 c2
Event: 51.206 Thread 0x0000026ddfe56210 DEOPT PACKING pc=0x0000026d903c0550 sp=0x000000df312fc160
Event: 51.206 Thread 0x0000026ddfe56210 DEOPT UNPACKING pc=0x0000026d8fbf4402 sp=0x000000df312fc0f0 mode 2
Event: 51.206 Thread 0x0000026ddfe56210 Uncommon trap: trap_request=0xffffffbe fr.pc=0x0000026d903c0550 relative=0x00000000000003f0
Event: 51.206 Thread 0x0000026ddfe56210 Uncommon trap: reason=profile_predicate action=maybe_recompile pc=0x0000026d903c0550 method=javafx.css.CompoundSelector.applies(Ljavafx/css/Styleable;[Ljava/util/Set;I)Z @ 89 c2
Event: 51.206 Thread 0x0000026ddfe56210 DEOPT PACKING pc=0x0000026d903c0550 sp=0x000000df312fbf40
Event: 51.206 Thread 0x0000026ddfe56210 DEOPT UNPACKING pc=0x0000026d8fbf4402 sp=0x000000df312fbed0 mode 2
Event: 51.206 Thread 0x0000026ddfe56210 Uncommon trap: trap_request=0xffffffbe fr.pc=0x0000026d903c0550 relative=0x00000000000003f0
Event: 51.206 Thread 0x0000026ddfe56210 Uncommon trap: reason=profile_predicate action=maybe_recompile pc=0x0000026d903c0550 method=javafx.css.CompoundSelector.applies(Ljavafx/css/Styleable;[Ljava/util/Set;I)Z @ 89 c2
Event: 51.206 Thread 0x0000026ddfe56210 DEOPT PACKING pc=0x0000026d903c0550 sp=0x000000df312fc240
Event: 51.206 Thread 0x0000026ddfe56210 DEOPT UNPACKING pc=0x0000026d8fbf4402 sp=0x000000df312fc1d0 mode 2
Event: 51.209 Thread 0x0000026ddfe56210 Uncommon trap: trap_request=0xffffff45 fr.pc=0x0000026d90160ae4 relative=0x0000000000000764
Event: 51.209 Thread 0x0000026ddfe56210 Uncommon trap: reason=unstable_if action=reinterpret pc=0x0000026d90160ae4 method=java.util.zip.InflaterInputStream.read([BII)I @ 74 c2
Event: 51.209 Thread 0x0000026ddfe56210 DEOPT PACKING pc=0x0000026d90160ae4 sp=0x000000df312fbcd0
Event: 51.209 Thread 0x0000026ddfe56210 DEOPT UNPACKING pc=0x0000026d8fbf4402 sp=0x000000df312fbcb0 mode 2
Event: 51.209 Thread 0x0000026ddfe56210 Uncommon trap: trap_request=0xffffff45 fr.pc=0x0000026d9036f860 relative=0x0000000000000320
Event: 51.209 Thread 0x0000026ddfe56210 Uncommon trap: reason=unstable_if action=reinterpret pc=0x0000026d9036f860 method=java.util.zip.Inflater.inflate([BII)I @ 31 c2
Event: 51.209 Thread 0x0000026ddfe56210 DEOPT PACKING pc=0x0000026d9036f860 sp=0x000000df312fbc40
Event: 51.209 Thread 0x0000026ddfe56210 DEOPT UNPACKING pc=0x0000026d8fbf4402 sp=0x000000df312fbbd0 mode 2

Classes loaded (20 events):
Event: 38.347 Loading class sun/security/ssl/Alert$AlertConsumer
Event: 38.347 Loading class sun/security/ssl/Alert$AlertConsumer done
Event: 38.347 Loading class sun/security/ssl/Alert$Level
Event: 38.347 Loading class sun/security/ssl/Alert$Level done
Event: 48.161 Loading class sun/security/ssl/PreSharedKeyExtension$PskIdentity
Event: 48.161 Loading class sun/security/ssl/PreSharedKeyExtension$PskIdentity done
Event: 48.161 Loading class sun/security/ssl/PreSharedKeyExtension$CHPreSharedKeySpec
Event: 48.162 Loading class sun/security/ssl/PreSharedKeyExtension$CHPreSharedKeySpec done
Event: 48.162 Loading class sun/security/ssl/PreSharedKeyExtension$PartialClientHelloMessage
Event: 48.162 Loading class sun/security/ssl/PreSharedKeyExtension$PartialClientHelloMessage done
Event: 48.162 Loading class sun/security/ssl/SSLEngineOutputRecord
Event: 48.162 Loading class sun/security/ssl/SSLEngineOutputRecord done
Event: 48.162 Loading class sun/security/ssl/SSLEngineOutputRecord$HandshakeFragment
Event: 48.162 Loading class sun/security/ssl/SSLEngineOutputRecord$HandshakeFragment done
Event: 48.162 Loading class sun/security/ssl/SSLEngineOutputRecord$HandshakeMemo
Event: 48.162 Loading class sun/security/ssl/SSLEngineOutputRecord$RecordMemo
Event: 48.162 Loading class sun/security/ssl/SSLEngineOutputRecord$RecordMemo done
Event: 48.162 Loading class sun/security/ssl/SSLEngineOutputRecord$HandshakeMemo done
Event: 48.243 Loading class sun/security/ssl/PreSharedKeyExtension$SHPreSharedKeySpec
Event: 48.244 Loading class sun/security/ssl/PreSharedKeyExtension$SHPreSharedKeySpec done

Classes unloaded (0 events):
No events

Classes redefined (0 events):
No events

Internal exceptions (20 events):
Event: 27.759 Thread 0x0000026ddfe56210 Exception <a 'java/lang/ClassNotFoundException'{0x0000000710c97930}: sun/util/logging/resources/spi/loggingProvider> (0x0000000710c97930) 
thrown [s\open\src\hotspot\share\classfile\systemDictionary.cpp, line 313]
Event: 27.779 Thread 0x0000026ddfe56210 Exception <a 'java/lang/NoSuchMethodError'{0x0000000710ad33b0}: 'java.lang.Object java.lang.invoke.DirectMethodHandle$Holder.newInvokeSpecial(java.lang.Object, double)'> (0x0000000710ad33b0) 
thrown [s\open\src\hotspot\share\interpreter\linkResolver.cpp, line 796]
Event: 27.802 Thread 0x0000026ddfe56210 Exception <a 'java/io/FileNotFoundException'{0x0000000706cda048}> (0x0000000706cda048) 
thrown [s\open\src\hotspot\share\prims\jni.cpp, line 520]
Event: 27.895 Thread 0x0000026ddfe56210 Exception <a 'sun/nio/fs/WindowsException'{0x0000000706796040}> (0x0000000706796040) 
thrown [s\open\src\hotspot\share\prims\jni.cpp, line 520]
Event: 27.895 Thread 0x0000026ddfe56210 Exception <a 'sun/nio/fs/WindowsException'{0x0000000706796aa8}> (0x0000000706796aa8) 
thrown [s\open\src\hotspot\share\prims\jni.cpp, line 520]
Event: 27.922 Thread 0x0000026d999233d0 Exception <a 'sun/nio/fs/WindowsException'{0x00000007064c5c30}> (0x00000007064c5c30) 
thrown [s\open\src\hotspot\share\prims\jni.cpp, line 520]
Event: 27.993 Thread 0x0000026d999233d0 Implicit null exception at 0x0000026d902d3534 to 0x0000026d902d3f78
Event: 27.993 Thread 0x0000026d999233d0 Implicit null exception at 0x0000026d90319a3d to 0x0000026d9031ab70
Event: 28.025 Thread 0x0000026ddfe56210 Exception <a 'java/lang/NoSuchMethodError'{0x00000007143b14d0}: 'java.lang.Object java.lang.invoke.DirectMethodHandle$Holder.invokeSpecial(java.lang.Object, java.lang.Object, int, java.lang.Object, int)'> (0x00000007143b14d0) 
thrown [s\open\src\hotspot\share\interpreter\linkResolver.cpp, line 796]
Event: 28.060 Thread 0x0000026ddf8501e0 Implicit null exception at 0x0000026d9030e33a to 0x0000026d9030e3cc
Event: 28.112 Thread 0x0000026ddfe56210 Exception <a 'java/lang/NoSuchMethodError'{0x0000000714305bc0}: 'void java.lang.invoke.DirectMethodHandle$Holder.invokeSpecial(java.lang.Object, java.lang.Object, int, int)'> (0x0000000714305bc0) 
thrown [s\open\src\hotspot\share\interpreter\linkResolver.cpp, line 796]
Event: 28.112 Thread 0x0000026ddfe56210 Exception <a 'java/lang/NoSuchMethodError'{0x000000071430b7a8}: 'java.lang.Object java.lang.invoke.DirectMethodHandle$Holder.newInvokeSpecial(java.lang.Object, java.lang.Object, int, int)'> (0x000000071430b7a8) 
thrown [s\open\src\hotspot\share\interpreter\linkResolver.cpp, line 796]
Event: 28.113 Thread 0x0000026ddfe56210 Exception <a 'java/lang/NoSuchMethodError'{0x000000071430f4d0}: 'java.lang.Object java.lang.invoke.DirectMethodHandle$Holder.invokeSpecial(java.lang.Object, java.lang.Object, java.lang.Object, int, int)'> (0x000000071430f4d0) 
thrown [s\open\src\hotspot\share\interpreter\linkResolver.cpp, line 796]
Event: 28.119 Thread 0x0000026ddfe56210 Implicit null exception at 0x0000026d90345ba3 to 0x0000026d90345c75
Event: 28.250 Thread 0x0000026d999233d0 Exception <a 'java/lang/NoSuchMethodError'{0x000000071106fba0}: 'void java.lang.invoke.DirectMethodHandle$Holder.invokeStaticInit(java.lang.Object, java.lang.Object, java.lang.Object)'> (0x000000071106fba0) 
thrown [s\open\src\hotspot\share\interpreter\linkResolver.cpp, line 796]
Event: 28.345 Thread 0x0000026d999233d0 Implicit null exception at 0x0000026d903708b1 to 0x0000026d90370f14
Event: 29.328 Thread 0x0000026ddfe56210 Exception <a 'sun/nio/fs/WindowsException'{0x0000000710b034f0}> (0x0000000710b034f0) 
thrown [s\open\src\hotspot\share\prims\jni.cpp, line 520]
Event: 29.328 Thread 0x0000026ddfe56210 Exception <a 'sun/nio/fs/WindowsException'{0x0000000710b04208}> (0x0000000710b04208) 
thrown [s\open\src\hotspot\share\prims\jni.cpp, line 520]
Event: 31.553 Thread 0x0000026ddf8501e0 Implicit null exception at 0x0000026d90303d4e to 0x0000026d90303dc0
Event: 31.584 Thread 0x0000026ddf8501e0 Implicit null exception at 0x0000026d903ac699 to 0x0000026d903ae8dc

VM Operations (20 events):
Event: 27.951 Executing VM operation: HandshakeAllThreads (Deoptimize)
Event: 27.951 Executing VM operation: HandshakeAllThreads (Deoptimize) done
Event: 27.978 Executing VM operation: G1CollectForAllocation (G1 Evacuation Pause)
Event: 27.981 Executing VM operation: G1CollectForAllocation (G1 Evacuation Pause) done
Event: 28.037 Executing VM operation: G1TryInitiateConcMark (G1 Humongous Allocation)
Event: 28.039 Executing VM operation: G1TryInitiateConcMark (G1 Humongous Allocation) done
Event: 28.047 Executing VM operation: G1PauseRemark
Event: 28.049 Executing VM operation: G1PauseRemark done
Event: 28.052 Executing VM operation: G1PauseCleanup
Event: 28.052 Executing VM operation: G1PauseCleanup done
Event: 28.079 Executing VM operation: HandshakeAllThreads (Deoptimize)
Event: 28.079 Executing VM operation: HandshakeAllThreads (Deoptimize) done
Event: 28.252 Executing VM operation: HandshakeAllThreads (Deoptimize)
Event: 28.252 Executing VM operation: HandshakeAllThreads (Deoptimize) done
Event: 28.343 Executing VM operation: HandshakeAllThreads (Deoptimize)
Event: 28.343 Executing VM operation: HandshakeAllThreads (Deoptimize) done
Event: 28.345 Executing VM operation: HandshakeAllThreads (Deoptimize)
Event: 28.345 Executing VM operation: HandshakeAllThreads (Deoptimize) done
Event: 31.542 Executing VM operation: HandshakeAllThreads (Deoptimize)
Event: 31.542 Executing VM operation: HandshakeAllThreads (Deoptimize) done

Memory protections (0 events):
No events

Nmethod flushes (20 events):
Event: 28.049 Thread 0x0000026dff5ee310 flushing  nmethod 0x0000026d886b5a08
Event: 28.049 Thread 0x0000026dff5ee310 flushing  nmethod 0x0000026d886b7288
Event: 28.049 Thread 0x0000026dff5ee310 flushing  nmethod 0x0000026d886b7708
Event: 28.049 Thread 0x0000026dff5ee310 flushing  nmethod 0x0000026d886b7a08
Event: 28.049 Thread 0x0000026dff5ee310 flushing  nmethod 0x0000026d886f2108
Event: 28.049 Thread 0x0000026dff5ee310 flushing  nmethod 0x0000026d886f2908
Event: 28.049 Thread 0x0000026dff5ee310 flushing  nmethod 0x0000026d886f5488
Event: 28.049 Thread 0x0000026dff5ee310 flushing  nmethod 0x0000026d886f5908
Event: 28.049 Thread 0x0000026dff5ee310 flushing  nmethod 0x0000026d886fca88
Event: 28.049 Thread 0x0000026dff5ee310 flushing  nmethod 0x0000026d886fda88
Event: 28.049 Thread 0x0000026dff5ee310 flushing  nmethod 0x0000026d88732708
Event: 28.049 Thread 0x0000026dff5ee310 flushing  nmethod 0x0000026d88780e88
Event: 28.049 Thread 0x0000026dff5ee310 flushing  nmethod 0x0000026d887b4d08
Event: 28.049 Thread 0x0000026dff5ee310 flushing  nmethod 0x0000026d887bb788
Event: 28.049 Thread 0x0000026dff5ee310 flushing  nmethod 0x0000026d8880ff88
Event: 28.049 Thread 0x0000026dff5ee310 flushing  nmethod 0x0000026d88810388
Event: 28.049 Thread 0x0000026dff5ee310 flushing  nmethod 0x0000026d88810888
Event: 28.049 Thread 0x0000026dff5ee310 flushing  nmethod 0x0000026d88810c08
Event: 28.049 Thread 0x0000026dff5ee310 flushing  nmethod 0x0000026d888b9308
Event: 28.049 Thread 0x0000026dff5ee310 flushing  nmethod 0x0000026d88929588

Events (20 events):
Event: 37.548 Thread 0x0000026d9991cad0 Thread exited: 0x0000026d9991cad0
Event: 43.349 Thread 0x0000026de06ac6f0 Thread exited: 0x0000026de06ac6f0
Event: 48.091 Thread 0x0000026ddfe56210 Thread added: 0x0000026df5d1b400
Event: 48.245 Thread 0x0000026df5d1b400 Thread added: 0x0000026df5d1a050
Event: 48.245 Thread 0x0000026df5d1a050 Thread exited: 0x0000026df5d1a050
Event: 48.329 Thread 0x0000026df5d1b400 Thread added: 0x0000026df5d199c0
Event: 49.331 Thread 0x0000026df5d1b400 Thread exited: 0x0000026df5d1b400
Event: 50.722 Thread 0x0000026ddfe56210 Thread added: 0x0000026df5d1d4d0
Event: 50.727 Thread 0x0000026ddfe56210 Thread added: 0x0000026df5d1e1f0
Event: 50.731 Thread 0x0000026ddfe56210 Thread added: 0x0000026df5d1db60
Event: 50.736 Thread 0x0000026d996a8090 Thread added: 0x0000026ddf300720
Event: 50.883 Thread 0x0000026df5d1e1f0 Thread added: 0x0000026df5d21670
Event: 50.884 Thread 0x0000026df5d21670 Thread exited: 0x0000026df5d21670
Event: 50.895 Thread 0x0000026df5d1db60 Thread added: 0x0000026df5d1fc30
Event: 50.895 Thread 0x0000026df5d1fc30 Thread exited: 0x0000026df5d1fc30
Event: 51.151 Thread 0x0000026ddf300720 Thread exited: 0x0000026ddf300720
Event: 51.212 Thread 0x0000026d996a8090 Thread added: 0x0000026ddf2fe510
Event: 51.803 Thread 0x0000026df5d1d4d0 Thread exited: 0x0000026df5d1d4d0
Event: 51.966 Thread 0x0000026df5d1e1f0 Thread exited: 0x0000026df5d1e1f0
Event: 52.295 Thread 0x0000026df5d1db60 Thread exited: 0x0000026df5d1db60


Dynamic libraries:
0x00007ff699970000 - 0x00007ff699980000 	C:\Program Files\Java\jdk-23\bin\java.exe
0x00007ffd16f20000 - 0x00007ffd17188000 	C:\WINDOWS\SYSTEM32\ntdll.dll
0x00007ffd15d50000 - 0x00007ffd15e19000 	C:\WINDOWS\System32\KERNEL32.DLL
0x00007ffd14120000 - 0x00007ffd14518000 	C:\WINDOWS\System32\KERNELBASE.dll
0x00007ffd14550000 - 0x00007ffd1469b000 	C:\WINDOWS\System32\ucrtbase.dll
0x00007ffd10c10000 - 0x00007ffd10c2b000 	C:\Program Files\Java\jdk-23\bin\VCRUNTIME140.dll
0x00007ffd10bf0000 - 0x00007ffd10c07000 	C:\Program Files\Java\jdk-23\bin\jli.dll
0x00007ffd15ee0000 - 0x00007ffd160a7000 	C:\WINDOWS\System32\USER32.dll
0x00007ffcfbc00000 - 0x00007ffcfbe94000 	C:\WINDOWS\WinSxS\amd64_microsoft.windows.common-controls_6595b64144ccf1df_6.0.26100.7019_none_3e06ffa0e335b8a8\COMCTL32.dll
0x00007ffd14520000 - 0x00007ffd14547000 	C:\WINDOWS\System32\win32u.dll
0x00007ffd15e20000 - 0x00007ffd15e4b000 	C:\WINDOWS\System32\GDI32.dll
0x00007ffd14cc0000 - 0x00007ffd14d69000 	C:\WINDOWS\System32\msvcrt.dll
0x00007ffd14a20000 - 0x00007ffd14b4c000 	C:\WINDOWS\System32\gdi32full.dll
0x00007ffd14070000 - 0x00007ffd14113000 	C:\WINDOWS\System32\msvcp_win.dll
0x00007ffd15ba0000 - 0x00007ffd15bd1000 	C:\WINDOWS\System32\IMM32.DLL
0x00007ffd10be0000 - 0x00007ffd10bec000 	C:\Program Files\Java\jdk-23\bin\vcruntime140_1.dll
0x00007ffd0eb80000 - 0x00007ffd0ec0e000 	C:\Program Files\Java\jdk-23\bin\msvcp140.dll
0x00007ffc96960000 - 0x00007ffc976af000 	C:\Program Files\Java\jdk-23\bin\server\jvm.dll
0x00007ffd16e20000 - 0x00007ffd16ed4000 	C:\WINDOWS\System32\ADVAPI32.dll
0x00007ffd16190000 - 0x00007ffd16236000 	C:\WINDOWS\System32\sechost.dll
0x00007ffd16430000 - 0x00007ffd16548000 	C:\WINDOWS\System32\RPCRT4.dll
0x00007ffd14df0000 - 0x00007ffd14e64000 	C:\WINDOWS\System32\WS2_32.dll
0x00007ffd13ed0000 - 0x00007ffd13f2e000 	C:\WINDOWS\SYSTEM32\POWRPROF.dll
0x00007ffd01bc0000 - 0x00007ffd01bf5000 	C:\WINDOWS\SYSTEM32\WINMM.dll
0x00007ffcf9910000 - 0x00007ffcf991b000 	C:\WINDOWS\SYSTEM32\VERSION.dll
0x00007ffd13eb0000 - 0x00007ffd13ec4000 	C:\WINDOWS\SYSTEM32\UMPDC.dll
0x00007ffd12e30000 - 0x00007ffd12e4b000 	C:\WINDOWS\SYSTEM32\kernel.appcore.dll
0x00007ffd10bd0000 - 0x00007ffd10bda000 	C:\Program Files\Java\jdk-23\bin\jimage.dll
0x00007ffd111b0000 - 0x00007ffd113f2000 	C:\WINDOWS\SYSTEM32\DBGHELP.DLL
0x00007ffd15810000 - 0x00007ffd15b9b000 	C:\WINDOWS\System32\combase.dll
0x00007ffd160b0000 - 0x00007ffd16187000 	C:\WINDOWS\System32\OLEAUT32.dll
0x00007ffcf3390000 - 0x00007ffcf33cc000 	C:\WINDOWS\SYSTEM32\dbgcore.DLL
0x00007ffd14b50000 - 0x00007ffd14bf5000 	C:\WINDOWS\System32\bcryptPrimitives.dll
0x00007ffd0ed80000 - 0x00007ffd0ed8f000 	C:\Program Files\Java\jdk-23\bin\instrument.dll
0x00007ffd0eb60000 - 0x00007ffd0eb7e000 	C:\Program Files\Java\jdk-23\bin\java.dll
0x00007ffd154f0000 - 0x00007ffd15687000 	C:\WINDOWS\System32\ole32.dll
0x00007ffd16550000 - 0x00007ffd16c9f000 	C:\WINDOWS\System32\SHELL32.dll
0x00007ffd14820000 - 0x00007ffd1498b000 	C:\WINDOWS\System32\wintypes.dll
0x00007ffd11cb0000 - 0x00007ffd1250d000 	C:\WINDOWS\SYSTEM32\windows.storage.dll
0x00007ffd15710000 - 0x00007ffd15802000 	C:\WINDOWS\System32\SHCORE.dll
0x00007ffd15690000 - 0x00007ffd156f7000 	C:\WINDOWS\System32\shlwapi.dll
0x00007ffd13f90000 - 0x00007ffd13fb9000 	C:\WINDOWS\SYSTEM32\profapi.dll
0x00007ffd02900000 - 0x00007ffd029d7000 	C:\Program Files\Java\jdk-23\bin\jsvml.dll
0x00007ffd0eb50000 - 0x00007ffd0eb60000 	C:\Program Files\Java\jdk-23\bin\net.dll
0x00007ffd133a0000 - 0x00007ffd1340b000 	C:\WINDOWS\system32\mswsock.dll
0x00007ffd0eb30000 - 0x00007ffd0eb46000 	C:\Program Files\Java\jdk-23\bin\nio.dll
0x00007ffd0eb10000 - 0x00007ffd0eb27000 	C:\Program Files\Java\jdk-23\bin\zip.dll
0x00007ffd129d0000 - 0x00007ffd12afc000 	C:\WINDOWS\SYSTEM32\DNSAPI.dll
0x00007ffd12990000 - 0x00007ffd129c4000 	C:\WINDOWS\SYSTEM32\IPHLPAPI.DLL
0x00007ffd15450000 - 0x00007ffd1545a000 	C:\WINDOWS\System32\NSI.dll
0x00007ffd06b70000 - 0x00007ffd06b7b000 	C:\Windows\System32\rasadhlp.dll
0x00007ffd0e570000 - 0x00007ffd0e5f6000 	C:\WINDOWS\System32\fwpuclnt.dll
0x00007ffd0eb00000 - 0x00007ffd0eb0a000 	C:\Program Files\Java\jdk-23\bin\management.dll
0x0000026d99de0000 - 0x0000026d99de3000 	C:\Users\dipht\.openjfx\cache\21.0.1+6\amd64\api-ms-win-core-console-l1-1-0.dll
0x0000026d99df0000 - 0x0000026d99df3000 	C:\Users\dipht\.openjfx\cache\21.0.1+6\amd64\api-ms-win-core-console-l1-2-0.dll
0x00007ffd0eae0000 - 0x00007ffd0eaeb000 	C:\Program Files\Java\jdk-23\bin\management_ext.dll
0x00007ffd16240000 - 0x00007ffd16248000 	C:\WINDOWS\System32\PSAPI.DLL
0x0000026d99e00000 - 0x0000026d99e03000 	C:\Users\dipht\.openjfx\cache\21.0.1+6\amd64\api-ms-win-core-datetime-l1-1-0.dll
0x0000026d99e10000 - 0x0000026d99e13000 	C:\Users\dipht\.openjfx\cache\21.0.1+6\amd64\api-ms-win-core-debug-l1-1-0.dll
0x0000026d99e20000 - 0x0000026d99e23000 	C:\Users\dipht\.openjfx\cache\21.0.1+6\amd64\api-ms-win-core-errorhandling-l1-1-0.dll
0x0000026d99e30000 - 0x0000026d99e34000 	C:\Users\dipht\.openjfx\cache\21.0.1+6\amd64\api-ms-win-core-file-l1-1-0.dll
0x0000026d99e40000 - 0x0000026d99e43000 	C:\Users\dipht\.openjfx\cache\21.0.1+6\amd64\api-ms-win-core-file-l1-2-0.dll
0x0000026d99e50000 - 0x0000026d99e53000 	C:\Users\dipht\.openjfx\cache\21.0.1+6\amd64\api-ms-win-core-file-l2-1-0.dll
0x0000026d99e60000 - 0x0000026d99e63000 	C:\Users\dipht\.openjfx\cache\21.0.1+6\amd64\api-ms-win-core-handle-l1-1-0.dll
0x0000026d99e70000 - 0x0000026d99e73000 	C:\Users\dipht\.openjfx\cache\21.0.1+6\amd64\api-ms-win-core-heap-l1-1-0.dll
0x0000026d99e80000 - 0x0000026d99e83000 	C:\Users\dipht\.openjfx\cache\21.0.1+6\amd64\api-ms-win-core-interlocked-l1-1-0.dll
0x0000026d99e90000 - 0x0000026d99e93000 	C:\Users\dipht\.openjfx\cache\21.0.1+6\amd64\api-ms-win-core-libraryloader-l1-1-0.dll
0x0000026d99ea0000 - 0x0000026d99ea3000 	C:\Users\dipht\.openjfx\cache\21.0.1+6\amd64\api-ms-win-core-localization-l1-2-0.dll
0x0000026d99eb0000 - 0x0000026d99eb3000 	C:\Users\dipht\.openjfx\cache\21.0.1+6\amd64\api-ms-win-core-memory-l1-1-0.dll
0x0000026d99ec0000 - 0x0000026d99ec3000 	C:\Users\dipht\.openjfx\cache\21.0.1+6\amd64\api-ms-win-core-namedpipe-l1-1-0.dll
0x0000026d99ed0000 - 0x0000026d99ed3000 	C:\Users\dipht\.openjfx\cache\21.0.1+6\amd64\api-ms-win-core-processenvironment-l1-1-0.dll
0x0000026d99ee0000 - 0x0000026d99ee3000 	C:\Users\dipht\.openjfx\cache\21.0.1+6\amd64\api-ms-win-core-processthreads-l1-1-0.dll
0x0000026d99ef0000 - 0x0000026d99ef3000 	C:\Users\dipht\.openjfx\cache\21.0.1+6\amd64\api-ms-win-core-processthreads-l1-1-1.dll
0x0000026d99f00000 - 0x0000026d99f03000 	C:\Users\dipht\.openjfx\cache\21.0.1+6\amd64\api-ms-win-core-profile-l1-1-0.dll
0x0000026d99f10000 - 0x0000026d99f13000 	C:\Users\dipht\.openjfx\cache\21.0.1+6\amd64\api-ms-win-core-rtlsupport-l1-1-0.dll
0x0000026d99f20000 - 0x0000026d99f23000 	C:\Users\dipht\.openjfx\cache\21.0.1+6\amd64\api-ms-win-core-string-l1-1-0.dll
0x0000026d99f30000 - 0x0000026d99f33000 	C:\Users\dipht\.openjfx\cache\21.0.1+6\amd64\api-ms-win-core-synch-l1-1-0.dll
0x0000026d99f40000 - 0x0000026d99f43000 	C:\Users\dipht\.openjfx\cache\21.0.1+6\amd64\api-ms-win-core-synch-l1-2-0.dll
0x0000026d99f50000 - 0x0000026d99f53000 	C:\Users\dipht\.openjfx\cache\21.0.1+6\amd64\api-ms-win-core-sysinfo-l1-1-0.dll
0x0000026d99f60000 - 0x0000026d99f63000 	C:\Users\dipht\.openjfx\cache\21.0.1+6\amd64\api-ms-win-core-timezone-l1-1-0.dll
0x0000026d99f70000 - 0x0000026d99f73000 	C:\Users\dipht\.openjfx\cache\21.0.1+6\amd64\api-ms-win-core-util-l1-1-0.dll
0x0000026d99f80000 - 0x0000026d99f83000 	C:\Users\dipht\.openjfx\cache\21.0.1+6\amd64\api-ms-win-crt-conio-l1-1-0.dll
0x0000026d99f90000 - 0x0000026d99f94000 	C:\Users\dipht\.openjfx\cache\21.0.1+6\amd64\api-ms-win-crt-convert-l1-1-0.dll
0x0000026d99fa0000 - 0x0000026d99fa3000 	C:\Users\dipht\.openjfx\cache\21.0.1+6\amd64\api-ms-win-crt-environment-l1-1-0.dll
0x0000026d99fb0000 - 0x0000026d99fb3000 	C:\Users\dipht\.openjfx\cache\21.0.1+6\amd64\api-ms-win-crt-filesystem-l1-1-0.dll
0x0000026d99fc0000 - 0x0000026d99fc3000 	C:\Users\dipht\.openjfx\cache\21.0.1+6\amd64\api-ms-win-crt-heap-l1-1-0.dll
0x0000026d99fd0000 - 0x0000026d99fd3000 	C:\Users\dipht\.openjfx\cache\21.0.1+6\amd64\api-ms-win-crt-locale-l1-1-0.dll
0x0000026d99fe0000 - 0x0000026d99fe5000 	C:\Users\dipht\.openjfx\cache\21.0.1+6\amd64\api-ms-win-crt-math-l1-1-0.dll
0x0000026d99ff0000 - 0x0000026d99ff5000 	C:\Users\dipht\.openjfx\cache\21.0.1+6\amd64\api-ms-win-crt-multibyte-l1-1-0.dll
0x0000026de07d0000 - 0x0000026de07e0000 	C:\Users\dipht\.openjfx\cache\21.0.1+6\amd64\api-ms-win-crt-private-l1-1-0.dll
0x0000026de07e0000 - 0x0000026de07e3000 	C:\Users\dipht\.openjfx\cache\21.0.1+6\amd64\api-ms-win-crt-process-l1-1-0.dll
0x00007ffd13660000 - 0x00007ffd1367b000 	C:\WINDOWS\SYSTEM32\CRYPTSP.dll
0x0000026de07f0000 - 0x0000026de07f4000 	C:\Users\dipht\.openjfx\cache\21.0.1+6\amd64\api-ms-win-crt-runtime-l1-1-0.dll
0x00007ffd12d90000 - 0x00007ffd12dca000 	C:\WINDOWS\system32\rsaenh.dll
0x00007ffd13450000 - 0x00007ffd1347b000 	C:\WINDOWS\SYSTEM32\USERENV.dll
0x00007ffd13f60000 - 0x00007ffd13f8a000 	C:\WINDOWS\SYSTEM32\bcrypt.dll
0x00007ffd13680000 - 0x00007ffd1368c000 	C:\WINDOWS\SYSTEM32\CRYPTBASE.dll
0x0000026de0800000 - 0x0000026de0804000 	C:\Users\dipht\.openjfx\cache\21.0.1+6\amd64\api-ms-win-crt-stdio-l1-1-0.dll
0x0000026de0810000 - 0x0000026de0814000 	C:\Users\dipht\.openjfx\cache\21.0.1+6\amd64\api-ms-win-crt-string-l1-1-0.dll
0x0000026de0820000 - 0x0000026de0823000 	C:\Users\dipht\.openjfx\cache\21.0.1+6\amd64\api-ms-win-crt-time-l1-1-0.dll
0x0000026de0830000 - 0x0000026de0833000 	C:\Users\dipht\.openjfx\cache\21.0.1+6\amd64\api-ms-win-crt-utility-l1-1-0.dll
0x00007ffd025b0000 - 0x00007ffd025c8000 	C:\WINDOWS\system32\napinsp.dll
0x00007ffd02190000 - 0x00007ffd021a2000 	C:\WINDOWS\System32\winrnr.dll
0x00007ffd02160000 - 0x00007ffd02182000 	C:\WINDOWS\system32\nlansp_c.dll
0x00007ffd02140000 - 0x00007ffd02156000 	C:\WINDOWS\system32\wshbth.dll
0x00007ffcbe370000 - 0x00007ffcbe46c000 	C:\Users\dipht\.openjfx\cache\21.0.1+6\amd64\ucrtbase.dll
0x00007ffd06fc0000 - 0x00007ffd06fdb000 	C:\Users\dipht\.openjfx\cache\21.0.1+6\amd64\vcruntime140.dll
0x00007ffd072b0000 - 0x00007ffd072bc000 	C:\Users\dipht\.openjfx\cache\21.0.1+6\amd64\vcruntime140_1.dll
0x00007ffcd3830000 - 0x00007ffcd38be000 	C:\Users\dipht\.openjfx\cache\21.0.1+6\amd64\msvcp140.dll
0x00007ffd07170000 - 0x00007ffd07179000 	C:\Users\dipht\.openjfx\cache\21.0.1+6\amd64\msvcp140_1.dll
0x00007ffcfb720000 - 0x00007ffcfb74f000 	C:\Users\dipht\.openjfx\cache\21.0.1+6\amd64\msvcp140_2.dll
0x00007ffcf5d60000 - 0x00007ffcf5db6000 	C:\WINDOWS\SYSTEM32\pdh.dll
0x00007ffcfb520000 - 0x00007ffcfb54f000 	C:\Users\dipht\.openjfx\cache\21.0.1+6\amd64\prism_d3d.dll
0x00007ffcbe470000 - 0x00007ffcbe620000 	C:\WINDOWS\system32\d3d9.dll
0x00007ffd11420000 - 0x00007ffd11450000 	C:\WINDOWS\SYSTEM32\dwmapi.dll
0x00007ffd11020000 - 0x00007ffd11063000 	C:\WINDOWS\SYSTEM32\dxcore.dll
0x00007ffd10e40000 - 0x00007ffd10eea000 	C:\WINDOWS\system32\uxtheme.dll
0x00007ffcdc490000 - 0x00007ffcdc553000 	C:\WINDOWS\SYSTEM32\d3d9on12.dll
0x00007ffd11070000 - 0x00007ffd111a9000 	C:\WINDOWS\SYSTEM32\dxgi.dll
0x00007ffce7c20000 - 0x00007ffce7c43000 	C:\WINDOWS\SYSTEM32\d3d12.dll
0x00007ffd13bf0000 - 0x00007ffd13c47000 	C:\WINDOWS\SYSTEM32\cfgmgr32.dll
0x00007ffca6760000 - 0x00007ffca6ab8000 	C:\WINDOWS\SYSTEM32\D3D12Core.dll
0x00007ffca02b0000 - 0x00007ffca0c79000 	C:\WINDOWS\System32\DriverStore\FileRepository\iigd_dch.inf_amd64_a9b506373dea7676\igd12umd64.dll
0x00007ffd146a0000 - 0x00007ffd14817000 	C:\WINDOWS\System32\CRYPT32.dll
0x00007ffc9ee30000 - 0x00007ffc9f858000 	C:\WINDOWS\System32\DriverStore\FileRepository\iigd_dch.inf_amd64_a9b506373dea7676\igd12um64xel.dll
0x00007ffd06880000 - 0x00007ffd068b4000 	C:\WINDOWS\SYSTEM32\ControlLib.dll
0x00007ffd14e80000 - 0x00007ffd1530a000 	C:\WINDOWS\System32\SETUPAPI.dll
0x00007ffd13bc0000 - 0x00007ffd13bed000 	C:\WINDOWS\SYSTEM32\DEVOBJ.dll

dbghelp: loaded successfully - version: 4.0.5 - missing functions: none
symbol engine: initialized successfully - sym options: 0x614 - pdb path: .;C:\Program Files\Java\jdk-23\bin;C:\WINDOWS\SYSTEM32;C:\WINDOWS\WinSxS\amd64_microsoft.windows.common-controls_6595b64144ccf1df_6.0.26100.7019_none_3e06ffa0e335b8a8;C:\Program Files\Java\jdk-23\bin\server;C:\Users\dipht\.openjfx\cache\21.0.1+6\amd64;C:\WINDOWS\System32\DriverStore\FileRepository\iigd_dch.inf_amd64_a9b506373dea7676;C:\Program Files\Common Files\Microsoft Shared\Ink

VM Arguments:
jvm_args: -javaagent:D:\Ki2_Nam2\Chuyen_de_1\IntelliJ IDEA 2024.3.4.1\lib\idea_rt.jar=56921 -Dfile.encoding=UTF-8 -Dsun.stdout.encoding=UTF-8 -Dsun.stderr.encoding=UTF-8 --module-path=C:\Users\dipht\.m2\repository\org\openjfx\javafx-controls\21.0.1\javafx-controls-21.0.1-win.jar;D:\Nam3_Ki1\laptrinhmang\EducationalGameNetwork\Client\target\classes;C:\Users\dipht\.m2\repository\org\openjfx\javafx-base\21.0.1\javafx-base-21.0.1-win.jar;C:\Users\dipht\.m2\repository\org\openjfx\javafx-graphics\21.0.1\javafx-graphics-21.0.1-win.jar;C:\Users\dipht\.m2\repository\de\jensd\fontawesomefx\8.9\fontawesomefx-8.9.jar;C:\Users\dipht\.m2\repository\org\openjfx\javafx-media\21.0.1\javafx-media-21.0.1-win.jar;D:\Nam3_Ki1\laptrinhmang\EducationalGameNetwork\Common\target\classes;C:\Users\dipht\.m2\repository\org\openjfx\javafx-fxml\21.0.1\javafx-fxml-21.0.1-win.jar;C:\Users\dipht\.m2\repository\com\google\code\gson\gson\2.10.1\gson-2.10.1.jar -Djdk.module.main=com.edugame.client 
java_command: com.edugame.client/com.edugame.client.ClientMain
java_class_path (initial): C:\Users\dipht\.m2\repository\org\openjfx\javafx-controls\21.0.1\javafx-controls-21.0.1.jar;C:\Users\dipht\.m2\repository\org\openjfx\javafx-graphics\21.0.1\javafx-graphics-21.0.1.jar;C:\Users\dipht\.m2\repository\org\openjfx\javafx-base\21.0.1\javafx-base-21.0.1.jar;C:\Users\dipht\.m2\repository\org\openjfx\javafx-fxml\21.0.1\javafx-fxml-21.0.1.jar;C:\Users\dipht\.m2\repository\org\openjfx\javafx-media\21.0.1\javafx-media-21.0.1.jar;C:\Users\dipht\.m2\repository\org\slf4j\slf4j-api\2.0.9\slf4j-api-2.0.9.jar;C:\Users\dipht\.m2\repository\ch\qos\logback\logback-classic\1.4.14\logback-classic-1.4.14.jar;C:\Users\dipht\.m2\repository\ch\qos\logback\logback-core\1.4.14\logback-core-1.4.14.jar
Launcher Type: SUN_STANDARD

[Global flags]
     intx CICompilerCount                          = 4                                         {product} {ergonomic}
     uint ConcGCThreads                            = 3                                         {product} {ergonomic}
     uint G1ConcRefinementThreads                  = 10                                        {product} {ergonomic}
   size_t G1HeapRegionSize                         = 2097152                                   {product} {ergonomic}
   size_t InitialHeapSize                          = 264241152                                 {product} {ergonomic}
   size_t MarkStackSize                            = 4194304                                   {product} {ergonomic}
   size_t MarkStackSizeMax                         = 536870912                                 {product} {ergonomic}
   size_t MaxHeapSize                              = 4219469824                                {product} {ergonomic}
   size_t MaxNewSize                               = 2531262464                                {product} {ergonomic}
   size_t MinHeapDeltaBytes                        = 2097152                                   {product} {ergonomic}
   size_t MinHeapSize                              = 8388608                                   {product} {ergonomic}
    uintx NonNMethodCodeHeapSize                   = 5832704                                {pd product} {ergonomic}
    uintx NonProfiledCodeHeapSize                  = 122945536                              {pd product} {ergonomic}
    uintx ProfiledCodeHeapSize                     = 122880000                              {pd product} {ergonomic}
    uintx ReservedCodeCacheSize                    = 251658240                              {pd product} {ergonomic}
     bool SegmentedCodeCache                       = true                                      {product} {ergonomic}
   size_t SoftMaxHeapSize                          = 4219469824                             {manageable} {ergonomic}
     bool UseCompressedOops                        = true                           {product lp64_product} {ergonomic}
     bool UseG1GC                                  = true                                      {product} {ergonomic}
     bool UseLargePagesIndividualAllocation        = false                                  {pd product} {ergonomic}

Logging:
Log output configuration:
 #0: stdout all=warning uptime,level,tags foldmultilines=false
 #1: stderr all=off uptime,level,tags foldmultilines=false

Environment Variables:
JAVA_HOME=C:\Program Files\Java\jdk-23
PATH=C:\Program Files\Microsoft MPI\Bin\;C:\Program Files (x86)\VMware\VMware Workstation\bin\;C:\Python313\Scripts\;C:\Python313\;C:\Program Files\Common Files\Oracle\Java\javapath;C:\WINDOWS\system32;C:\WINDOWS;C:\WINDOWS\System32\Wbem;C:\WINDOWS\System32\WindowsPowerShell\v1.0\;C:\WINDOWS\System32\OpenSSH\;C:\Program Files\Git\cmd;C:\Program Files\Java\jdk-23\bin;C:\Program Files\apache-maven-3.9.9\bin;C:\Program Files\MySQL\MySQL Server 8.0\bin;C:\Program Files\Cloudflare\Cloudflare WARP\;C:\ProgramData\chocolatey\bin;C:\Program Files\nodejs\;D:\flutter\flutter\bin;C:\Program Files (x86)\Microsoft SQL Server\160\Tools\Binn\;C:\Program Files\Microsoft SQL Server\160\Tools\Binn\;C:\Program Files\Microsoft SQL Server\Client SDK\ODBC\170\Tools\Binn\;C:\Program Files\Microsoft SQL Server\160\DTS\Binn\;C:\Program Files\Microsoft SQL Server\150\Tools\Binn\;C:\Program Files\Microsoft SQL Server\130\DTS\Binn\;C:\Program Files\Microsoft SQL Server\140\DTS\Binn\;C:\Program Files\Microsoft SQL Server\150\DTS\Binn\;C:\Program Files\Microsoft SQL Server\170\DTS\Binn\;C:\Program Files (x86)\cloudflared\;C:\Users\dipht\AppData\Local\Programs\Python\Python312\Scripts\;C:\Users\dipht\AppData\Local\Programs\Python\Python312\;C:\Program Files\MySQL\MySQL Shell 8.0\bin\;C:\Users\dipht\AppData\Local\Microsoft\WindowsApps;C:\msys64\ucrt64\bin;C:\Program Files\Java\jdk-23\bin;C:\Users\dipht\AppData\Local\Programs\Microsoft VS Code\bin;C:\Users\dipht\AppData\Roaming\npm;C:\ngrok;C:\Python313;C:\Program Files\JetBrains\PyCharm 2025.1.1.1\bin;;C:\Users\dipht\AppData\Roaming\Python\Python313\Scripts;
USERNAME=dipht
OS=Windows_NT
PROCESSOR_IDENTIFIER=Intel64 Family 6 Model 154 Stepping 3, GenuineIntel
TMP=C:\Users\dipht\AppData\Local\Temp
TEMP=C:\Users\dipht\AppData\Local\Temp




Periodic native trim disabled

---------------  S Y S T E M  ---------------

OS:
 Windows 11 , 64 bit Build 26100 (10.0.26100.7019)
OS uptime: 0 days 2:58 hours

CPU: total 12 (initial active 12) (6 cores per cpu, 2 threads per core) family 6 model 154 stepping 3 microcode 0x419, cx8, cmov, fxsr, ht, mmx, 3dnowpref, sse, sse2, sse3, ssse3, sse4.1, sse4.2, popcnt, lzcnt, tsc, tscinvbit, avx, avx2, aes, erms, clmul, bmi1, bmi2, adx, sha, fma, vzeroupper, clflush, clflushopt, clwb, serialize, rdtscp, rdpid, fsrm, gfni, f16c, pku, cet_ibt, cet_ss
Processor Information for processor 0
  Max Mhz: 2000, Current Mhz: 1520, Mhz Limit: 2000
Processor Information for processor 1
  Max Mhz: 2000, Current Mhz: 1520, Mhz Limit: 2000
Processor Information for processor 2
  Max Mhz: 2000, Current Mhz: 2000, Mhz Limit: 2000
Processor Information for processor 3
  Max Mhz: 2000, Current Mhz: 2000, Mhz Limit: 2000
Processor Information for processor 4
  Max Mhz: 2000, Current Mhz: 2000, Mhz Limit: 2000
Processor Information for processor 5
  Max Mhz: 2000, Current Mhz: 2000, Mhz Limit: 2000
Processor Information for processor 6
  Max Mhz: 2000, Current Mhz: 1520, Mhz Limit: 2000
Processor Information for processor 7
  Max Mhz: 2000, Current Mhz: 2000, Mhz Limit: 2000
Processor Information for processor 8
  Max Mhz: 2000, Current Mhz: 1500, Mhz Limit: 1500
Processor Information for processor 9
  Max Mhz: 2000, Current Mhz: 1500, Mhz Limit: 1500
Processor Information for processor 10
  Max Mhz: 2000, Current Mhz: 1500, Mhz Limit: 1500
Processor Information for processor 11
  Max Mhz: 2000, Current Mhz: 1500, Mhz Limit: 1500

Memory: 4k page, system-wide physical 16088M (938M free)
TotalPageFile size 26088M (AvailPageFile size 144M)
current process WorkingSet (physical memory assigned to process): 480M, peak: 512M
current process commit charge ("private bytes"): 518M, peak: 552M

vm_info: Java HotSpot(TM) 64-Bit Server VM (23.0.1+11-39) for windows-amd64 JRE (23.0.1+11-39), built on 2024-09-30T07:20:43Z with MS VC++ 17.6 (VS2022)

END.
